Built target ament_cmake_python_copy_autonoumous_navigation
running egg_info
writing autonoumous_navigation.egg-info/PKG-INFO
writing dependency_links to autonoumous_navigation.egg-info/dependency_links.txt
writing top-level names to autonoumous_navigation.egg-info/top_level.txt
reading manifest file 'autonoumous_navigation.egg-info/SOURCES.txt'
writing manifest file 'autonoumous_navigation.egg-info/SOURCES.txt'
Built target ament_cmake_python_build_autonoumous_navigation_egg
-- Install configuration: ""
-- Up-to-date: /home/saun/ctrl_mr_dynamic/install/autonoumous_navigation/share/autonoumous_navigation/environment/pythonpath.sh
-- Up-to-date: /home/saun/ctrl_mr_dynamic/install/autonoumous_navigation/share/autonoumous_navigation/environment/pythonpath.dsv
-- Up-to-date: /home/saun/ctrl_mr_dynamic/install/autonoumous_navigation/local/lib/python3.10/dist-packages/autonoumous_navigation-1.0.0-py3.10.egg-info
-- Installing: /home/saun/ctrl_mr_dynamic/install/autonoumous_navigation/local/lib/python3.10/dist-packages/autonoumous_navigation-1.0.0-py3.10.egg-info/dependency_links.txt
-- Installing: /home/saun/ctrl_mr_dynamic/install/autonoumous_navigation/local/lib/python3.10/dist-packages/autonoumous_navigation-1.0.0-py3.10.egg-info/top_level.txt
-- Installing: /home/saun/ctrl_mr_dynamic/install/autonoumous_navigation/local/lib/python3.10/dist-packages/autonoumous_navigation-1.0.0-py3.10.egg-info/SOURCES.txt
-- Installing: /home/saun/ctrl_mr_dynamic/install/autonoumous_navigation/local/lib/python3.10/dist-packages/autonoumous_navigation-1.0.0-py3.10.egg-info/PKG-INFO
-- Up-to-date: /home/saun/ctrl_mr_dynamic/install/autonoumous_navigation/local/lib/python3.10/dist-packages/autonoumous_navigation
-- Up-to-date: /home/saun/ctrl_mr_dynamic/install/autonoumous_navigation/local/lib/python3.10/dist-packages/autonoumous_navigation/__init__.py
Listing '/home/saun/ctrl_mr_dynamic/install/autonoumous_navigation/local/lib/python3.10/dist-packages/autonoumous_navigation'...
-- Up-to-date: /home/saun/ctrl_mr_dynamic/install/autonoumous_navigation/share/autonoumous_navigation/launch
-- Up-to-date: /home/saun/ctrl_mr_dynamic/install/autonoumous_navigation/share/autonoumous_navigation/launch/merge_maps_kinematic_launch.py
-- Up-to-date: /home/saun/ctrl_mr_dynamic/install/autonoumous_navigation/share/autonoumous_navigation/launch/online_sync_launch.py
-- Up-to-date: /home/saun/ctrl_mr_dynamic/install/autonoumous_navigation/share/autonoumous_navigation/launch/navigation_real.launch.py
-- Up-to-date: /home/saun/ctrl_mr_dynamic/install/autonoumous_navigation/share/autonoumous_navigation/launch/slam_gazebo.launch.py
-- Up-to-date: /home/saun/ctrl_mr_dynamic/install/autonoumous_navigation/share/autonoumous_navigation/launch/online_sync_launch_real.py
-- Up-to-date: /home/saun/ctrl_mr_dynamic/install/autonoumous_navigation/share/autonoumous_navigation/launch/online_async_launch.py
-- Up-to-date: /home/saun/ctrl_mr_dynamic/install/autonoumous_navigation/share/autonoumous_navigation/launch/lifelong_launch.py
-- Up-to-date: /home/saun/ctrl_mr_dynamic/install/autonoumous_navigation/share/autonoumous_navigation/launch/offline_launch.py
-- Up-to-date: /home/saun/ctrl_mr_dynamic/install/autonoumous_navigation/share/autonoumous_navigation/launch/slam_real.launch.py
-- Up-to-date: /home/saun/ctrl_mr_dynamic/install/autonoumous_navigation/share/autonoumous_navigation/launch/online_async_launch_real.py
-- Up-to-date: /home/saun/ctrl_mr_dynamic/install/autonoumous_navigation/share/autonoumous_navigation/launch/navigation_gazebo.launch.py
-- Up-to-date: /home/saun/ctrl_mr_dynamic/install/autonoumous_navigation/share/autonoumous_navigation/launch/localization_launch.py
-- Up-to-date: /home/saun/ctrl_mr_dynamic/install/autonoumous_navigation/share/autonoumous_navigation/config
-- Up-to-date: /home/saun/ctrl_mr_dynamic/install/autonoumous_navigation/share/autonoumous_navigation/config/mapper_params_online_async.yaml
-- Up-to-date: /home/saun/ctrl_mr_dynamic/install/autonoumous_navigation/share/autonoumous_navigation/config/mapper_params_online_sync.yaml
-- Up-to-date: /home/saun/ctrl_mr_dynamic/install/autonoumous_navigation/share/autonoumous_navigation/config/slam_toolbox_default.rviz
-- Up-to-date: /home/saun/ctrl_mr_dynamic/install/autonoumous_navigation/share/autonoumous_navigation/config/nrsl_real.yaml
-- Up-to-date: /home/saun/ctrl_mr_dynamic/install/autonoumous_navigation/share/autonoumous_navigation/config/mapper_params_online_sync_real.yaml
-- Up-to-date: /home/saun/ctrl_mr_dynamic/install/autonoumous_navigation/share/autonoumous_navigation/config/nrsl.yaml
-- Up-to-date: /home/saun/ctrl_mr_dynamic/install/autonoumous_navigation/share/autonoumous_navigation/config/mapper_params_online_async_real.yaml
-- Up-to-date: /home/saun/ctrl_mr_dynamic/install/autonoumous_navigation/share/autonoumous_navigation/config/params.yaml
-- Up-to-date: /home/saun/ctrl_mr_dynamic/install/autonoumous_navigation/share/autonoumous_navigation/config/mapper_params_lifelong.yaml
-- Up-to-date: /home/saun/ctrl_mr_dynamic/install/autonoumous_navigation/share/autonoumous_navigation/config/mapper_params_localization.yaml
-- Up-to-date: /home/saun/ctrl_mr_dynamic/install/autonoumous_navigation/share/autonoumous_navigation/config/mapper_params_offline.yaml
-- Up-to-date: /home/saun/ctrl_mr_dynamic/install/autonoumous_navigation/share/autonoumous_navigation/maps
-- Up-to-date: /home/saun/ctrl_mr_dynamic/install/autonoumous_navigation/share/autonoumous_navigation/maps/simulation_map.yaml
-- Up-to-date: /home/saun/ctrl_mr_dynamic/install/autonoumous_navigation/share/autonoumous_navigation/maps/map.pgm
-- Up-to-date: /home/saun/ctrl_mr_dynamic/install/autonoumous_navigation/share/autonoumous_navigation/maps/simulation_map.pgm
-- Up-to-date: /home/saun/ctrl_mr_dynamic/install/autonoumous_navigation/share/autonoumous_navigation/maps/simulation_map2.pgm
-- Up-to-date: /home/saun/ctrl_mr_dynamic/install/autonoumous_navigation/share/autonoumous_navigation/maps/map.yaml
-- Up-to-date: /home/saun/ctrl_mr_dynamic/install/autonoumous_navigation/share/autonoumous_navigation/maps/simulation_map2.yaml
-- Up-to-date: /home/saun/ctrl_mr_dynamic/install/autonoumous_navigation/share/autonoumous_navigation/rviz
-- Up-to-date: /home/saun/ctrl_mr_dynamic/install/autonoumous_navigation/share/autonoumous_navigation/rviz/navigation2.rviz
-- Up-to-date: /home/saun/ctrl_mr_dynamic/install/autonoumous_navigation/share/autonoumous_navigation/rviz/slam.rviz
-- Up-to-date: /home/saun/ctrl_mr_dynamic/install/autonoumous_navigation/share/ament_index/resource_index/package_run_dependencies/autonoumous_navigation
-- Up-to-date: /home/saun/ctrl_mr_dynamic/install/autonoumous_navigation/share/ament_index/resource_index/parent_prefix_path/autonoumous_navigation
-- Up-to-date: /home/saun/ctrl_mr_dynamic/install/autonoumous_navigation/share/autonoumous_navigation/environment/ament_prefix_path.sh
-- Up-to-date: /home/saun/ctrl_mr_dynamic/install/autonoumous_navigation/share/autonoumous_navigation/environment/ament_prefix_path.dsv
-- Up-to-date: /home/saun/ctrl_mr_dynamic/install/autonoumous_navigation/share/autonoumous_navigation/environment/path.sh
-- Up-to-date: /home/saun/ctrl_mr_dynamic/install/autonoumous_navigation/share/autonoumous_navigation/environment/path.dsv
-- Up-to-date: /home/saun/ctrl_mr_dynamic/install/autonoumous_navigation/share/autonoumous_navigation/local_setup.bash
-- Up-to-date: /home/saun/ctrl_mr_dynamic/install/autonoumous_navigation/share/autonoumous_navigation/local_setup.sh
-- Up-to-date: /home/saun/ctrl_mr_dynamic/install/autonoumous_navigation/share/autonoumous_navigation/local_setup.zsh
-- Up-to-date: /home/saun/ctrl_mr_dynamic/install/autonoumous_navigation/share/autonoumous_navigation/local_setup.dsv
-- Installing: /home/saun/ctrl_mr_dynamic/install/autonoumous_navigation/share/autonoumous_navigation/package.dsv
-- Up-to-date: /home/saun/ctrl_mr_dynamic/install/autonoumous_navigation/share/ament_index/resource_index/packages/autonoumous_navigation
-- Up-to-date: /home/saun/ctrl_mr_dynamic/install/autonoumous_navigation/share/autonoumous_navigation/cmake/autonoumous_navigationConfig.cmake
-- Up-to-date: /home/saun/ctrl_mr_dynamic/install/autonoumous_navigation/share/autonoumous_navigation/cmake/autonoumous_navigationConfig-version.cmake
-- Up-to-date: /home/saun/ctrl_mr_dynamic/install/autonoumous_navigation/share/autonoumous_navigation/package.xml
