running egg_info
creating ../../build/force_control_exp/force_control_exp.egg-info
writing ../../build/force_control_exp/force_control_exp.egg-info/PKG-INFO
writing dependency_links to ../../build/force_control_exp/force_control_exp.egg-info/dependency_links.txt
writing entry points to ../../build/force_control_exp/force_control_exp.egg-info/entry_points.txt
writing requirements to ../../build/force_control_exp/force_control_exp.egg-info/requires.txt
writing top-level names to ../../build/force_control_exp/force_control_exp.egg-info/top_level.txt
writing manifest file '../../build/force_control_exp/force_control_exp.egg-info/SOURCES.txt'
reading manifest file '../../build/force_control_exp/force_control_exp.egg-info/SOURCES.txt'
adding license file 'LICENSE'
writing manifest file '../../build/force_control_exp/force_control_exp.egg-info/SOURCES.txt'
running build
running build_py
creating /home/saun/ctrl_mr_dynamic/build/force_control_exp/build
creating /home/saun/ctrl_mr_dynamic/build/force_control_exp/build/lib
creating /home/saun/ctrl_mr_dynamic/build/force_control_exp/build/lib/force_control_exp
copying force_control_exp/dynamic_updater.py -> /home/saun/ctrl_mr_dynamic/build/force_control_exp/build/lib/force_control_exp
copying force_control_exp/__init__.py -> /home/saun/ctrl_mr_dynamic/build/force_control_exp/build/lib/force_control_exp
running install
running install_lib
creating /home/saun/ctrl_mr_dynamic/install/force_control_exp/lib/python3.10/site-packages/force_control_exp
copying /home/saun/ctrl_mr_dynamic/build/force_control_exp/build/lib/force_control_exp/dynamic_updater.py -> /home/saun/ctrl_mr_dynamic/install/force_control_exp/lib/python3.10/site-packages/force_control_exp
copying /home/saun/ctrl_mr_dynamic/build/force_control_exp/build/lib/force_control_exp/__init__.py -> /home/saun/ctrl_mr_dynamic/install/force_control_exp/lib/python3.10/site-packages/force_control_exp
byte-compiling /home/saun/ctrl_mr_dynamic/install/force_control_exp/lib/python3.10/site-packages/force_control_exp/dynamic_updater.py to dynamic_updater.cpython-310.pyc
byte-compiling /home/saun/ctrl_mr_dynamic/install/force_control_exp/lib/python3.10/site-packages/force_control_exp/__init__.py to __init__.cpython-310.pyc
running install_data
creating /home/saun/ctrl_mr_dynamic/install/force_control_exp/share/ament_index
creating /home/saun/ctrl_mr_dynamic/install/force_control_exp/share/ament_index/resource_index
creating /home/saun/ctrl_mr_dynamic/install/force_control_exp/share/ament_index/resource_index/packages
copying resource/force_control_exp -> /home/saun/ctrl_mr_dynamic/install/force_control_exp/share/ament_index/resource_index/packages
copying package.xml -> /home/saun/ctrl_mr_dynamic/install/force_control_exp/share/force_control_exp
running install_egg_info
Copying ../../build/force_control_exp/force_control_exp.egg-info to /home/saun/ctrl_mr_dynamic/install/force_control_exp/lib/python3.10/site-packages/force_control_exp-0.0.0-py3.10.egg-info
running install_scripts
Installing force_control_exp_node script to /home/saun/ctrl_mr_dynamic/install/force_control_exp/lib/force_control_exp
writing list of installed files to '/home/saun/ctrl_mr_dynamic/build/force_control_exp/install.log'
