[1.468s] Invoking command in '/home/saun/ctrl_mr_dynamic/src/force_control_exp': PYTHONPATH=/home/saun/ctrl_mr_dynamic/build/force_control_exp/prefix_override:/usr/lib/python3/dist-packages/colcon_core/task/python/colcon_distutils_commands:/home/saun/ctrl_mr_dynamic/install/force_control_exp/lib/python3.10/site-packages:${PYTHONPATH} /usr/bin/python3 -W ignore:setup.py install is deprecated setup.py egg_info --egg-base ../../build/force_control_exp build --build-base /home/saun/ctrl_mr_dynamic/build/force_control_exp/build install --record /home/saun/ctrl_mr_dynamic/build/force_control_exp/install.log --single-version-externally-managed install_data
[3.612s] running egg_info
[3.612s] creating ../../build/force_control_exp/force_control_exp.egg-info
[3.612s] writing ../../build/force_control_exp/force_control_exp.egg-info/PKG-INFO
[3.613s] writing dependency_links to ../../build/force_control_exp/force_control_exp.egg-info/dependency_links.txt
[3.613s] writing entry points to ../../build/force_control_exp/force_control_exp.egg-info/entry_points.txt
[3.615s] writing requirements to ../../build/force_control_exp/force_control_exp.egg-info/requires.txt
[3.616s] writing top-level names to ../../build/force_control_exp/force_control_exp.egg-info/top_level.txt
[3.616s] writing manifest file '../../build/force_control_exp/force_control_exp.egg-info/SOURCES.txt'
[3.616s] reading manifest file '../../build/force_control_exp/force_control_exp.egg-info/SOURCES.txt'
[3.617s] adding license file 'LICENSE'
[3.617s] writing manifest file '../../build/force_control_exp/force_control_exp.egg-info/SOURCES.txt'
[3.617s] running build
[3.618s] running build_py
[3.618s] creating /home/saun/ctrl_mr_dynamic/build/force_control_exp/build
[3.618s] creating /home/saun/ctrl_mr_dynamic/build/force_control_exp/build/lib
[3.618s] creating /home/saun/ctrl_mr_dynamic/build/force_control_exp/build/lib/force_control_exp
[3.618s] copying force_control_exp/dynamic_updater.py -> /home/saun/ctrl_mr_dynamic/build/force_control_exp/build/lib/force_control_exp
[3.622s] copying force_control_exp/__init__.py -> /home/saun/ctrl_mr_dynamic/build/force_control_exp/build/lib/force_control_exp
[3.623s] running install
[3.623s] running install_lib
[3.623s] creating /home/saun/ctrl_mr_dynamic/install/force_control_exp/lib/python3.10/site-packages/force_control_exp
[3.623s] copying /home/saun/ctrl_mr_dynamic/build/force_control_exp/build/lib/force_control_exp/dynamic_updater.py -> /home/saun/ctrl_mr_dynamic/install/force_control_exp/lib/python3.10/site-packages/force_control_exp
[3.623s] copying /home/saun/ctrl_mr_dynamic/build/force_control_exp/build/lib/force_control_exp/__init__.py -> /home/saun/ctrl_mr_dynamic/install/force_control_exp/lib/python3.10/site-packages/force_control_exp
[3.623s] byte-compiling /home/saun/ctrl_mr_dynamic/install/force_control_exp/lib/python3.10/site-packages/force_control_exp/dynamic_updater.py to dynamic_updater.cpython-310.pyc
[3.623s] byte-compiling /home/saun/ctrl_mr_dynamic/install/force_control_exp/lib/python3.10/site-packages/force_control_exp/__init__.py to __init__.cpython-310.pyc
[3.624s] running install_data
[3.624s] creating /home/saun/ctrl_mr_dynamic/install/force_control_exp/share/ament_index
[3.624s] creating /home/saun/ctrl_mr_dynamic/install/force_control_exp/share/ament_index/resource_index
[3.624s] creating /home/saun/ctrl_mr_dynamic/install/force_control_exp/share/ament_index/resource_index/packages
[3.624s] copying resource/force_control_exp -> /home/saun/ctrl_mr_dynamic/install/force_control_exp/share/ament_index/resource_index/packages
[3.624s] copying package.xml -> /home/saun/ctrl_mr_dynamic/install/force_control_exp/share/force_control_exp
[3.624s] running install_egg_info
[3.624s] Copying ../../build/force_control_exp/force_control_exp.egg-info to /home/saun/ctrl_mr_dynamic/install/force_control_exp/lib/python3.10/site-packages/force_control_exp-0.0.0-py3.10.egg-info
[3.625s] running install_scripts
[3.625s] Installing force_control_exp_node script to /home/saun/ctrl_mr_dynamic/install/force_control_exp/lib/force_control_exp
[3.625s] writing list of installed files to '/home/saun/ctrl_mr_dynamic/build/force_control_exp/install.log'
[3.656s] Invoked command in '/home/saun/ctrl_mr_dynamic/src/force_control_exp' returned '0': PYTHONPATH=/home/saun/ctrl_mr_dynamic/build/force_control_exp/prefix_override:/usr/lib/python3/dist-packages/colcon_core/task/python/colcon_distutils_commands:/home/saun/ctrl_mr_dynamic/install/force_control_exp/lib/python3.10/site-packages:${PYTHONPATH} /usr/bin/python3 -W ignore:setup.py install is deprecated setup.py egg_info --egg-base ../../build/force_control_exp build --build-base /home/saun/ctrl_mr_dynamic/build/force_control_exp/build install --record /home/saun/ctrl_mr_dynamic/build/force_control_exp/install.log --single-version-externally-managed install_data
