[2.659s] Invoking command in '/home/saun/ctrl_mr_dynamic/src/differential_robot': PYTHONPATH=/home/saun/ctrl_mr_dynamic/build/differential_robot/prefix_override:/usr/lib/python3/dist-packages/colcon_core/task/python/colcon_distutils_commands:/home/saun/ctrl_mr_dynamic/install/differential_robot/lib/python3.10/site-packages:${PYTHONPATH} /usr/bin/python3 -W ignore:setup.py install is deprecated setup.py egg_info --egg-base ../../build/differential_robot build --build-base /home/saun/ctrl_mr_dynamic/build/differential_robot/build install --record /home/saun/ctrl_mr_dynamic/build/differential_robot/install.log --single-version-externally-managed install_data
[3.301s] running egg_info
[3.303s] writing ../../build/differential_robot/differential_robot.egg-info/PKG-INFO
[3.303s] writing dependency_links to ../../build/differential_robot/differential_robot.egg-info/dependency_links.txt
[3.303s] writing entry points to ../../build/differential_robot/differential_robot.egg-info/entry_points.txt
[3.304s] writing requirements to ../../build/differential_robot/differential_robot.egg-info/requires.txt
[3.304s] writing top-level names to ../../build/differential_robot/differential_robot.egg-info/top_level.txt
[3.311s] reading manifest file '../../build/differential_robot/differential_robot.egg-info/SOURCES.txt'
[3.313s] writing manifest file '../../build/differential_robot/differential_robot.egg-info/SOURCES.txt'
[3.313s] running build
[3.313s] running build_py
[3.313s] running install
[3.314s] running install_lib
[3.317s] running install_data
[3.317s] copying launch/classic_spawn_diffbot.launch.py -> /home/saun/ctrl_mr_dynamic/install/differential_robot/share/differential_robot/launch
[3.319s] running install_egg_info
[3.324s] removing '/home/saun/ctrl_mr_dynamic/install/differential_robot/lib/python3.10/site-packages/differential_robot-0.0.0-py3.10.egg-info' (and everything under it)
[3.325s] Copying ../../build/differential_robot/differential_robot.egg-info to /home/saun/ctrl_mr_dynamic/install/differential_robot/lib/python3.10/site-packages/differential_robot-0.0.0-py3.10.egg-info
[3.327s] running install_scripts
[3.387s] writing list of installed files to '/home/saun/ctrl_mr_dynamic/build/differential_robot/install.log'
[3.510s] Invoked command in '/home/saun/ctrl_mr_dynamic/src/differential_robot' returned '0': PYTHONPATH=/home/saun/ctrl_mr_dynamic/build/differential_robot/prefix_override:/usr/lib/python3/dist-packages/colcon_core/task/python/colcon_distutils_commands:/home/saun/ctrl_mr_dynamic/install/differential_robot/lib/python3.10/site-packages:${PYTHONPATH} /usr/bin/python3 -W ignore:setup.py install is deprecated setup.py egg_info --egg-base ../../build/differential_robot build --build-base /home/saun/ctrl_mr_dynamic/build/differential_robot/build install --record /home/saun/ctrl_mr_dynamic/build/differential_robot/install.log --single-version-externally-managed install_data
