Traceback (most recent call last):
  File "/home/saun/ctrl_mr_dynamic/build/object_detection/ament_cmake_python/object_detection/setup.py", line 1, in <module>
    from setuptools import find_packages
  File "/usr/lib/python3/dist-packages/setuptools/__init__.py", line 16, in <module>
    import setuptools.version
  File "/usr/lib/python3/dist-packages/setuptools/version.py", line 1, in <module>
    import pkg_resources
  File "/usr/lib/python3/dist-packages/pkg_resources/__init__.py", line 78, in <module>
    __import__('pkg_resources.extern.packaging.requirements')
  File "/usr/lib/python3/dist-packages/pkg_resources/_vendor/packaging/requirements.py", line 10, in <module>
    from pkg_resources.extern.pyparsing import (  # noqa
  File "<frozen importlib._bootstrap>", line 1027, in _find_and_load
  File "<frozen importlib._bootstrap>", line 1006, in _find_and_load_unlocked
  File "<frozen importlib._bootstrap>", line 674, in _load_unlocked
  File "<frozen importlib._bootstrap>", line 571, in module_from_spec
  File "/usr/lib/python3/dist-packages/pkg_resources/extern/__init__.py", line 52, in create_module
    return self.load_module(spec.name)
  File "/usr/lib/python3/dist-packages/pkg_resources/extern/__init__.py", line 37, in load_module
    __import__(extant)
  File "/usr/lib/python3/dist-packages/pkg_resources/_vendor/pyparsing.py", line 4756, in <module>
    _escapedPunc = Word( _bslash, r"\[]-*.$+^?()~ ", exact=2 ).setParseAction(lambda s,l,t:t[0][1])
  File "/usr/lib/python3/dist-packages/pkg_resources/_vendor/pyparsing.py", line 1284, in setParseAction
    self.parseAction = list(map(_trim_arity, list(fns)))
  File "/usr/lib/python3/dist-packages/pkg_resources/_vendor/pyparsing.py", line 1066, in _trim_arity
    this_line = extract_stack(limit=2)[-1]
  File "/usr/lib/python3/dist-packages/pkg_resources/_vendor/pyparsing.py", line 1050, in extract_stack
    frame_summary = traceback.extract_stack(limit=-offset+limit-1)[offset]
  File "/usr/lib/python3.10/traceback.py", line 227, in extract_stack
    stack = StackSummary.extract(walk_stack(f), limit=limit)
  File "/usr/lib/python3.10/traceback.py", line 383, in extract
    f.line
  File "/usr/lib/python3.10/traceback.py", line 306, in line
    self._line = linecache.getline(self.filename, self.lineno)
  File "/usr/lib/python3.10/linecache.py", line 30, in getline
    lines = getlines(filename, module_globals)
  File "/usr/lib/python3.10/linecache.py", line 46, in getlines
    return updatecache(filename, module_globals)
  File "/usr/lib/python3.10/linecache.py", line 137, in updatecache
    lines = fp.readlines()
  File "/usr/lib/python3.10/codecs.py", line 319, in decode
    def decode(self, input, final=False):
KeyboardInterrupt
gmake[2]: *** [CMakeFiles/ament_cmake_python_build_object_detection_egg.dir/build.make:70: CMakeFiles/ament_cmake_python_build_object_detection_egg] Interrupt
gmake[1]: *** [CMakeFiles/Makefile2:164: CMakeFiles/ament_cmake_python_build_object_detection_egg.dir/all] Interrupt
gmake: *** [Makefile:146: all] Interrupt
