[0.711s] Invoking command in '/home/saun/ctrl_mr_dynamic/build/object_detection': CMAKE_PREFIX_PATH=${CMAKE_PREFIX_PATH}:/home/saun/ctrl_mr_dynamic/install/simple_control_pkg:/home/saun/ctrl_mr_dynamic/install/force_control_exp:/home/saun/ctrl_mr_dynamic/install/differential_robot:/opt/ros/humble /usr/bin/cmake --build /home/saun/ctrl_mr_dynamic/build/object_detection -- -j8 -l8
[0.846s] Built target ament_cmake_python_copy_object_detection
[1.058s] Traceback (most recent call last):
[1.058s]   File "/home/saun/ctrl_mr_dynamic/build/object_detection/ament_cmake_python/object_detection/setup.py", line 1, in <module>
[1.058s]     from setuptools import find_packages
[1.059s]   File "/usr/lib/python3/dist-packages/setuptools/__init__.py", line 16, in <module>
[1.059s]     import setuptools.version
[1.060s]   File "/usr/lib/python3/dist-packages/setuptools/version.py", line 1, in <module>
[1.061s]     import pkg_resources
[1.061s]   File "/usr/lib/python3/dist-packages/pkg_resources/__init__.py", line 78, in <module>
[1.062s]     __import__('pkg_resources.extern.packaging.requirements')
[1.062s]   File "/usr/lib/python3/dist-packages/pkg_resources/_vendor/packaging/requirements.py", line 10, in <module>
[1.063s]     from pkg_resources.extern.pyparsing import (  # noqa
[1.064s]   File "<frozen importlib._bootstrap>", line 1027, in _find_and_load
[1.071s]   File "<frozen importlib._bootstrap>", line 1006, in _find_and_load_unlocked
[1.071s]   File "<frozen importlib._bootstrap>", line 674, in _load_unlocked
[1.071s]   File "<frozen importlib._bootstrap>", line 571, in module_from_spec
[1.071s]   File "/usr/lib/python3/dist-packages/pkg_resources/extern/__init__.py", line 52, in create_module
[1.071s]     return self.load_module(spec.name)
[1.076s]   File "/usr/lib/python3/dist-packages/pkg_resources/extern/__init__.py", line 37, in load_module
[1.076s]     __import__(extant)
[1.076s]   File "/usr/lib/python3/dist-packages/pkg_resources/_vendor/pyparsing.py", line 4756, in <module>
[1.084s]     _escapedPunc = Word( _bslash, r"\[]-*.$+^?()~ ", exact=2 ).setParseAction(lambda s,l,t:t[0][1])
[1.085s]   File "/usr/lib/python3/dist-packages/pkg_resources/_vendor/pyparsing.py", line 1284, in setParseAction
[1.085s]     self.parseAction = list(map(_trim_arity, list(fns)))
[1.086s]   File "/usr/lib/python3/dist-packages/pkg_resources/_vendor/pyparsing.py", line 1066, in _trim_arity
[1.087s]     this_line = extract_stack(limit=2)[-1]
[1.087s]   File "/usr/lib/python3/dist-packages/pkg_resources/_vendor/pyparsing.py", line 1050, in extract_stack
[1.087s]     frame_summary = traceback.extract_stack(limit=-offset+limit-1)[offset]
[1.087s]   File "/usr/lib/python3.10/traceback.py", line 227, in extract_stack
[1.088s]     stack = StackSummary.extract(walk_stack(f), limit=limit)
[1.088s]   File "/usr/lib/python3.10/traceback.py", line 383, in extract
[1.088s]     f.line
[1.088s]   File "/usr/lib/python3.10/traceback.py", line 306, in line
[1.088s]     self._line = linecache.getline(self.filename, self.lineno)
[1.088s]   File "/usr/lib/python3.10/linecache.py", line 30, in getline
[1.088s]     lines = getlines(filename, module_globals)
[1.089s]   File "/usr/lib/python3.10/linecache.py", line 46, in getlines
[1.089s]     return updatecache(filename, module_globals)
[1.089s]   File "/usr/lib/python3.10/linecache.py", line 137, in updatecache
[1.089s]     lines = fp.readlines()
[1.089s]   File "/usr/lib/python3.10/codecs.py", line 319, in decode
[1.090s]     def decode(self, input, final=False):
[1.091s] KeyboardInterrupt
[1.100s] gmake[2]: *** [CMakeFiles/ament_cmake_python_build_object_detection_egg.dir/build.make:70: CMakeFiles/ament_cmake_python_build_object_detection_egg] Interrupt
[1.100s] gmake[1]: *** [CMakeFiles/Makefile2:164: CMakeFiles/ament_cmake_python_build_object_detection_egg.dir/all] Interrupt
[1.100s] gmake: *** [Makefile:146: all] Interrupt
