[1.853s] Invoking command in '/home/saun/ctrl_mr_dynamic/src/force_control_exp': PYTHONPATH=/home/saun/ctrl_mr_dynamic/build/force_control_exp/prefix_override:/usr/lib/python3/dist-packages/colcon_core/task/python/colcon_distutils_commands:/home/saun/ctrl_mr_dynamic/install/force_control_exp/lib/python3.10/site-packages:${PYTHONPATH} /usr/bin/python3 -W ignore:setup.py install is deprecated setup.py egg_info --egg-base ../../build/force_control_exp build --build-base /home/saun/ctrl_mr_dynamic/build/force_control_exp/build install --record /home/saun/ctrl_mr_dynamic/build/force_control_exp/install.log --single-version-externally-managed install_data
[2.361s] running egg_info
[2.362s] writing ../../build/force_control_exp/force_control_exp.egg-info/PKG-INFO
[2.364s] writing dependency_links to ../../build/force_control_exp/force_control_exp.egg-info/dependency_links.txt
[2.365s] writing entry points to ../../build/force_control_exp/force_control_exp.egg-info/entry_points.txt
[2.365s] writing requirements to ../../build/force_control_exp/force_control_exp.egg-info/requires.txt
[2.365s] writing top-level names to ../../build/force_control_exp/force_control_exp.egg-info/top_level.txt
[2.367s] reading manifest file '../../build/force_control_exp/force_control_exp.egg-info/SOURCES.txt'
[2.367s] adding license file 'LICENSE'
[2.369s] writing manifest file '../../build/force_control_exp/force_control_exp.egg-info/SOURCES.txt'
[2.369s] running build
[2.371s] running build_py
[2.371s] copying force_control_exp/getScan.py -> /home/saun/ctrl_mr_dynamic/build/force_control_exp/build/lib/force_control_exp
[2.371s] running install
[2.371s] running install_lib
[2.372s] copying /home/saun/ctrl_mr_dynamic/build/force_control_exp/build/lib/force_control_exp/getScan.py -> /home/saun/ctrl_mr_dynamic/install/force_control_exp/lib/python3.10/site-packages/force_control_exp
[2.373s] byte-compiling /home/saun/ctrl_mr_dynamic/install/force_control_exp/lib/python3.10/site-packages/force_control_exp/getScan.py to getScan.cpython-310.pyc
[2.375s] running install_data
[2.375s] running install_egg_info
[2.378s] removing '/home/saun/ctrl_mr_dynamic/install/force_control_exp/lib/python3.10/site-packages/force_control_exp-0.0.0-py3.10.egg-info' (and everything under it)
[2.380s] Copying ../../build/force_control_exp/force_control_exp.egg-info to /home/saun/ctrl_mr_dynamic/install/force_control_exp/lib/python3.10/site-packages/force_control_exp-0.0.0-py3.10.egg-info
[2.381s] running install_scripts
[2.417s] Installing force_control_exp_node script to /home/saun/ctrl_mr_dynamic/install/force_control_exp/lib/force_control_exp
[2.417s] Installing get_csv script to /home/saun/ctrl_mr_dynamic/install/force_control_exp/lib/force_control_exp
[2.417s] Installing scan_distances script to /home/saun/ctrl_mr_dynamic/install/force_control_exp/lib/force_control_exp
[2.419s] writing list of installed files to '/home/saun/ctrl_mr_dynamic/build/force_control_exp/install.log'
[2.454s] Invoked command in '/home/saun/ctrl_mr_dynamic/src/force_control_exp' returned '0': PYTHONPATH=/home/saun/ctrl_mr_dynamic/build/force_control_exp/prefix_override:/usr/lib/python3/dist-packages/colcon_core/task/python/colcon_distutils_commands:/home/saun/ctrl_mr_dynamic/install/force_control_exp/lib/python3.10/site-packages:${PYTHONPATH} /usr/bin/python3 -W ignore:setup.py install is deprecated setup.py egg_info --egg-base ../../build/force_control_exp build --build-base /home/saun/ctrl_mr_dynamic/build/force_control_exp/build install --record /home/saun/ctrl_mr_dynamic/build/force_control_exp/install.log --single-version-externally-managed install_data
