[0.741s] Invoking command in '/home/saun/ctrl_mr_dynamic/build/pid_control': CMAKE_PREFIX_PATH=${CMAKE_PREFIX_PATH}:/home/saun/ctrl_mr_dynamic/install/simple_control_pkg:/home/saun/ctrl_mr_dynamic/install/force_control_exp:/home/saun/ctrl_mr_dynamic/install/differential_robot:/opt/ros/humble /usr/bin/cmake --build /home/saun/ctrl_mr_dynamic/build/pid_control -- -j8 -l8
[0.873s] Built target ament_cmake_python_copy_pid_control
[1.487s] running egg_info
[1.488s] writing pid_control.egg-info/PKG-INFO
[1.491s] writing dependency_links to pid_control.egg-info/dependency_links.txt
[1.491s] writing top-level names to pid_control.egg-info/top_level.txt
[1.494s] reading manifest file 'pid_control.egg-info/SOURCES.txt'
[1.496s] writing manifest file 'pid_control.egg-info/SOURCES.txt'
[1.555s] Built target ament_cmake_python_build_pid_control_egg
[1.831s] Invoked command in '/home/saun/ctrl_mr_dynamic/build/pid_control' returned '0': CMAKE_PREFIX_PATH=${CMAKE_PREFIX_PATH}:/home/saun/ctrl_mr_dynamic/install/simple_control_pkg:/home/saun/ctrl_mr_dynamic/install/force_control_exp:/home/saun/ctrl_mr_dynamic/install/differential_robot:/opt/ros/humble /usr/bin/cmake --build /home/saun/ctrl_mr_dynamic/build/pid_control -- -j8 -l8
[1.899s] Invoking command in '/home/saun/ctrl_mr_dynamic/build/pid_control': CMAKE_PREFIX_PATH=${CMAKE_PREFIX_PATH}:/home/saun/ctrl_mr_dynamic/install/simple_control_pkg:/home/saun/ctrl_mr_dynamic/install/force_control_exp:/home/saun/ctrl_mr_dynamic/install/differential_robot:/opt/ros/humble /usr/bin/cmake --install /home/saun/ctrl_mr_dynamic/build/pid_control
[1.991s] -- Install configuration: ""
[1.992s] -- Up-to-date: /home/saun/ctrl_mr_dynamic/install/pid_control/share/pid_control/environment/pythonpath.sh
[1.992s] -- Up-to-date: /home/saun/ctrl_mr_dynamic/install/pid_control/share/pid_control/environment/pythonpath.dsv
[1.992s] -- Up-to-date: /home/saun/ctrl_mr_dynamic/install/pid_control/local/lib/python3.10/dist-packages/pid_control-1.0.0-py3.10.egg-info
[1.993s] -- Installing: /home/saun/ctrl_mr_dynamic/install/pid_control/local/lib/python3.10/dist-packages/pid_control-1.0.0-py3.10.egg-info/dependency_links.txt
[1.993s] -- Installing: /home/saun/ctrl_mr_dynamic/install/pid_control/local/lib/python3.10/dist-packages/pid_control-1.0.0-py3.10.egg-info/top_level.txt
[1.993s] -- Installing: /home/saun/ctrl_mr_dynamic/install/pid_control/local/lib/python3.10/dist-packages/pid_control-1.0.0-py3.10.egg-info/SOURCES.txt
[1.997s] -- Installing: /home/saun/ctrl_mr_dynamic/install/pid_control/local/lib/python3.10/dist-packages/pid_control-1.0.0-py3.10.egg-info/PKG-INFO
[1.997s] -- Up-to-date: /home/saun/ctrl_mr_dynamic/install/pid_control/local/lib/python3.10/dist-packages/pid_control
[1.997s] -- Up-to-date: /home/saun/ctrl_mr_dynamic/install/pid_control/local/lib/python3.10/dist-packages/pid_control/__init__.py
[2.026s] Listing '/home/saun/ctrl_mr_dynamic/install/pid_control/local/lib/python3.10/dist-packages/pid_control'...
[2.030s] -- Up-to-date: /home/saun/ctrl_mr_dynamic/install/pid_control/lib/pid_control/pid_control.py
[2.031s] -- Up-to-date: /home/saun/ctrl_mr_dynamic/install/pid_control/lib/pid_control/pid_control_origin.py
[2.031s] -- Up-to-date: /home/saun/ctrl_mr_dynamic/install/pid_control/lib/pid_control/pid_control.launch.py
[2.031s] -- Up-to-date: /home/saun/ctrl_mr_dynamic/install/pid_control/share/pid_control/launch
[2.031s] -- Up-to-date: /home/saun/ctrl_mr_dynamic/install/pid_control/share/pid_control/launch/pid_control.launch.py
[2.031s] -- Up-to-date: /home/saun/ctrl_mr_dynamic/install/pid_control/share/pid_control/config
[2.031s] -- Up-to-date: /home/saun/ctrl_mr_dynamic/install/pid_control/share/pid_control/config/params.yaml
[2.031s] -- Up-to-date: /home/saun/ctrl_mr_dynamic/install/pid_control/share/ament_index/resource_index/package_run_dependencies/pid_control
[2.032s] -- Up-to-date: /home/saun/ctrl_mr_dynamic/install/pid_control/share/ament_index/resource_index/parent_prefix_path/pid_control
[2.032s] -- Up-to-date: /home/saun/ctrl_mr_dynamic/install/pid_control/share/pid_control/environment/ament_prefix_path.sh
[2.032s] -- Up-to-date: /home/saun/ctrl_mr_dynamic/install/pid_control/share/pid_control/environment/ament_prefix_path.dsv
[2.032s] -- Up-to-date: /home/saun/ctrl_mr_dynamic/install/pid_control/share/pid_control/environment/path.sh
[2.032s] -- Up-to-date: /home/saun/ctrl_mr_dynamic/install/pid_control/share/pid_control/environment/path.dsv
[2.032s] -- Up-to-date: /home/saun/ctrl_mr_dynamic/install/pid_control/share/pid_control/local_setup.bash
[2.032s] -- Up-to-date: /home/saun/ctrl_mr_dynamic/install/pid_control/share/pid_control/local_setup.sh
[2.032s] -- Up-to-date: /home/saun/ctrl_mr_dynamic/install/pid_control/share/pid_control/local_setup.zsh
[2.033s] -- Up-to-date: /home/saun/ctrl_mr_dynamic/install/pid_control/share/pid_control/local_setup.dsv
[2.033s] -- Installing: /home/saun/ctrl_mr_dynamic/install/pid_control/share/pid_control/package.dsv
[2.033s] -- Up-to-date: /home/saun/ctrl_mr_dynamic/install/pid_control/share/ament_index/resource_index/packages/pid_control
[2.033s] -- Up-to-date: /home/saun/ctrl_mr_dynamic/install/pid_control/share/pid_control/cmake/pid_controlConfig.cmake
[2.033s] -- Up-to-date: /home/saun/ctrl_mr_dynamic/install/pid_control/share/pid_control/cmake/pid_controlConfig-version.cmake
[2.033s] -- Up-to-date: /home/saun/ctrl_mr_dynamic/install/pid_control/share/pid_control/package.xml
[2.042s] Invoked command in '/home/saun/ctrl_mr_dynamic/build/pid_control' returned '0': CMAKE_PREFIX_PATH=${CMAKE_PREFIX_PATH}:/home/saun/ctrl_mr_dynamic/install/simple_control_pkg:/home/saun/ctrl_mr_dynamic/install/force_control_exp:/home/saun/ctrl_mr_dynamic/install/differential_robot:/opt/ros/humble /usr/bin/cmake --install /home/saun/ctrl_mr_dynamic/build/pid_control
