[1.559s] Invoking command in '/home/saun/ctrl_mr_dynamic/src/simple_control_pkg': PYTHONPATH=/home/saun/ctrl_mr_dynamic/build/simple_control_pkg/prefix_override:/usr/lib/python3/dist-packages/colcon_core/task/python/colcon_distutils_commands:/home/saun/ctrl_mr_dynamic/install/simple_control_pkg/lib/python3.10/site-packages:${PYTHONPATH} /usr/bin/python3 -W ignore:setup.py install is deprecated setup.py egg_info --egg-base ../../build/simple_control_pkg build --build-base /home/saun/ctrl_mr_dynamic/build/simple_control_pkg/build install --record /home/saun/ctrl_mr_dynamic/build/simple_control_pkg/install.log --single-version-externally-managed install_data
[2.133s] running egg_info
[2.135s] creating ../../build/simple_control_pkg/simple_control_pkg.egg-info
[2.135s] writing ../../build/simple_control_pkg/simple_control_pkg.egg-info/PKG-INFO
[2.135s] writing dependency_links to ../../build/simple_control_pkg/simple_control_pkg.egg-info/dependency_links.txt
[2.136s] writing entry points to ../../build/simple_control_pkg/simple_control_pkg.egg-info/entry_points.txt
[2.136s] writing requirements to ../../build/simple_control_pkg/simple_control_pkg.egg-info/requires.txt
[2.136s] writing top-level names to ../../build/simple_control_pkg/simple_control_pkg.egg-info/top_level.txt
[2.136s] writing manifest file '../../build/simple_control_pkg/simple_control_pkg.egg-info/SOURCES.txt'
[2.140s] reading manifest file '../../build/simple_control_pkg/simple_control_pkg.egg-info/SOURCES.txt'
[2.141s] writing manifest file '../../build/simple_control_pkg/simple_control_pkg.egg-info/SOURCES.txt'
[2.141s] running build
[2.142s] running build_py
[2.142s] creating /home/saun/ctrl_mr_dynamic/build/simple_control_pkg/build
[2.142s] creating /home/saun/ctrl_mr_dynamic/build/simple_control_pkg/build/lib
[2.142s] creating /home/saun/ctrl_mr_dynamic/build/simple_control_pkg/build/lib/simple_control_pkg
[2.142s] copying simple_control_pkg/simple_control.py -> /home/saun/ctrl_mr_dynamic/build/simple_control_pkg/build/lib/simple_control_pkg
[2.148s] copying simple_control_pkg/__init__.py -> /home/saun/ctrl_mr_dynamic/build/simple_control_pkg/build/lib/simple_control_pkg
[2.149s] running install
[2.149s] running install_lib
[2.151s] creating /home/saun/ctrl_mr_dynamic/install/simple_control_pkg/lib/python3.10/site-packages/simple_control_pkg
[2.151s] copying /home/saun/ctrl_mr_dynamic/build/simple_control_pkg/build/lib/simple_control_pkg/simple_control.py -> /home/saun/ctrl_mr_dynamic/install/simple_control_pkg/lib/python3.10/site-packages/simple_control_pkg
[2.152s] copying /home/saun/ctrl_mr_dynamic/build/simple_control_pkg/build/lib/simple_control_pkg/__init__.py -> /home/saun/ctrl_mr_dynamic/install/simple_control_pkg/lib/python3.10/site-packages/simple_control_pkg
[2.153s] byte-compiling /home/saun/ctrl_mr_dynamic/install/simple_control_pkg/lib/python3.10/site-packages/simple_control_pkg/simple_control.py to simple_control.cpython-310.pyc
[2.153s] byte-compiling /home/saun/ctrl_mr_dynamic/install/simple_control_pkg/lib/python3.10/site-packages/simple_control_pkg/__init__.py to __init__.cpython-310.pyc
[2.154s] running install_data
[2.154s] creating /home/saun/ctrl_mr_dynamic/install/simple_control_pkg/share/ament_index
[2.154s] creating /home/saun/ctrl_mr_dynamic/install/simple_control_pkg/share/ament_index/resource_index
[2.155s] creating /home/saun/ctrl_mr_dynamic/install/simple_control_pkg/share/ament_index/resource_index/packages
[2.155s] copying resource/simple_control_pkg -> /home/saun/ctrl_mr_dynamic/install/simple_control_pkg/share/ament_index/resource_index/packages
[2.155s] copying package.xml -> /home/saun/ctrl_mr_dynamic/install/simple_control_pkg/share/simple_control_pkg
[2.155s] running install_egg_info
[2.159s] Copying ../../build/simple_control_pkg/simple_control_pkg.egg-info to /home/saun/ctrl_mr_dynamic/install/simple_control_pkg/lib/python3.10/site-packages/simple_control_pkg-0.0.0-py3.10.egg-info
[2.161s] running install_scripts
[2.203s] Installing simple_control script to /home/saun/ctrl_mr_dynamic/install/simple_control_pkg/lib/simple_control_pkg
[2.204s] writing list of installed files to '/home/saun/ctrl_mr_dynamic/build/simple_control_pkg/install.log'
[2.256s] Invoked command in '/home/saun/ctrl_mr_dynamic/src/simple_control_pkg' returned '0': PYTHONPATH=/home/saun/ctrl_mr_dynamic/build/simple_control_pkg/prefix_override:/usr/lib/python3/dist-packages/colcon_core/task/python/colcon_distutils_commands:/home/saun/ctrl_mr_dynamic/install/simple_control_pkg/lib/python3.10/site-packages:${PYTHONPATH} /usr/bin/python3 -W ignore:setup.py install is deprecated setup.py egg_info --egg-base ../../build/simple_control_pkg build --build-base /home/saun/ctrl_mr_dynamic/build/simple_control_pkg/build install --record /home/saun/ctrl_mr_dynamic/build/simple_control_pkg/install.log --single-version-externally-managed install_data
