Traceback (most recent call last):
  File "/home/saun/ctrl_mr_dynamic/build/pid_control/ament_cmake_python/pid_control/setup.py", line 1, in <module>
    from setuptools import find_packages
  File "/usr/lib/python3/dist-packages/setuptools/__init__.py", line 16, in <module>
    import setuptools.version
  File "/usr/lib/python3/dist-packages/setuptools/version.py", line 1, in <module>
    import pkg_resources
  File "/usr/lib/python3/dist-packages/pkg_resources/__init__.py", line 78, in <module>
    __import__('pkg_resources.extern.packaging.requirements')
  File "/usr/lib/python3/dist-packages/pkg_resources/_vendor/packaging/requirements.py", line 10, in <module>
    from pkg_resources.extern.pyparsing import (  # noqa
  File "<frozen importlib._bootstrap>", line 1027, in _find_and_load
  File "<frozen importlib._bootstrap>", line 1006, in _find_and_load_unlocked
  File "<frozen importlib._bootstrap>", line 674, in _load_unlocked
  File "<frozen importlib._bootstrap>", line 571, in module_from_spec
  File "/usr/lib/python3/dist-packages/pkg_resources/extern/__init__.py", line 52, in create_module
    return self.load_module(spec.name)
  File "/usr/lib/python3/dist-packages/pkg_resources/extern/__init__.py", line 37, in load_module
    __import__(extant)
  File "/usr/lib/python3/dist-packages/pkg_resources/_vendor/pyparsing.py", line 5155, in <module>
    unicodeString = Combine(_L('u') + quotedString.copy()).setName("unicode string literal")
  File "/usr/lib/python3/dist-packages/pkg_resources/_vendor/pyparsing.py", line 4255, in __init__
    self.leaveWhitespace()
  File "/usr/lib/python3/dist-packages/pkg_resources/_vendor/pyparsing.py", line 3747, in leaveWhitespace
    self.expr.leaveWhitespace()
  File "/usr/lib/python3/dist-packages/pkg_resources/_vendor/pyparsing.py", line 3294, in leaveWhitespace
    e.leaveWhitespace()
  File "/usr/lib/python3/dist-packages/pkg_resources/_vendor/pyparsing.py", line 3747, in leaveWhitespace
    self.expr.leaveWhitespace()
  File "/usr/lib/python3/dist-packages/pkg_resources/_vendor/pyparsing.py", line 3294, in leaveWhitespace
    e.leaveWhitespace()
  File "/usr/lib/python3/dist-packages/pkg_resources/_vendor/pyparsing.py", line 3292, in leaveWhitespace
    self.exprs = [ e.copy() for e in self.exprs ]
  File "/usr/lib/python3/dist-packages/pkg_resources/_vendor/pyparsing.py", line 3292, in <listcomp>
    self.exprs = [ e.copy() for e in self.exprs ]
  File "/usr/lib/python3/dist-packages/pkg_resources/_vendor/pyparsing.py", line 1183, in copy
    cpy = copy.copy( self )
  File "/usr/lib/python3.10/copy.py", line 102, in copy
    return _reconstruct(x, None, *rv)
  File "/usr/lib/python3.10/copy.py", line 270, in _reconstruct
    if deep:
KeyboardInterrupt
gmake[2]: *** [CMakeFiles/ament_cmake_python_build_pid_control_egg.dir/build.make:70: CMakeFiles/ament_cmake_python_build_pid_control_egg] Interrupt
gmake[1]: *** [CMakeFiles/Makefile2:164: CMakeFiles/ament_cmake_python_build_pid_control_egg.dir/all] Interrupt
gmake: *** [Makefile:146: all] Interrupt
