[2.017s] Invoking command in '/home/saun/ctrl_mr_dynamic/src/force_control_exp': PYTHONPATH=/home/saun/ctrl_mr_dynamic/build/force_control_exp/prefix_override:/usr/lib/python3/dist-packages/colcon_core/task/python/colcon_distutils_commands:/home/saun/ctrl_mr_dynamic/install/force_control_exp/lib/python3.10/site-packages:${PYTHONPATH} /usr/bin/python3 -W ignore:setup.py install is deprecated setup.py egg_info --egg-base ../../build/force_control_exp build --build-base /home/saun/ctrl_mr_dynamic/build/force_control_exp/build install --record /home/saun/ctrl_mr_dynamic/build/force_control_exp/install.log --single-version-externally-managed install_data
[2.629s] running egg_info
[2.631s] writing ../../build/force_control_exp/force_control_exp.egg-info/PKG-INFO
[2.631s] writing dependency_links to ../../build/force_control_exp/force_control_exp.egg-info/dependency_links.txt
[2.631s] writing entry points to ../../build/force_control_exp/force_control_exp.egg-info/entry_points.txt
[2.632s] writing requirements to ../../build/force_control_exp/force_control_exp.egg-info/requires.txt
[2.632s] writing top-level names to ../../build/force_control_exp/force_control_exp.egg-info/top_level.txt
[2.635s] reading manifest file '../../build/force_control_exp/force_control_exp.egg-info/SOURCES.txt'
[2.635s] adding license file 'LICENSE'
[2.636s] writing manifest file '../../build/force_control_exp/force_control_exp.egg-info/SOURCES.txt'
[2.637s] running build
[2.637s] running build_py
[2.637s] copying force_control_exp/getScan.py -> /home/saun/ctrl_mr_dynamic/build/force_control_exp/build/lib/force_control_exp
[2.638s] running install
[2.638s] running install_lib
[2.640s] copying /home/saun/ctrl_mr_dynamic/build/force_control_exp/build/lib/force_control_exp/getScan.py -> /home/saun/ctrl_mr_dynamic/install/force_control_exp/lib/python3.10/site-packages/force_control_exp
[2.641s] byte-compiling /home/saun/ctrl_mr_dynamic/install/force_control_exp/lib/python3.10/site-packages/force_control_exp/getScan.py to getScan.cpython-310.pyc
[2.645s] running install_data
[2.645s] running install_egg_info
[2.647s] removing '/home/saun/ctrl_mr_dynamic/install/force_control_exp/lib/python3.10/site-packages/force_control_exp-0.0.0-py3.10.egg-info' (and everything under it)
[2.649s] Copying ../../build/force_control_exp/force_control_exp.egg-info to /home/saun/ctrl_mr_dynamic/install/force_control_exp/lib/python3.10/site-packages/force_control_exp-0.0.0-py3.10.egg-info
[2.651s] running install_scripts
[2.695s] Installing force_control_exp_node script to /home/saun/ctrl_mr_dynamic/install/force_control_exp/lib/force_control_exp
[2.695s] Installing get_csv script to /home/saun/ctrl_mr_dynamic/install/force_control_exp/lib/force_control_exp
[2.695s] Installing scan_distances script to /home/saun/ctrl_mr_dynamic/install/force_control_exp/lib/force_control_exp
[2.697s] writing list of installed files to '/home/saun/ctrl_mr_dynamic/build/force_control_exp/install.log'
[2.735s] Invoked command in '/home/saun/ctrl_mr_dynamic/src/force_control_exp' returned '0': PYTHONPATH=/home/saun/ctrl_mr_dynamic/build/force_control_exp/prefix_override:/usr/lib/python3/dist-packages/colcon_core/task/python/colcon_distutils_commands:/home/saun/ctrl_mr_dynamic/install/force_control_exp/lib/python3.10/site-packages:${PYTHONPATH} /usr/bin/python3 -W ignore:setup.py install is deprecated setup.py egg_info --egg-base ../../build/force_control_exp build --build-base /home/saun/ctrl_mr_dynamic/build/force_control_exp/build install --record /home/saun/ctrl_mr_dynamic/build/force_control_exp/install.log --single-version-externally-managed install_data
