[3.353s] Invoking command in '/home/saun/ctrl_mr_dynamic/src/force_control_exp': PYTHONPATH=/home/saun/ctrl_mr_dynamic/build/force_control_exp/prefix_override:/usr/lib/python3/dist-packages/colcon_core/task/python/colcon_distutils_commands:/home/saun/ctrl_mr_dynamic/install/force_control_exp/lib/python3.10/site-packages:${PYTHONPATH} /usr/bin/python3 -W ignore:setup.py install is deprecated setup.py egg_info --egg-base ../../build/force_control_exp build --build-base /home/saun/ctrl_mr_dynamic/build/force_control_exp/build install --record /home/saun/ctrl_mr_dynamic/build/force_control_exp/install.log --single-version-externally-managed install_data
[4.138s] running egg_info
[4.143s] writing ../../build/force_control_exp/force_control_exp.egg-info/PKG-INFO
[4.145s] writing dependency_links to ../../build/force_control_exp/force_control_exp.egg-info/dependency_links.txt
[4.146s] writing entry points to ../../build/force_control_exp/force_control_exp.egg-info/entry_points.txt
[4.146s] writing requirements to ../../build/force_control_exp/force_control_exp.egg-info/requires.txt
[4.146s] writing top-level names to ../../build/force_control_exp/force_control_exp.egg-info/top_level.txt
[4.149s] reading manifest file '../../build/force_control_exp/force_control_exp.egg-info/SOURCES.txt'
[4.150s] adding license file 'LICENSE'
[4.151s] writing manifest file '../../build/force_control_exp/force_control_exp.egg-info/SOURCES.txt'
[4.151s] running build
[4.154s] running build_py
[4.154s] running install
[4.154s] running install_lib
[4.158s] running install_data
[4.159s] running install_egg_info
[4.164s] removing '/home/saun/ctrl_mr_dynamic/install/force_control_exp/lib/python3.10/site-packages/force_control_exp-0.0.0-py3.10.egg-info' (and everything under it)
[4.164s] Copying ../../build/force_control_exp/force_control_exp.egg-info to /home/saun/ctrl_mr_dynamic/install/force_control_exp/lib/python3.10/site-packages/force_control_exp-0.0.0-py3.10.egg-info
[4.165s] running install_scripts
[4.210s] Installing force_control_exp_node script to /home/saun/ctrl_mr_dynamic/install/force_control_exp/lib/force_control_exp
[4.211s] writing list of installed files to '/home/saun/ctrl_mr_dynamic/build/force_control_exp/install.log'
[4.258s] Invoked command in '/home/saun/ctrl_mr_dynamic/src/force_control_exp' returned '0': PYTHONPATH=/home/saun/ctrl_mr_dynamic/build/force_control_exp/prefix_override:/usr/lib/python3/dist-packages/colcon_core/task/python/colcon_distutils_commands:/home/saun/ctrl_mr_dynamic/install/force_control_exp/lib/python3.10/site-packages:${PYTHONPATH} /usr/bin/python3 -W ignore:setup.py install is deprecated setup.py egg_info --egg-base ../../build/force_control_exp build --build-base /home/saun/ctrl_mr_dynamic/build/force_control_exp/build install --record /home/saun/ctrl_mr_dynamic/build/force_control_exp/install.log --single-version-externally-managed install_data
