[1.861s] Invoking command in '/home/saun/ctrl_mr_dynamic/src/differential_robot': PYTHONPATH=/home/saun/ctrl_mr_dynamic/build/differential_robot/prefix_override:/usr/lib/python3/dist-packages/colcon_core/task/python/colcon_distutils_commands:/home/saun/ctrl_mr_dynamic/install/differential_robot/lib/python3.10/site-packages:${PYTHONPATH} /usr/bin/python3 -W ignore:setup.py install is deprecated setup.py egg_info --egg-base ../../build/differential_robot build --build-base /home/saun/ctrl_mr_dynamic/build/differential_robot/build install --record /home/saun/ctrl_mr_dynamic/build/differential_robot/install.log --single-version-externally-managed install_data
[2.414s] running egg_info
[2.418s] writing ../../build/differential_robot/differential_robot.egg-info/PKG-INFO
[2.418s] writing dependency_links to ../../build/differential_robot/differential_robot.egg-info/dependency_links.txt
[2.418s] writing entry points to ../../build/differential_robot/differential_robot.egg-info/entry_points.txt
[2.418s] writing requirements to ../../build/differential_robot/differential_robot.egg-info/requires.txt
[2.418s] writing top-level names to ../../build/differential_robot/differential_robot.egg-info/top_level.txt
[2.419s] reading manifest file '../../build/differential_robot/differential_robot.egg-info/SOURCES.txt'
[2.421s] writing manifest file '../../build/differential_robot/differential_robot.egg-info/SOURCES.txt'
[2.421s] running build
[2.422s] running build_py
[2.422s] running install
[2.422s] running install_lib
[2.425s] running install_data
[2.427s] running install_egg_info
[2.430s] removing '/home/saun/ctrl_mr_dynamic/install/differential_robot/lib/python3.10/site-packages/differential_robot-0.0.0-py3.10.egg-info' (and everything under it)
[2.431s] Copying ../../build/differential_robot/differential_robot.egg-info to /home/saun/ctrl_mr_dynamic/install/differential_robot/lib/python3.10/site-packages/differential_robot-0.0.0-py3.10.egg-info
[2.433s] running install_scripts
[2.477s] writing list of installed files to '/home/saun/ctrl_mr_dynamic/build/differential_robot/install.log'
[2.517s] Invoked command in '/home/saun/ctrl_mr_dynamic/src/differential_robot' returned '0': PYTHONPATH=/home/saun/ctrl_mr_dynamic/build/differential_robot/prefix_override:/usr/lib/python3/dist-packages/colcon_core/task/python/colcon_distutils_commands:/home/saun/ctrl_mr_dynamic/install/differential_robot/lib/python3.10/site-packages:${PYTHONPATH} /usr/bin/python3 -W ignore:setup.py install is deprecated setup.py egg_info --egg-base ../../build/differential_robot build --build-base /home/saun/ctrl_mr_dynamic/build/differential_robot/build install --record /home/saun/ctrl_mr_dynamic/build/differential_robot/install.log --single-version-externally-managed install_data
