[0.709s] Invoking command in '/home/saun/ctrl_mr_dynamic/build/obstacle_detect': CMAKE_PREFIX_PATH=${CMAKE_PREFIX_PATH}:/home/saun/ctrl_mr_dynamic/install/simple_control_pkg:/home/saun/ctrl_mr_dynamic/install/force_control_exp:/home/saun/ctrl_mr_dynamic/install/differential_robot:/opt/ros/humble /usr/bin/cmake --build /home/saun/ctrl_mr_dynamic/build/obstacle_detect -- -j8 -l8
[0.832s] Built target ament_cmake_python_copy_obstacle_detect
[1.473s] running egg_info
[1.475s] writing obstacle_detect.egg-info/PKG-INFO
[1.478s] writing dependency_links to obstacle_detect.egg-info/dependency_links.txt
[1.479s] writing top-level names to obstacle_detect.egg-info/top_level.txt
[1.486s] reading manifest file 'obstacle_detect.egg-info/SOURCES.txt'
[1.488s] writing manifest file 'obstacle_detect.egg-info/SOURCES.txt'
[1.551s] Built target ament_cmake_python_build_obstacle_detect_egg
[1.819s] Invoked command in '/home/saun/ctrl_mr_dynamic/build/obstacle_detect' returned '0': CMAKE_PREFIX_PATH=${CMAKE_PREFIX_PATH}:/home/saun/ctrl_mr_dynamic/install/simple_control_pkg:/home/saun/ctrl_mr_dynamic/install/force_control_exp:/home/saun/ctrl_mr_dynamic/install/differential_robot:/opt/ros/humble /usr/bin/cmake --build /home/saun/ctrl_mr_dynamic/build/obstacle_detect -- -j8 -l8
[1.879s] Invoking command in '/home/saun/ctrl_mr_dynamic/build/obstacle_detect': CMAKE_PREFIX_PATH=${CMAKE_PREFIX_PATH}:/home/saun/ctrl_mr_dynamic/install/simple_control_pkg:/home/saun/ctrl_mr_dynamic/install/force_control_exp:/home/saun/ctrl_mr_dynamic/install/differential_robot:/opt/ros/humble /usr/bin/cmake --install /home/saun/ctrl_mr_dynamic/build/obstacle_detect
[1.892s] -- Install configuration: ""
[1.893s] -- Up-to-date: /home/saun/ctrl_mr_dynamic/install/obstacle_detect/share/obstacle_detect/environment/pythonpath.sh
[1.893s] -- Up-to-date: /home/saun/ctrl_mr_dynamic/install/obstacle_detect/share/obstacle_detect/environment/pythonpath.dsv
[1.893s] -- Up-to-date: /home/saun/ctrl_mr_dynamic/install/obstacle_detect/local/lib/python3.10/dist-packages/obstacle_detect-1.0.0-py3.10.egg-info
[1.893s] -- Installing: /home/saun/ctrl_mr_dynamic/install/obstacle_detect/local/lib/python3.10/dist-packages/obstacle_detect-1.0.0-py3.10.egg-info/dependency_links.txt
[1.893s] -- Installing: /home/saun/ctrl_mr_dynamic/install/obstacle_detect/local/lib/python3.10/dist-packages/obstacle_detect-1.0.0-py3.10.egg-info/top_level.txt
[1.893s] -- Installing: /home/saun/ctrl_mr_dynamic/install/obstacle_detect/local/lib/python3.10/dist-packages/obstacle_detect-1.0.0-py3.10.egg-info/SOURCES.txt
[1.893s] -- Installing: /home/saun/ctrl_mr_dynamic/install/obstacle_detect/local/lib/python3.10/dist-packages/obstacle_detect-1.0.0-py3.10.egg-info/PKG-INFO
[1.894s] -- Up-to-date: /home/saun/ctrl_mr_dynamic/install/obstacle_detect/local/lib/python3.10/dist-packages/obstacle_detect
[1.894s] -- Up-to-date: /home/saun/ctrl_mr_dynamic/install/obstacle_detect/local/lib/python3.10/dist-packages/obstacle_detect/__init__.py
[1.962s] Listing '/home/saun/ctrl_mr_dynamic/install/obstacle_detect/local/lib/python3.10/dist-packages/obstacle_detect'...
[1.969s] -- Up-to-date: /home/saun/ctrl_mr_dynamic/install/obstacle_detect/lib/obstacle_detect/cost_map.py
[1.969s] -- Up-to-date: /home/saun/ctrl_mr_dynamic/install/obstacle_detect/lib/obstacle_detect/cost_map.launch.py
[1.969s] -- Up-to-date: /home/saun/ctrl_mr_dynamic/install/obstacle_detect/share/obstacle_detect/launch
[1.970s] -- Up-to-date: /home/saun/ctrl_mr_dynamic/install/obstacle_detect/share/obstacle_detect/launch/cost_map.launch.py
[1.970s] -- Up-to-date: /home/saun/ctrl_mr_dynamic/install/obstacle_detect/share/obstacle_detect/config
[1.970s] -- Up-to-date: /home/saun/ctrl_mr_dynamic/install/obstacle_detect/share/obstacle_detect/config/params.yaml
[1.971s] -- Up-to-date: /home/saun/ctrl_mr_dynamic/install/obstacle_detect/share/ament_index/resource_index/package_run_dependencies/obstacle_detect
[1.971s] -- Up-to-date: /home/saun/ctrl_mr_dynamic/install/obstacle_detect/share/ament_index/resource_index/parent_prefix_path/obstacle_detect
[1.971s] -- Up-to-date: /home/saun/ctrl_mr_dynamic/install/obstacle_detect/share/obstacle_detect/environment/ament_prefix_path.sh
[1.971s] -- Up-to-date: /home/saun/ctrl_mr_dynamic/install/obstacle_detect/share/obstacle_detect/environment/ament_prefix_path.dsv
[1.971s] -- Up-to-date: /home/saun/ctrl_mr_dynamic/install/obstacle_detect/share/obstacle_detect/environment/path.sh
[1.972s] -- Up-to-date: /home/saun/ctrl_mr_dynamic/install/obstacle_detect/share/obstacle_detect/environment/path.dsv
[1.972s] -- Up-to-date: /home/saun/ctrl_mr_dynamic/install/obstacle_detect/share/obstacle_detect/local_setup.bash
[1.972s] -- Up-to-date: /home/saun/ctrl_mr_dynamic/install/obstacle_detect/share/obstacle_detect/local_setup.sh
[1.972s] -- Up-to-date: /home/saun/ctrl_mr_dynamic/install/obstacle_detect/share/obstacle_detect/local_setup.zsh
[1.972s] -- Up-to-date: /home/saun/ctrl_mr_dynamic/install/obstacle_detect/share/obstacle_detect/local_setup.dsv
[1.972s] -- Installing: /home/saun/ctrl_mr_dynamic/install/obstacle_detect/share/obstacle_detect/package.dsv
[1.972s] -- Up-to-date: /home/saun/ctrl_mr_dynamic/install/obstacle_detect/share/ament_index/resource_index/packages/obstacle_detect
[1.973s] -- Up-to-date: /home/saun/ctrl_mr_dynamic/install/obstacle_detect/share/obstacle_detect/cmake/obstacle_detectConfig.cmake
[1.973s] -- Up-to-date: /home/saun/ctrl_mr_dynamic/install/obstacle_detect/share/obstacle_detect/cmake/obstacle_detectConfig-version.cmake
[1.973s] -- Up-to-date: /home/saun/ctrl_mr_dynamic/install/obstacle_detect/share/obstacle_detect/package.xml
[1.979s] Invoked command in '/home/saun/ctrl_mr_dynamic/build/obstacle_detect' returned '0': CMAKE_PREFIX_PATH=${CMAKE_PREFIX_PATH}:/home/saun/ctrl_mr_dynamic/install/simple_control_pkg:/home/saun/ctrl_mr_dynamic/install/force_control_exp:/home/saun/ctrl_mr_dynamic/install/differential_robot:/opt/ros/humble /usr/bin/cmake --install /home/saun/ctrl_mr_dynamic/build/obstacle_detect
