[0.017s] Invoking command in '/home/saun/ctrl_mr_dynamic/build/run_sensor': CMAKE_PREFIX_PATH=${CMAKE_PREFIX_PATH}:/home/saun/ctrl_mr_dynamic/install/simple_control_pkg:/home/saun/ctrl_mr_dynamic/install/force_control_exp:/home/saun/ctrl_mr_dynamic/install/differential_robot:/opt/ros/humble /usr/bin/cmake --build /home/saun/ctrl_mr_dynamic/build/run_sensor -- -j8 -l8
[0.146s] Built target ament_cmake_python_copy_run_sensor
[0.751s] running egg_info
[0.752s] writing run_sensor.egg-info/PKG-INFO
[0.752s] writing dependency_links to run_sensor.egg-info/dependency_links.txt
[0.752s] writing top-level names to run_sensor.egg-info/top_level.txt
[0.755s] reading manifest file 'run_sensor.egg-info/SOURCES.txt'
[0.755s] writing manifest file 'run_sensor.egg-info/SOURCES.txt'
[0.788s] Built target ament_cmake_python_build_run_sensor_egg
[1.019s] Invoked command in '/home/saun/ctrl_mr_dynamic/build/run_sensor' returned '0': CMAKE_PREFIX_PATH=${CMAKE_PREFIX_PATH}:/home/saun/ctrl_mr_dynamic/install/simple_control_pkg:/home/saun/ctrl_mr_dynamic/install/force_control_exp:/home/saun/ctrl_mr_dynamic/install/differential_robot:/opt/ros/humble /usr/bin/cmake --build /home/saun/ctrl_mr_dynamic/build/run_sensor -- -j8 -l8
[1.054s] Invoking command in '/home/saun/ctrl_mr_dynamic/build/run_sensor': CMAKE_PREFIX_PATH=${CMAKE_PREFIX_PATH}:/home/saun/ctrl_mr_dynamic/install/simple_control_pkg:/home/saun/ctrl_mr_dynamic/install/force_control_exp:/home/saun/ctrl_mr_dynamic/install/differential_robot:/opt/ros/humble /usr/bin/cmake --install /home/saun/ctrl_mr_dynamic/build/run_sensor
[1.068s] -- Install configuration: ""
[1.068s] -- Up-to-date: /home/saun/ctrl_mr_dynamic/install/run_sensor/share/run_sensor/environment/pythonpath.sh
[1.068s] -- Up-to-date: /home/saun/ctrl_mr_dynamic/install/run_sensor/share/run_sensor/environment/pythonpath.dsv
[1.069s] -- Up-to-date: /home/saun/ctrl_mr_dynamic/install/run_sensor/local/lib/python3.10/dist-packages/run_sensor-1.0.0-py3.10.egg-info
[1.069s] -- Installing: /home/saun/ctrl_mr_dynamic/install/run_sensor/local/lib/python3.10/dist-packages/run_sensor-1.0.0-py3.10.egg-info/dependency_links.txt
[1.069s] -- Installing: /home/saun/ctrl_mr_dynamic/install/run_sensor/local/lib/python3.10/dist-packages/run_sensor-1.0.0-py3.10.egg-info/top_level.txt
[1.069s] -- Installing: /home/saun/ctrl_mr_dynamic/install/run_sensor/local/lib/python3.10/dist-packages/run_sensor-1.0.0-py3.10.egg-info/SOURCES.txt
[1.069s] -- Installing: /home/saun/ctrl_mr_dynamic/install/run_sensor/local/lib/python3.10/dist-packages/run_sensor-1.0.0-py3.10.egg-info/PKG-INFO
[1.070s] -- Up-to-date: /home/saun/ctrl_mr_dynamic/install/run_sensor/local/lib/python3.10/dist-packages/run_sensor
[1.070s] -- Up-to-date: /home/saun/ctrl_mr_dynamic/install/run_sensor/local/lib/python3.10/dist-packages/run_sensor/__init__.py
[1.120s] Listing '/home/saun/ctrl_mr_dynamic/install/run_sensor/local/lib/python3.10/dist-packages/run_sensor'...
[1.126s] -- Up-to-date: /home/saun/ctrl_mr_dynamic/install/run_sensor/lib/run_sensor/object_tracking_gazebo.launch.py
[1.126s] -- Up-to-date: /home/saun/ctrl_mr_dynamic/install/run_sensor/lib/run_sensor/object_tracking_real.launch.py
[1.126s] -- Up-to-date: /home/saun/ctrl_mr_dynamic/install/run_sensor/share/run_sensor/launch
[1.127s] -- Up-to-date: /home/saun/ctrl_mr_dynamic/install/run_sensor/share/run_sensor/launch/object_tracking_gazebo.launch.py
[1.127s] -- Up-to-date: /home/saun/ctrl_mr_dynamic/install/run_sensor/share/run_sensor/launch/object_tracking_real.launch.py
[1.127s] -- Up-to-date: /home/saun/ctrl_mr_dynamic/install/run_sensor/share/run_sensor/launch/__pycache__
[1.127s] -- Up-to-date: /home/saun/ctrl_mr_dynamic/install/run_sensor/share/run_sensor/launch/__pycache__/object_tracking_real.launch.cpython-310.pyc
[1.128s] -- Up-to-date: /home/saun/ctrl_mr_dynamic/install/run_sensor/share/ament_index/resource_index/package_run_dependencies/run_sensor
[1.128s] -- Up-to-date: /home/saun/ctrl_mr_dynamic/install/run_sensor/share/ament_index/resource_index/parent_prefix_path/run_sensor
[1.128s] -- Up-to-date: /home/saun/ctrl_mr_dynamic/install/run_sensor/share/run_sensor/environment/ament_prefix_path.sh
[1.128s] -- Up-to-date: /home/saun/ctrl_mr_dynamic/install/run_sensor/share/run_sensor/environment/ament_prefix_path.dsv
[1.128s] -- Up-to-date: /home/saun/ctrl_mr_dynamic/install/run_sensor/share/run_sensor/environment/path.sh
[1.128s] -- Up-to-date: /home/saun/ctrl_mr_dynamic/install/run_sensor/share/run_sensor/environment/path.dsv
[1.129s] -- Up-to-date: /home/saun/ctrl_mr_dynamic/install/run_sensor/share/run_sensor/local_setup.bash
[1.129s] -- Up-to-date: /home/saun/ctrl_mr_dynamic/install/run_sensor/share/run_sensor/local_setup.sh
[1.129s] -- Up-to-date: /home/saun/ctrl_mr_dynamic/install/run_sensor/share/run_sensor/local_setup.zsh
[1.129s] -- Up-to-date: /home/saun/ctrl_mr_dynamic/install/run_sensor/share/run_sensor/local_setup.dsv
[1.129s] -- Installing: /home/saun/ctrl_mr_dynamic/install/run_sensor/share/run_sensor/package.dsv
[1.129s] -- Up-to-date: /home/saun/ctrl_mr_dynamic/install/run_sensor/share/ament_index/resource_index/packages/run_sensor
[1.130s] -- Up-to-date: /home/saun/ctrl_mr_dynamic/install/run_sensor/share/run_sensor/cmake/run_sensorConfig.cmake
[1.130s] -- Up-to-date: /home/saun/ctrl_mr_dynamic/install/run_sensor/share/run_sensor/cmake/run_sensorConfig-version.cmake
[1.130s] -- Up-to-date: /home/saun/ctrl_mr_dynamic/install/run_sensor/share/run_sensor/package.xml
[1.132s] Invoked command in '/home/saun/ctrl_mr_dynamic/build/run_sensor' returned '0': CMAKE_PREFIX_PATH=${CMAKE_PREFIX_PATH}:/home/saun/ctrl_mr_dynamic/install/simple_control_pkg:/home/saun/ctrl_mr_dynamic/install/force_control_exp:/home/saun/ctrl_mr_dynamic/install/differential_robot:/opt/ros/humble /usr/bin/cmake --install /home/saun/ctrl_mr_dynamic/build/run_sensor
