[1.204s] Invoking command in '/home/saun/ctrl_mr_dynamic/build/point_cal': CMAKE_PREFIX_PATH=${CMAKE_PREFIX_PATH}:/home/saun/ctrl_mr_dynamic/install/simple_control_pkg:/home/saun/ctrl_mr_dynamic/install/force_control_exp:/home/saun/ctrl_mr_dynamic/install/differential_robot:/opt/ros/humble /usr/bin/cmake --build /home/saun/ctrl_mr_dynamic/build/point_cal -- -j8 -l8
[1.463s] Built target ament_cmake_python_copy_point_cal
[2.690s] running egg_info
[2.697s] writing point_cal.egg-info/PKG-INFO
[2.698s] writing dependency_links to point_cal.egg-info/dependency_links.txt
[2.698s] writing top-level names to point_cal.egg-info/top_level.txt
[2.701s] reading manifest file 'point_cal.egg-info/SOURCES.txt'
[2.706s] writing manifest file 'point_cal.egg-info/SOURCES.txt'
[2.790s] Built target ament_cmake_python_build_point_cal_egg
[3.308s] Invoked command in '/home/saun/ctrl_mr_dynamic/build/point_cal' returned '0': CMAKE_PREFIX_PATH=${CMAKE_PREFIX_PATH}:/home/saun/ctrl_mr_dynamic/install/simple_control_pkg:/home/saun/ctrl_mr_dynamic/install/force_control_exp:/home/saun/ctrl_mr_dynamic/install/differential_robot:/opt/ros/humble /usr/bin/cmake --build /home/saun/ctrl_mr_dynamic/build/point_cal -- -j8 -l8
[3.385s] Invoking command in '/home/saun/ctrl_mr_dynamic/build/point_cal': CMAKE_PREFIX_PATH=${CMAKE_PREFIX_PATH}:/home/saun/ctrl_mr_dynamic/install/simple_control_pkg:/home/saun/ctrl_mr_dynamic/install/force_control_exp:/home/saun/ctrl_mr_dynamic/install/differential_robot:/opt/ros/humble /usr/bin/cmake --install /home/saun/ctrl_mr_dynamic/build/point_cal
[3.413s] -- Install configuration: ""
[3.421s] -- Up-to-date: /home/saun/ctrl_mr_dynamic/install/point_cal/share/point_cal/environment/pythonpath.sh
[3.425s] -- Up-to-date: /home/saun/ctrl_mr_dynamic/install/point_cal/share/point_cal/environment/pythonpath.dsv
[3.428s] -- Up-to-date: /home/saun/ctrl_mr_dynamic/install/point_cal/local/lib/python3.10/dist-packages/point_cal-1.0.0-py3.10.egg-info
[3.428s] -- Installing: /home/saun/ctrl_mr_dynamic/install/point_cal/local/lib/python3.10/dist-packages/point_cal-1.0.0-py3.10.egg-info/dependency_links.txt
[3.430s] -- Installing: /home/saun/ctrl_mr_dynamic/install/point_cal/local/lib/python3.10/dist-packages/point_cal-1.0.0-py3.10.egg-info/top_level.txt
[3.431s] -- Installing: /home/saun/ctrl_mr_dynamic/install/point_cal/local/lib/python3.10/dist-packages/point_cal-1.0.0-py3.10.egg-info/SOURCES.txt
[3.437s] -- Installing: /home/saun/ctrl_mr_dynamic/install/point_cal/local/lib/python3.10/dist-packages/point_cal-1.0.0-py3.10.egg-info/PKG-INFO
[3.438s] -- Up-to-date: /home/saun/ctrl_mr_dynamic/install/point_cal/local/lib/python3.10/dist-packages/point_cal
[3.440s] -- Up-to-date: /home/saun/ctrl_mr_dynamic/install/point_cal/local/lib/python3.10/dist-packages/point_cal/__init__.py
[3.562s] Listing '/home/saun/ctrl_mr_dynamic/install/point_cal/local/lib/python3.10/dist-packages/point_cal'...
[3.610s] -- Up-to-date: /home/saun/ctrl_mr_dynamic/install/point_cal/lib/point_cal/point_cal.py
[3.614s] -- Up-to-date: /home/saun/ctrl_mr_dynamic/install/point_cal/lib/point_cal/point_cal_gazebo.launch.py
[3.616s] -- Up-to-date: /home/saun/ctrl_mr_dynamic/install/point_cal/lib/point_cal/point_cal_real.launch.py
[3.616s] -- Up-to-date: /home/saun/ctrl_mr_dynamic/install/point_cal/share/point_cal/launch
[3.618s] -- Up-to-date: /home/saun/ctrl_mr_dynamic/install/point_cal/share/point_cal/launch/point_cal_real.launch.py
[3.619s] -- Up-to-date: /home/saun/ctrl_mr_dynamic/install/point_cal/share/point_cal/launch/point_cal_gazebo.launch.py
[3.619s] -- Up-to-date: /home/saun/ctrl_mr_dynamic/install/point_cal/share/point_cal/config
[3.619s] -- Up-to-date: /home/saun/ctrl_mr_dynamic/install/point_cal/share/point_cal/config/params_gazebo.yaml
[3.619s] -- Up-to-date: /home/saun/ctrl_mr_dynamic/install/point_cal/share/point_cal/config/params.yaml
[3.620s] -- Up-to-date: /home/saun/ctrl_mr_dynamic/install/point_cal/share/point_cal/rviz2
[3.620s] -- Up-to-date: /home/saun/ctrl_mr_dynamic/install/point_cal/share/point_cal/rviz2/row_detection.rviz
[3.620s] -- Up-to-date: /home/saun/ctrl_mr_dynamic/install/point_cal/share/ament_index/resource_index/package_run_dependencies/point_cal
[3.620s] -- Up-to-date: /home/saun/ctrl_mr_dynamic/install/point_cal/share/ament_index/resource_index/parent_prefix_path/point_cal
[3.620s] -- Up-to-date: /home/saun/ctrl_mr_dynamic/install/point_cal/share/point_cal/environment/ament_prefix_path.sh
[3.621s] -- Up-to-date: /home/saun/ctrl_mr_dynamic/install/point_cal/share/point_cal/environment/ament_prefix_path.dsv
[3.622s] -- Up-to-date: /home/saun/ctrl_mr_dynamic/install/point_cal/share/point_cal/environment/path.sh
[3.627s] -- Up-to-date: /home/saun/ctrl_mr_dynamic/install/point_cal/share/point_cal/environment/path.dsv
[3.632s] -- Up-to-date: /home/saun/ctrl_mr_dynamic/install/point_cal/share/point_cal/local_setup.bash
[3.632s] -- Up-to-date: /home/saun/ctrl_mr_dynamic/install/point_cal/share/point_cal/local_setup.sh
[3.632s] -- Up-to-date: /home/saun/ctrl_mr_dynamic/install/point_cal/share/point_cal/local_setup.zsh
[3.632s] -- Up-to-date: /home/saun/ctrl_mr_dynamic/install/point_cal/share/point_cal/local_setup.dsv
[3.633s] -- Installing: /home/saun/ctrl_mr_dynamic/install/point_cal/share/point_cal/package.dsv
[3.633s] -- Up-to-date: /home/saun/ctrl_mr_dynamic/install/point_cal/share/ament_index/resource_index/packages/point_cal
[3.633s] -- Up-to-date: /home/saun/ctrl_mr_dynamic/install/point_cal/share/point_cal/cmake/point_calConfig.cmake
[3.633s] -- Up-to-date: /home/saun/ctrl_mr_dynamic/install/point_cal/share/point_cal/cmake/point_calConfig-version.cmake
[3.633s] -- Up-to-date: /home/saun/ctrl_mr_dynamic/install/point_cal/share/point_cal/package.xml
[3.680s] Invoked command in '/home/saun/ctrl_mr_dynamic/build/point_cal' returned '0': CMAKE_PREFIX_PATH=${CMAKE_PREFIX_PATH}:/home/saun/ctrl_mr_dynamic/install/simple_control_pkg:/home/saun/ctrl_mr_dynamic/install/force_control_exp:/home/saun/ctrl_mr_dynamic/install/differential_robot:/opt/ros/humble /usr/bin/cmake --install /home/saun/ctrl_mr_dynamic/build/point_cal
