[0.720s] Invoking command in '/home/saun/ctrl_mr_dynamic/build/pointcloud_to_laserscan': CMAKE_PREFIX_PATH=${CMAKE_PREFIX_PATH}:/home/saun/ctrl_mr_dynamic/install/simple_control_pkg:/home/saun/ctrl_mr_dynamic/install/force_control_exp:/home/saun/ctrl_mr_dynamic/install/differential_robot:/opt/ros/humble /usr/bin/cmake --build /home/saun/ctrl_mr_dynamic/build/pointcloud_to_laserscan -- -j8 -l8
[0.854s] [ 20%] Built target laserscan_to_pointcloud
[0.908s] [ 40%] Built target pointcloud_to_laserscan_node
[1.008s] [ 60%] Built target pointcloud_to_laserscan
[1.060s] [ 80%] Built target laserscan_to_pointcloud_node
[1.114s] [100%] Built target dummy_pointcloud_publisher
[1.135s] Invoked command in '/home/saun/ctrl_mr_dynamic/build/pointcloud_to_laserscan' returned '0': CMAKE_PREFIX_PATH=${CMAKE_PREFIX_PATH}:/home/saun/ctrl_mr_dynamic/install/simple_control_pkg:/home/saun/ctrl_mr_dynamic/install/force_control_exp:/home/saun/ctrl_mr_dynamic/install/differential_robot:/opt/ros/humble /usr/bin/cmake --build /home/saun/ctrl_mr_dynamic/build/pointcloud_to_laserscan -- -j8 -l8
[1.227s] Invoking command in '/home/saun/ctrl_mr_dynamic/build/pointcloud_to_laserscan': CMAKE_PREFIX_PATH=${CMAKE_PREFIX_PATH}:/home/saun/ctrl_mr_dynamic/install/simple_control_pkg:/home/saun/ctrl_mr_dynamic/install/force_control_exp:/home/saun/ctrl_mr_dynamic/install/differential_robot:/opt/ros/humble /usr/bin/cmake --install /home/saun/ctrl_mr_dynamic/build/pointcloud_to_laserscan
[1.244s] -- Install configuration: ""
[1.245s] -- Up-to-date: /home/saun/ctrl_mr_dynamic/install/pointcloud_to_laserscan/lib/pointcloud_to_laserscan/laserscan_to_pointcloud_node
[1.246s] -- Up-to-date: /home/saun/ctrl_mr_dynamic/install/pointcloud_to_laserscan/lib/pointcloud_to_laserscan/pointcloud_to_laserscan_node
[1.247s] -- Up-to-date: /home/saun/ctrl_mr_dynamic/install/pointcloud_to_laserscan/include
[1.247s] -- Up-to-date: /home/saun/ctrl_mr_dynamic/install/pointcloud_to_laserscan/include/pointcloud_to_laserscan
[1.247s] -- Up-to-date: /home/saun/ctrl_mr_dynamic/install/pointcloud_to_laserscan/include/pointcloud_to_laserscan/visibility_control.h
[1.248s] -- Up-to-date: /home/saun/ctrl_mr_dynamic/install/pointcloud_to_laserscan/include/pointcloud_to_laserscan/pointcloud_to_laserscan_node.hpp
[1.248s] -- Up-to-date: /home/saun/ctrl_mr_dynamic/install/pointcloud_to_laserscan/include/pointcloud_to_laserscan/laserscan_to_pointcloud_node.hpp
[1.248s] -- Up-to-date: /home/saun/ctrl_mr_dynamic/install/pointcloud_to_laserscan/share/pointcloud_to_laserscan/environment/library_path.sh
[1.249s] -- Up-to-date: /home/saun/ctrl_mr_dynamic/install/pointcloud_to_laserscan/share/pointcloud_to_laserscan/environment/library_path.dsv
[1.249s] -- Up-to-date: /home/saun/ctrl_mr_dynamic/install/pointcloud_to_laserscan/lib/liblaserscan_to_pointcloud.so
[1.252s] -- Up-to-date: /home/saun/ctrl_mr_dynamic/install/pointcloud_to_laserscan/lib/libpointcloud_to_laserscan.so
[1.253s] -- Up-to-date: /home/saun/ctrl_mr_dynamic/install/pointcloud_to_laserscan/lib/pointcloud_to_laserscan/dummy_pointcloud_publisher
[1.253s] -- Up-to-date: /home/saun/ctrl_mr_dynamic/install/pointcloud_to_laserscan/share/pointcloud_to_laserscan/launch
[1.254s] -- Up-to-date: /home/saun/ctrl_mr_dynamic/install/pointcloud_to_laserscan/share/pointcloud_to_laserscan/launch/sample_pointcloud_to_laserscan_launch.py
[1.254s] -- Up-to-date: /home/saun/ctrl_mr_dynamic/install/pointcloud_to_laserscan/share/pointcloud_to_laserscan/launch/pointcloud_to_laserscan_launch.py
[1.254s] -- Up-to-date: /home/saun/ctrl_mr_dynamic/install/pointcloud_to_laserscan/share/pointcloud_to_laserscan/launch/sample_laserscan_to_pointcloud_launch.py
[1.255s] -- Up-to-date: /home/saun/ctrl_mr_dynamic/install/pointcloud_to_laserscan/share/ament_index/resource_index/package_run_dependencies/pointcloud_to_laserscan
[1.255s] -- Up-to-date: /home/saun/ctrl_mr_dynamic/install/pointcloud_to_laserscan/share/ament_index/resource_index/parent_prefix_path/pointcloud_to_laserscan
[1.255s] -- Up-to-date: /home/saun/ctrl_mr_dynamic/install/pointcloud_to_laserscan/share/pointcloud_to_laserscan/environment/ament_prefix_path.sh
[1.256s] -- Up-to-date: /home/saun/ctrl_mr_dynamic/install/pointcloud_to_laserscan/share/pointcloud_to_laserscan/environment/ament_prefix_path.dsv
[1.256s] -- Up-to-date: /home/saun/ctrl_mr_dynamic/install/pointcloud_to_laserscan/share/pointcloud_to_laserscan/environment/path.sh
[1.256s] -- Up-to-date: /home/saun/ctrl_mr_dynamic/install/pointcloud_to_laserscan/share/pointcloud_to_laserscan/environment/path.dsv
[1.257s] -- Up-to-date: /home/saun/ctrl_mr_dynamic/install/pointcloud_to_laserscan/share/pointcloud_to_laserscan/local_setup.bash
[1.257s] -- Up-to-date: /home/saun/ctrl_mr_dynamic/install/pointcloud_to_laserscan/share/pointcloud_to_laserscan/local_setup.sh
[1.257s] -- Up-to-date: /home/saun/ctrl_mr_dynamic/install/pointcloud_to_laserscan/share/pointcloud_to_laserscan/local_setup.zsh
[1.258s] -- Up-to-date: /home/saun/ctrl_mr_dynamic/install/pointcloud_to_laserscan/share/pointcloud_to_laserscan/local_setup.dsv
[1.258s] -- Installing: /home/saun/ctrl_mr_dynamic/install/pointcloud_to_laserscan/share/pointcloud_to_laserscan/package.dsv
[1.259s] -- Up-to-date: /home/saun/ctrl_mr_dynamic/install/pointcloud_to_laserscan/share/ament_index/resource_index/packages/pointcloud_to_laserscan
[1.259s] -- Up-to-date: /home/saun/ctrl_mr_dynamic/install/pointcloud_to_laserscan/share/ament_index/resource_index/rclcpp_components/pointcloud_to_laserscan
[1.259s] -- Up-to-date: /home/saun/ctrl_mr_dynamic/install/pointcloud_to_laserscan/share/pointcloud_to_laserscan/cmake/ament_cmake_export_dependencies-extras.cmake
[1.260s] -- Up-to-date: /home/saun/ctrl_mr_dynamic/install/pointcloud_to_laserscan/share/pointcloud_to_laserscan/cmake/ament_cmake_export_include_directories-extras.cmake
[1.260s] -- Up-to-date: /home/saun/ctrl_mr_dynamic/install/pointcloud_to_laserscan/share/pointcloud_to_laserscan/cmake/ament_cmake_export_libraries-extras.cmake
[1.260s] -- Up-to-date: /home/saun/ctrl_mr_dynamic/install/pointcloud_to_laserscan/share/pointcloud_to_laserscan/cmake/pointcloud_to_laserscanConfig.cmake
[1.261s] -- Up-to-date: /home/saun/ctrl_mr_dynamic/install/pointcloud_to_laserscan/share/pointcloud_to_laserscan/cmake/pointcloud_to_laserscanConfig-version.cmake
[1.261s] -- Up-to-date: /home/saun/ctrl_mr_dynamic/install/pointcloud_to_laserscan/share/pointcloud_to_laserscan/package.xml
[1.271s] Invoked command in '/home/saun/ctrl_mr_dynamic/build/pointcloud_to_laserscan' returned '0': CMAKE_PREFIX_PATH=${CMAKE_PREFIX_PATH}:/home/saun/ctrl_mr_dynamic/install/simple_control_pkg:/home/saun/ctrl_mr_dynamic/install/force_control_exp:/home/saun/ctrl_mr_dynamic/install/differential_robot:/opt/ros/humble /usr/bin/cmake --install /home/saun/ctrl_mr_dynamic/build/pointcloud_to_laserscan
