[0.819s] Invoking command in '/home/saun/ctrl_mr_dynamic/build/object_detection': CMAKE_PREFIX_PATH=${CMAKE_PREFIX_PATH}:/home/saun/ctrl_mr_dynamic/install/simple_control_pkg:/home/saun/ctrl_mr_dynamic/install/force_control_exp:/home/saun/ctrl_mr_dynamic/install/differential_robot:/opt/ros/humble /usr/bin/cmake --build /home/saun/ctrl_mr_dynamic/build/object_detection -- -j8 -l8
[0.936s] Built target ament_cmake_python_copy_object_detection
[1.659s] running egg_info
[1.661s] writing object_detection.egg-info/PKG-INFO
[1.661s] writing dependency_links to object_detection.egg-info/dependency_links.txt
[1.662s] writing top-level names to object_detection.egg-info/top_level.txt
[1.667s] reading manifest file 'object_detection.egg-info/SOURCES.txt'
[1.668s] writing manifest file 'object_detection.egg-info/SOURCES.txt'
[1.733s] Built target ament_cmake_python_build_object_detection_egg
[1.764s] Invoked command in '/home/saun/ctrl_mr_dynamic/build/object_detection' returned '0': CMAKE_PREFIX_PATH=${CMAKE_PREFIX_PATH}:/home/saun/ctrl_mr_dynamic/install/simple_control_pkg:/home/saun/ctrl_mr_dynamic/install/force_control_exp:/home/saun/ctrl_mr_dynamic/install/differential_robot:/opt/ros/humble /usr/bin/cmake --build /home/saun/ctrl_mr_dynamic/build/object_detection -- -j8 -l8
[1.817s] Invoking command in '/home/saun/ctrl_mr_dynamic/build/object_detection': CMAKE_PREFIX_PATH=${CMAKE_PREFIX_PATH}:/home/saun/ctrl_mr_dynamic/install/simple_control_pkg:/home/saun/ctrl_mr_dynamic/install/force_control_exp:/home/saun/ctrl_mr_dynamic/install/differential_robot:/opt/ros/humble /usr/bin/cmake --install /home/saun/ctrl_mr_dynamic/build/object_detection
[1.899s] -- Install configuration: ""
[1.899s] -- Up-to-date: /home/saun/ctrl_mr_dynamic/install/object_detection/share/object_detection/environment/pythonpath.sh
[1.899s] -- Up-to-date: /home/saun/ctrl_mr_dynamic/install/object_detection/share/object_detection/environment/pythonpath.dsv
[1.899s] -- Up-to-date: /home/saun/ctrl_mr_dynamic/install/object_detection/local/lib/python3.10/dist-packages/object_detection-1.0.0-py3.10.egg-info
[1.899s] -- Installing: /home/saun/ctrl_mr_dynamic/install/object_detection/local/lib/python3.10/dist-packages/object_detection-1.0.0-py3.10.egg-info/dependency_links.txt
[1.899s] -- Installing: /home/saun/ctrl_mr_dynamic/install/object_detection/local/lib/python3.10/dist-packages/object_detection-1.0.0-py3.10.egg-info/top_level.txt
[1.899s] -- Installing: /home/saun/ctrl_mr_dynamic/install/object_detection/local/lib/python3.10/dist-packages/object_detection-1.0.0-py3.10.egg-info/SOURCES.txt
[1.900s] -- Installing: /home/saun/ctrl_mr_dynamic/install/object_detection/local/lib/python3.10/dist-packages/object_detection-1.0.0-py3.10.egg-info/PKG-INFO
[1.900s] -- Up-to-date: /home/saun/ctrl_mr_dynamic/install/object_detection/local/lib/python3.10/dist-packages/object_detection
[1.900s] -- Up-to-date: /home/saun/ctrl_mr_dynamic/install/object_detection/local/lib/python3.10/dist-packages/object_detection/__init__.py
[1.921s] Listing '/home/saun/ctrl_mr_dynamic/install/object_detection/local/lib/python3.10/dist-packages/object_detection'...
[1.928s] -- Up-to-date: /home/saun/ctrl_mr_dynamic/install/object_detection/lib/object_detection/object_detection.py
[1.929s] -- Up-to-date: /home/saun/ctrl_mr_dynamic/install/object_detection/lib/object_detection/real_objection.py
[1.930s] -- Up-to-date: /home/saun/ctrl_mr_dynamic/install/object_detection/lib/object_detection/object_detection.launch.py
[1.930s] -- Up-to-date: /home/saun/ctrl_mr_dynamic/install/object_detection/share/object_detection/launch
[1.930s] -- Up-to-date: /home/saun/ctrl_mr_dynamic/install/object_detection/share/object_detection/launch/object_detection_gazebo.launch.py
[1.931s] -- Up-to-date: /home/saun/ctrl_mr_dynamic/install/object_detection/share/object_detection/launch/__pycache__
[1.931s] -- Up-to-date: /home/saun/ctrl_mr_dynamic/install/object_detection/share/object_detection/launch/__pycache__/object_detection.launch.cpython-310.pyc
[1.931s] -- Up-to-date: /home/saun/ctrl_mr_dynamic/install/object_detection/share/object_detection/launch/object_detection.launch.py
[1.931s] -- Up-to-date: /home/saun/ctrl_mr_dynamic/install/object_detection/share/object_detection/config
[1.931s] -- Up-to-date: /home/saun/ctrl_mr_dynamic/install/object_detection/share/object_detection/config/params_gazebo.yaml
[1.931s] -- Up-to-date: /home/saun/ctrl_mr_dynamic/install/object_detection/share/object_detection/config/params.yaml
[1.932s] -- Up-to-date: /home/saun/ctrl_mr_dynamic/install/object_detection/share/object_detection/rviz2
[1.932s] -- Up-to-date: /home/saun/ctrl_mr_dynamic/install/object_detection/share/object_detection/rviz2/object_detection_rviz2.rviz
[1.932s] -- Up-to-date: /home/saun/ctrl_mr_dynamic/install/object_detection/share/ament_index/resource_index/package_run_dependencies/object_detection
[1.932s] -- Up-to-date: /home/saun/ctrl_mr_dynamic/install/object_detection/share/ament_index/resource_index/parent_prefix_path/object_detection
[1.932s] -- Up-to-date: /home/saun/ctrl_mr_dynamic/install/object_detection/share/object_detection/environment/ament_prefix_path.sh
[1.932s] -- Up-to-date: /home/saun/ctrl_mr_dynamic/install/object_detection/share/object_detection/environment/ament_prefix_path.dsv
[1.932s] -- Up-to-date: /home/saun/ctrl_mr_dynamic/install/object_detection/share/object_detection/environment/path.sh
[1.933s] -- Up-to-date: /home/saun/ctrl_mr_dynamic/install/object_detection/share/object_detection/environment/path.dsv
[1.933s] -- Up-to-date: /home/saun/ctrl_mr_dynamic/install/object_detection/share/object_detection/local_setup.bash
[1.934s] -- Up-to-date: /home/saun/ctrl_mr_dynamic/install/object_detection/share/object_detection/local_setup.sh
[1.935s] -- Up-to-date: /home/saun/ctrl_mr_dynamic/install/object_detection/share/object_detection/local_setup.zsh
[1.936s] -- Up-to-date: /home/saun/ctrl_mr_dynamic/install/object_detection/share/object_detection/local_setup.dsv
[1.937s] -- Installing: /home/saun/ctrl_mr_dynamic/install/object_detection/share/object_detection/package.dsv
[1.937s] -- Up-to-date: /home/saun/ctrl_mr_dynamic/install/object_detection/share/ament_index/resource_index/packages/object_detection
[1.937s] -- Up-to-date: /home/saun/ctrl_mr_dynamic/install/object_detection/share/object_detection/cmake/object_detectionConfig.cmake
[1.938s] -- Up-to-date: /home/saun/ctrl_mr_dynamic/install/object_detection/share/object_detection/cmake/object_detectionConfig-version.cmake
[1.938s] -- Up-to-date: /home/saun/ctrl_mr_dynamic/install/object_detection/share/object_detection/package.xml
[1.964s] Invoked command in '/home/saun/ctrl_mr_dynamic/build/object_detection' returned '0': CMAKE_PREFIX_PATH=${CMAKE_PREFIX_PATH}:/home/saun/ctrl_mr_dynamic/install/simple_control_pkg:/home/saun/ctrl_mr_dynamic/install/force_control_exp:/home/saun/ctrl_mr_dynamic/install/differential_robot:/opt/ros/humble /usr/bin/cmake --install /home/saun/ctrl_mr_dynamic/build/object_detection
