[1.958s] Invoking command in '/home/saun/ctrl_mr_dynamic/src/simple_control_pkg': PYTHONPATH=/home/saun/ctrl_mr_dynamic/build/simple_control_pkg/prefix_override:/usr/lib/python3/dist-packages/colcon_core/task/python/colcon_distutils_commands:/home/saun/ctrl_mr_dynamic/install/simple_control_pkg/lib/python3.10/site-packages:${PYTHONPATH} /usr/bin/python3 -W ignore:setup.py install is deprecated setup.py egg_info --egg-base ../../build/simple_control_pkg build --build-base /home/saun/ctrl_mr_dynamic/build/simple_control_pkg/build install --record /home/saun/ctrl_mr_dynamic/build/simple_control_pkg/install.log --single-version-externally-managed install_data
[2.502s] running egg_info
[2.503s] writing ../../build/simple_control_pkg/simple_control_pkg.egg-info/PKG-INFO
[2.504s] writing dependency_links to ../../build/simple_control_pkg/simple_control_pkg.egg-info/dependency_links.txt
[2.504s] writing entry points to ../../build/simple_control_pkg/simple_control_pkg.egg-info/entry_points.txt
[2.506s] writing requirements to ../../build/simple_control_pkg/simple_control_pkg.egg-info/requires.txt
[2.507s] writing top-level names to ../../build/simple_control_pkg/simple_control_pkg.egg-info/top_level.txt
[2.511s] reading manifest file '../../build/simple_control_pkg/simple_control_pkg.egg-info/SOURCES.txt'
[2.512s] writing manifest file '../../build/simple_control_pkg/simple_control_pkg.egg-info/SOURCES.txt'
[2.512s] running build
[2.513s] running build_py
[2.513s] running install
[2.513s] running install_lib
[2.515s] running install_data
[2.515s] running install_egg_info
[2.518s] removing '/home/saun/ctrl_mr_dynamic/install/simple_control_pkg/lib/python3.10/site-packages/simple_control_pkg-0.0.0-py3.10.egg-info' (and everything under it)
[2.518s] Copying ../../build/simple_control_pkg/simple_control_pkg.egg-info to /home/saun/ctrl_mr_dynamic/install/simple_control_pkg/lib/python3.10/site-packages/simple_control_pkg-0.0.0-py3.10.egg-info
[2.520s] running install_scripts
[2.562s] Installing simple_control script to /home/saun/ctrl_mr_dynamic/install/simple_control_pkg/lib/simple_control_pkg
[2.562s] writing list of installed files to '/home/saun/ctrl_mr_dynamic/build/simple_control_pkg/install.log'
[2.604s] Invoked command in '/home/saun/ctrl_mr_dynamic/src/simple_control_pkg' returned '0': PYTHONPATH=/home/saun/ctrl_mr_dynamic/build/simple_control_pkg/prefix_override:/usr/lib/python3/dist-packages/colcon_core/task/python/colcon_distutils_commands:/home/saun/ctrl_mr_dynamic/install/simple_control_pkg/lib/python3.10/site-packages:${PYTHONPATH} /usr/bin/python3 -W ignore:setup.py install is deprecated setup.py egg_info --egg-base ../../build/simple_control_pkg build --build-base /home/saun/ctrl_mr_dynamic/build/simple_control_pkg/build install --record /home/saun/ctrl_mr_dynamic/build/simple_control_pkg/install.log --single-version-externally-managed install_data
