[0.021s] Invoking command in '/home/saun/ctrl_mr_dynamic/build/visual_control_v1': CMAKE_PREFIX_PATH=${CMAKE_PREFIX_PATH}:/home/saun/ctrl_mr_dynamic/install/simple_control_pkg:/home/saun/ctrl_mr_dynamic/install/force_control_exp:/home/saun/ctrl_mr_dynamic/install/differential_robot:/opt/ros/humble /usr/bin/cmake /home/saun/ctrl_mr_dynamic/src/project/object_tracking/visual_control_v1 -DCMAKE_INSTALL_PREFIX=/home/saun/ctrl_mr_dynamic/install/visual_control_v1
[0.374s] -- The C compiler identification is GNU 11.4.0
[0.374s] -- The CXX compiler identification is GNU 11.4.0
[0.375s] -- Detecting C compiler ABI info
[0.551s] -- Detecting C compiler ABI info - done
[0.577s] -- Check for working C compiler: /usr/bin/cc - skipped
[0.578s] -- Detecting C compile features
[0.580s] -- Detecting C compile features - done
[0.587s] -- Detecting CXX compiler ABI info
[0.781s] -- Detecting CXX compiler ABI info - done
[0.805s] -- Check for working CXX compiler: /usr/bin/c++ - skipped
[0.806s] -- Detecting CXX compile features
[0.807s] -- Detecting CXX compile features - done
[0.816s] -- Found ament_cmake: 1.3.9 (/opt/ros/humble/share/ament_cmake/cmake)
[1.178s] -- Found Python3: /usr/bin/python3 (found version "3.10.12") found components: Interpreter 
[1.387s] -- Found rclpy: 3.3.13 (/opt/ros/humble/share/rclpy/cmake)
[1.392s] -- Found rclcpp: 16.0.9 (/opt/ros/humble/share/rclcpp/cmake)
[1.485s] -- Found rosidl_generator_c: 3.1.5 (/opt/ros/humble/share/rosidl_generator_c/cmake)
[1.495s] -- Found rosidl_adapter: 3.1.5 (/opt/ros/humble/share/rosidl_adapter/cmake)
[1.509s] -- Found rosidl_generator_cpp: 3.1.5 (/opt/ros/humble/share/rosidl_generator_cpp/cmake)
[1.531s] -- Using all available rosidl_typesupport_c: rosidl_typesupport_fastrtps_c;rosidl_typesupport_introspection_c
[1.563s] -- Using all available rosidl_typesupport_cpp: rosidl_typesupport_fastrtps_cpp;rosidl_typesupport_introspection_cpp
[1.745s] -- Found rmw_implementation_cmake: 6.1.2 (/opt/ros/humble/share/rmw_implementation_cmake/cmake)
[1.753s] -- Found rmw_fastrtps_cpp: 6.2.6 (/opt/ros/humble/share/rmw_fastrtps_cpp/cmake)
[1.974s] -- Found OpenSSL: /usr/lib/x86_64-linux-gnu/libcrypto.so (found version "3.0.2")  
[2.037s] -- Found FastRTPS: /opt/ros/humble/include  
[2.147s] -- Using RMW implementation 'rmw_fastrtps_cpp' as default
[2.178s] -- Looking for pthread.h
[2.335s] -- Looking for pthread.h - found
[2.335s] -- Performing Test CMAKE_HAVE_LIBC_PTHREAD
[2.488s] -- Performing Test CMAKE_HAVE_LIBC_PTHREAD - Success
[2.491s] -- Found Threads: TRUE  
[2.869s] -- Found geometry_msgs: 4.2.4 (/opt/ros/humble/share/geometry_msgs/cmake)
[2.977s] -- Found nav_msgs: 4.2.4 (/opt/ros/humble/share/nav_msgs/cmake)
[3.179s] -- Found tf2_ros: 0.25.7 (/opt/ros/humble/share/tf2_ros/cmake)
[4.084s] -- Found rviz2: 11.2.12 (/opt/ros/humble/share/rviz2/cmake)
[4.090s] -- Found cv_bridge: 3.2.1 (/opt/ros/humble/share/cv_bridge/cmake)
[4.370s] -- Found visualization_msgs: 4.2.4 (/opt/ros/humble/share/visualization_msgs/cmake)
[4.702s] -- Found ament_lint_auto: 0.12.11 (/opt/ros/humble/share/ament_lint_auto/cmake)
[4.964s] -- Added test 'flake8' to check Python code syntax and style conventions
[4.966s] -- Added test 'lint_cmake' to check CMake code style
[4.968s] -- Added test 'pep257' to check Python code against some of the docstring style conventions in PEP 257
[4.971s] -- Added test 'xmllint' to check XML markup files
[4.975s] -- Configuring done
[4.988s] -- Generating done
[4.992s] -- Build files have been written to: /home/saun/ctrl_mr_dynamic/build/visual_control_v1
[5.015s] Invoked command in '/home/saun/ctrl_mr_dynamic/build/visual_control_v1' returned '0': CMAKE_PREFIX_PATH=${CMAKE_PREFIX_PATH}:/home/saun/ctrl_mr_dynamic/install/simple_control_pkg:/home/saun/ctrl_mr_dynamic/install/force_control_exp:/home/saun/ctrl_mr_dynamic/install/differential_robot:/opt/ros/humble /usr/bin/cmake /home/saun/ctrl_mr_dynamic/src/project/object_tracking/visual_control_v1 -DCMAKE_INSTALL_PREFIX=/home/saun/ctrl_mr_dynamic/install/visual_control_v1
[5.018s] Invoking command in '/home/saun/ctrl_mr_dynamic/build/visual_control_v1': CMAKE_PREFIX_PATH=${CMAKE_PREFIX_PATH}:/home/saun/ctrl_mr_dynamic/install/simple_control_pkg:/home/saun/ctrl_mr_dynamic/install/force_control_exp:/home/saun/ctrl_mr_dynamic/install/differential_robot:/opt/ros/humble /usr/bin/cmake --build /home/saun/ctrl_mr_dynamic/build/visual_control_v1 -- -j8 -l8
[5.108s] Built target ament_cmake_python_copy_visual_control_v1
[5.513s] running egg_info
[5.513s] creating visual_control_v1.egg-info
[5.514s] writing visual_control_v1.egg-info/PKG-INFO
[5.514s] writing dependency_links to visual_control_v1.egg-info/dependency_links.txt
[5.514s] writing top-level names to visual_control_v1.egg-info/top_level.txt
[5.514s] writing manifest file 'visual_control_v1.egg-info/SOURCES.txt'
[5.517s] reading manifest file 'visual_control_v1.egg-info/SOURCES.txt'
[5.518s] writing manifest file 'visual_control_v1.egg-info/SOURCES.txt'
[5.555s] Built target ament_cmake_python_build_visual_control_v1_egg
[5.572s] Invoked command in '/home/saun/ctrl_mr_dynamic/build/visual_control_v1' returned '0': CMAKE_PREFIX_PATH=${CMAKE_PREFIX_PATH}:/home/saun/ctrl_mr_dynamic/install/simple_control_pkg:/home/saun/ctrl_mr_dynamic/install/force_control_exp:/home/saun/ctrl_mr_dynamic/install/differential_robot:/opt/ros/humble /usr/bin/cmake --build /home/saun/ctrl_mr_dynamic/build/visual_control_v1 -- -j8 -l8
[5.612s] Invoking command in '/home/saun/ctrl_mr_dynamic/build/visual_control_v1': CMAKE_PREFIX_PATH=${CMAKE_PREFIX_PATH}:/home/saun/ctrl_mr_dynamic/install/simple_control_pkg:/home/saun/ctrl_mr_dynamic/install/force_control_exp:/home/saun/ctrl_mr_dynamic/install/differential_robot:/opt/ros/humble /usr/bin/cmake --install /home/saun/ctrl_mr_dynamic/build/visual_control_v1
[5.624s] -- Install configuration: ""
[5.624s] -- Installing: /home/saun/ctrl_mr_dynamic/install/visual_control_v1/share/visual_control_v1/environment/pythonpath.sh
[5.624s] -- Installing: /home/saun/ctrl_mr_dynamic/install/visual_control_v1/share/visual_control_v1/environment/pythonpath.dsv
[5.624s] -- Installing: /home/saun/ctrl_mr_dynamic/install/visual_control_v1/local/lib/python3.10/dist-packages/visual_control_v1-1.0.0-py3.10.egg-info
[5.625s] -- Installing: /home/saun/ctrl_mr_dynamic/install/visual_control_v1/local/lib/python3.10/dist-packages/visual_control_v1-1.0.0-py3.10.egg-info/dependency_links.txt
[5.625s] -- Installing: /home/saun/ctrl_mr_dynamic/install/visual_control_v1/local/lib/python3.10/dist-packages/visual_control_v1-1.0.0-py3.10.egg-info/top_level.txt
[5.625s] -- Installing: /home/saun/ctrl_mr_dynamic/install/visual_control_v1/local/lib/python3.10/dist-packages/visual_control_v1-1.0.0-py3.10.egg-info/SOURCES.txt
[5.625s] -- Installing: /home/saun/ctrl_mr_dynamic/install/visual_control_v1/local/lib/python3.10/dist-packages/visual_control_v1-1.0.0-py3.10.egg-info/PKG-INFO
[5.625s] -- Installing: /home/saun/ctrl_mr_dynamic/install/visual_control_v1/local/lib/python3.10/dist-packages/visual_control_v1
[5.626s] -- Installing: /home/saun/ctrl_mr_dynamic/install/visual_control_v1/local/lib/python3.10/dist-packages/visual_control_v1/__init__.py
[5.674s] Listing '/home/saun/ctrl_mr_dynamic/install/visual_control_v1/local/lib/python3.10/dist-packages/visual_control_v1'...
[5.674s] Compiling '/home/saun/ctrl_mr_dynamic/install/visual_control_v1/local/lib/python3.10/dist-packages/visual_control_v1/__init__.py'...
[5.680s] -- Installing: /home/saun/ctrl_mr_dynamic/install/visual_control_v1/lib/visual_control_v1/irobot_PID.py
[5.681s] -- Installing: /home/saun/ctrl_mr_dynamic/install/visual_control_v1/lib/visual_control_v1/irobot_PID.launch.py
[5.681s] -- Installing: /home/saun/ctrl_mr_dynamic/install/visual_control_v1/share/visual_control_v1/launch
[5.682s] -- Installing: /home/saun/ctrl_mr_dynamic/install/visual_control_v1/share/visual_control_v1/launch/irobot_PID.launch.py
[5.682s] -- Installing: /home/saun/ctrl_mr_dynamic/install/visual_control_v1/share/visual_control_v1/config
[5.682s] -- Installing: /home/saun/ctrl_mr_dynamic/install/visual_control_v1/share/visual_control_v1/config/params.yaml
[5.683s] -- Installing: /home/saun/ctrl_mr_dynamic/install/visual_control_v1/share/ament_index/resource_index/package_run_dependencies/visual_control_v1
[5.683s] -- Installing: /home/saun/ctrl_mr_dynamic/install/visual_control_v1/share/ament_index/resource_index/parent_prefix_path/visual_control_v1
[5.683s] -- Installing: /home/saun/ctrl_mr_dynamic/install/visual_control_v1/share/visual_control_v1/environment/ament_prefix_path.sh
[5.684s] -- Installing: /home/saun/ctrl_mr_dynamic/install/visual_control_v1/share/visual_control_v1/environment/ament_prefix_path.dsv
[5.684s] -- Installing: /home/saun/ctrl_mr_dynamic/install/visual_control_v1/share/visual_control_v1/environment/path.sh
[5.684s] -- Installing: /home/saun/ctrl_mr_dynamic/install/visual_control_v1/share/visual_control_v1/environment/path.dsv
[5.684s] -- Installing: /home/saun/ctrl_mr_dynamic/install/visual_control_v1/share/visual_control_v1/local_setup.bash
[5.684s] -- Installing: /home/saun/ctrl_mr_dynamic/install/visual_control_v1/share/visual_control_v1/local_setup.sh
[5.685s] -- Installing: /home/saun/ctrl_mr_dynamic/install/visual_control_v1/share/visual_control_v1/local_setup.zsh
[5.685s] -- Installing: /home/saun/ctrl_mr_dynamic/install/visual_control_v1/share/visual_control_v1/local_setup.dsv
[5.685s] -- Installing: /home/saun/ctrl_mr_dynamic/install/visual_control_v1/share/visual_control_v1/package.dsv
[5.685s] -- Installing: /home/saun/ctrl_mr_dynamic/install/visual_control_v1/share/ament_index/resource_index/packages/visual_control_v1
[5.685s] -- Installing: /home/saun/ctrl_mr_dynamic/install/visual_control_v1/share/visual_control_v1/cmake/visual_control_v1Config.cmake
[5.686s] -- Installing: /home/saun/ctrl_mr_dynamic/install/visual_control_v1/share/visual_control_v1/cmake/visual_control_v1Config-version.cmake
[5.686s] -- Installing: /home/saun/ctrl_mr_dynamic/install/visual_control_v1/share/visual_control_v1/package.xml
[5.690s] Invoked command in '/home/saun/ctrl_mr_dynamic/build/visual_control_v1' returned '0': CMAKE_PREFIX_PATH=${CMAKE_PREFIX_PATH}:/home/saun/ctrl_mr_dynamic/install/simple_control_pkg:/home/saun/ctrl_mr_dynamic/install/force_control_exp:/home/saun/ctrl_mr_dynamic/install/differential_robot:/opt/ros/humble /usr/bin/cmake --install /home/saun/ctrl_mr_dynamic/build/visual_control_v1
