[1.514s] Invoking command in '/home/saun/ctrl_mr_dynamic/src/force_control_exp': PYTHONPATH=/home/saun/ctrl_mr_dynamic/build/force_control_exp/prefix_override:/usr/lib/python3/dist-packages/colcon_core/task/python/colcon_distutils_commands:/home/saun/ctrl_mr_dynamic/install/force_control_exp/lib/python3.10/site-packages:${PYTHONPATH} /usr/bin/python3 -W ignore:setup.py install is deprecated setup.py egg_info --egg-base ../../build/force_control_exp build --build-base /home/saun/ctrl_mr_dynamic/build/force_control_exp/build install --record /home/saun/ctrl_mr_dynamic/build/force_control_exp/install.log --single-version-externally-managed install_data
[1.950s] running egg_info
[1.951s] writing ../../build/force_control_exp/force_control_exp.egg-info/PKG-INFO
[1.951s] writing dependency_links to ../../build/force_control_exp/force_control_exp.egg-info/dependency_links.txt
[1.951s] writing entry points to ../../build/force_control_exp/force_control_exp.egg-info/entry_points.txt
[1.952s] writing requirements to ../../build/force_control_exp/force_control_exp.egg-info/requires.txt
[1.952s] writing top-level names to ../../build/force_control_exp/force_control_exp.egg-info/top_level.txt
[1.953s] reading manifest file '../../build/force_control_exp/force_control_exp.egg-info/SOURCES.txt'
[1.954s] adding license file 'LICENSE'
[1.955s] writing manifest file '../../build/force_control_exp/force_control_exp.egg-info/SOURCES.txt'
[1.955s] running build
[1.955s] running build_py
[1.955s] running install
[1.955s] running install_lib
[1.958s] running install_data
[1.958s] running install_egg_info
[1.960s] removing '/home/saun/ctrl_mr_dynamic/install/force_control_exp/lib/python3.10/site-packages/force_control_exp-0.0.0-py3.10.egg-info' (and everything under it)
[1.960s] Copying ../../build/force_control_exp/force_control_exp.egg-info to /home/saun/ctrl_mr_dynamic/install/force_control_exp/lib/python3.10/site-packages/force_control_exp-0.0.0-py3.10.egg-info
[1.962s] running install_scripts
[1.989s] Installing force_control_exp_node script to /home/saun/ctrl_mr_dynamic/install/force_control_exp/lib/force_control_exp
[1.990s] writing list of installed files to '/home/saun/ctrl_mr_dynamic/build/force_control_exp/install.log'
[2.161s] Invoked command in '/home/saun/ctrl_mr_dynamic/src/force_control_exp' returned '0': PYTHONPATH=/home/saun/ctrl_mr_dynamic/build/force_control_exp/prefix_override:/usr/lib/python3/dist-packages/colcon_core/task/python/colcon_distutils_commands:/home/saun/ctrl_mr_dynamic/install/force_control_exp/lib/python3.10/site-packages:${PYTHONPATH} /usr/bin/python3 -W ignore:setup.py install is deprecated setup.py egg_info --egg-base ../../build/force_control_exp build --build-base /home/saun/ctrl_mr_dynamic/build/force_control_exp/build install --record /home/saun/ctrl_mr_dynamic/build/force_control_exp/install.log --single-version-externally-managed install_data
