[0.652s] Invoking command in '/home/saun/ctrl_mr_dynamic/build/object_detection': CMAKE_PREFIX_PATH=${CMAKE_PREFIX_PATH}:/home/saun/ctrl_mr_dynamic/install/simple_control_pkg:/home/saun/ctrl_mr_dynamic/install/force_control_exp:/home/saun/ctrl_mr_dynamic/install/differential_robot:/opt/ros/humble /usr/bin/cmake /home/saun/ctrl_mr_dynamic/src/project/object_tracking/object_detection -DCMAKE_INSTALL_PREFIX=/home/saun/ctrl_mr_dynamic/install/object_detection
[0.763s] -- The C compiler identification is GNU 11.4.0
[0.896s] -- The CXX compiler identification is GNU 11.4.0
[0.913s] -- Detecting C compiler ABI info
[1.058s] -- Detecting C compiler ABI info - done
[1.077s] -- Check for working C compiler: /usr/bin/cc - skipped
[1.077s] -- Detecting C compile features
[1.078s] -- Detecting C compile features - done
[1.084s] -- Detecting CXX compiler ABI info
[1.246s] -- Detecting CXX compiler ABI info - done
[1.267s] -- Check for working CXX compiler: /usr/bin/c++ - skipped
[1.268s] -- Detecting CXX compile features
[1.270s] -- Detecting CXX compile features - done
[1.276s] -- Found ament_cmake: 1.3.9 (/opt/ros/humble/share/ament_cmake/cmake)
[1.618s] -- Found Python3: /usr/bin/python3 (found version "3.10.12") found components: Interpreter 
[1.804s] -- Found rclpy: 3.3.13 (/opt/ros/humble/share/rclpy/cmake)
[1.807s] -- Found rclcpp: 16.0.9 (/opt/ros/humble/share/rclcpp/cmake)
[1.898s] -- Found rosidl_generator_c: 3.1.5 (/opt/ros/humble/share/rosidl_generator_c/cmake)
[1.911s] -- Found rosidl_adapter: 3.1.5 (/opt/ros/humble/share/rosidl_adapter/cmake)
[1.929s] -- Found rosidl_generator_cpp: 3.1.5 (/opt/ros/humble/share/rosidl_generator_cpp/cmake)
[1.964s] -- Using all available rosidl_typesupport_c: rosidl_typesupport_fastrtps_c;rosidl_typesupport_introspection_c
[2.013s] -- Using all available rosidl_typesupport_cpp: rosidl_typesupport_fastrtps_cpp;rosidl_typesupport_introspection_cpp
[2.163s] -- Found rmw_implementation_cmake: 6.1.2 (/opt/ros/humble/share/rmw_implementation_cmake/cmake)
[2.167s] -- Found rmw_fastrtps_cpp: 6.2.6 (/opt/ros/humble/share/rmw_fastrtps_cpp/cmake)
[2.300s] -- Found OpenSSL: /usr/lib/x86_64-linux-gnu/libcrypto.so (found version "3.0.2")  
[2.351s] -- Found FastRTPS: /opt/ros/humble/include  
[2.439s] -- Using RMW implementation 'rmw_fastrtps_cpp' as default
[2.459s] -- Looking for pthread.h
[2.584s] -- Looking for pthread.h - found
[2.585s] -- Performing Test CMAKE_HAVE_LIBC_PTHREAD
[2.719s] -- Performing Test CMAKE_HAVE_LIBC_PTHREAD - Success
[2.721s] -- Found Threads: TRUE  
[3.019s] -- Found geometry_msgs: 4.2.4 (/opt/ros/humble/share/geometry_msgs/cmake)
[3.076s] -- Found nav_msgs: 4.2.4 (/opt/ros/humble/share/nav_msgs/cmake)
[3.188s] -- Found tf2_ros: 0.25.7 (/opt/ros/humble/share/tf2_ros/cmake)
[3.657s] -- Found rviz2: 11.2.12 (/opt/ros/humble/share/rviz2/cmake)
[3.659s] -- Found cv_bridge: 3.2.1 (/opt/ros/humble/share/cv_bridge/cmake)
[3.909s] -- Found visualization_msgs: 4.2.4 (/opt/ros/humble/share/visualization_msgs/cmake)
[4.222s] -- Found ament_lint_auto: 0.12.11 (/opt/ros/humble/share/ament_lint_auto/cmake)
[4.440s] -- Added test 'flake8' to check Python code syntax and style conventions
[4.442s] -- Added test 'lint_cmake' to check CMake code style
[4.443s] -- Added test 'pep257' to check Python code against some of the docstring style conventions in PEP 257
[4.448s] -- Added test 'xmllint' to check XML markup files
[4.451s] -- Configuring done
[4.463s] -- Generating done
[4.466s] -- Build files have been written to: /home/saun/ctrl_mr_dynamic/build/object_detection
[4.487s] Invoked command in '/home/saun/ctrl_mr_dynamic/build/object_detection' returned '0': CMAKE_PREFIX_PATH=${CMAKE_PREFIX_PATH}:/home/saun/ctrl_mr_dynamic/install/simple_control_pkg:/home/saun/ctrl_mr_dynamic/install/force_control_exp:/home/saun/ctrl_mr_dynamic/install/differential_robot:/opt/ros/humble /usr/bin/cmake /home/saun/ctrl_mr_dynamic/src/project/object_tracking/object_detection -DCMAKE_INSTALL_PREFIX=/home/saun/ctrl_mr_dynamic/install/object_detection
[4.490s] Invoking command in '/home/saun/ctrl_mr_dynamic/build/object_detection': CMAKE_PREFIX_PATH=${CMAKE_PREFIX_PATH}:/home/saun/ctrl_mr_dynamic/install/simple_control_pkg:/home/saun/ctrl_mr_dynamic/install/force_control_exp:/home/saun/ctrl_mr_dynamic/install/differential_robot:/opt/ros/humble /usr/bin/cmake --build /home/saun/ctrl_mr_dynamic/build/object_detection -- -j8 -l8
[5.053s] Built target ament_cmake_python_copy_object_detection
[5.301s] running egg_info
[5.303s] creating object_detection.egg-info
[5.303s] writing object_detection.egg-info/PKG-INFO
[5.304s] writing dependency_links to object_detection.egg-info/dependency_links.txt
[5.304s] writing top-level names to object_detection.egg-info/top_level.txt
[5.304s] writing manifest file 'object_detection.egg-info/SOURCES.txt'
[5.307s] reading manifest file 'object_detection.egg-info/SOURCES.txt'
[5.308s] writing manifest file 'object_detection.egg-info/SOURCES.txt'
[5.365s] Built target ament_cmake_python_build_object_detection_egg
[5.982s] Invoked command in '/home/saun/ctrl_mr_dynamic/build/object_detection' returned '0': CMAKE_PREFIX_PATH=${CMAKE_PREFIX_PATH}:/home/saun/ctrl_mr_dynamic/install/simple_control_pkg:/home/saun/ctrl_mr_dynamic/install/force_control_exp:/home/saun/ctrl_mr_dynamic/install/differential_robot:/opt/ros/humble /usr/bin/cmake --build /home/saun/ctrl_mr_dynamic/build/object_detection -- -j8 -l8
[6.108s] Invoking command in '/home/saun/ctrl_mr_dynamic/build/object_detection': CMAKE_PREFIX_PATH=${CMAKE_PREFIX_PATH}:/home/saun/ctrl_mr_dynamic/install/simple_control_pkg:/home/saun/ctrl_mr_dynamic/install/force_control_exp:/home/saun/ctrl_mr_dynamic/install/differential_robot:/opt/ros/humble /usr/bin/cmake --install /home/saun/ctrl_mr_dynamic/build/object_detection
[6.123s] -- Install configuration: ""
[6.124s] -- Installing: /home/saun/ctrl_mr_dynamic/install/object_detection/share/object_detection/environment/pythonpath.sh
[6.128s] -- Installing: /home/saun/ctrl_mr_dynamic/install/object_detection/share/object_detection/environment/pythonpath.dsv
[6.129s] -- Installing: /home/saun/ctrl_mr_dynamic/install/object_detection/local/lib/python3.10/dist-packages/object_detection-1.0.0-py3.10.egg-info
[6.130s] -- Installing: /home/saun/ctrl_mr_dynamic/install/object_detection/local/lib/python3.10/dist-packages/object_detection-1.0.0-py3.10.egg-info/dependency_links.txt
[6.130s] -- Installing: /home/saun/ctrl_mr_dynamic/install/object_detection/local/lib/python3.10/dist-packages/object_detection-1.0.0-py3.10.egg-info/top_level.txt
[6.130s] -- Installing: /home/saun/ctrl_mr_dynamic/install/object_detection/local/lib/python3.10/dist-packages/object_detection-1.0.0-py3.10.egg-info/SOURCES.txt
[6.130s] -- Installing: /home/saun/ctrl_mr_dynamic/install/object_detection/local/lib/python3.10/dist-packages/object_detection-1.0.0-py3.10.egg-info/PKG-INFO
[6.130s] -- Installing: /home/saun/ctrl_mr_dynamic/install/object_detection/local/lib/python3.10/dist-packages/object_detection
[6.130s] -- Installing: /home/saun/ctrl_mr_dynamic/install/object_detection/local/lib/python3.10/dist-packages/object_detection/__init__.py
[6.235s] Listing '/home/saun/ctrl_mr_dynamic/install/object_detection/local/lib/python3.10/dist-packages/object_detection'...
[6.235s] Compiling '/home/saun/ctrl_mr_dynamic/install/object_detection/local/lib/python3.10/dist-packages/object_detection/__init__.py'...
[6.246s] -- Installing: /home/saun/ctrl_mr_dynamic/install/object_detection/lib/object_detection/object_detection.py
[6.271s] -- Installing: /home/saun/ctrl_mr_dynamic/install/object_detection/lib/object_detection/real_objection.py
[6.271s] -- Installing: /home/saun/ctrl_mr_dynamic/install/object_detection/lib/object_detection/object_detection.launch.py
[6.271s] -- Installing: /home/saun/ctrl_mr_dynamic/install/object_detection/share/object_detection/launch
[6.271s] -- Installing: /home/saun/ctrl_mr_dynamic/install/object_detection/share/object_detection/launch/object_detection_gazebo.launch.py
[6.271s] -- Installing: /home/saun/ctrl_mr_dynamic/install/object_detection/share/object_detection/launch/__pycache__
[6.272s] -- Installing: /home/saun/ctrl_mr_dynamic/install/object_detection/share/object_detection/launch/__pycache__/object_detection.launch.cpython-310.pyc
[6.272s] -- Installing: /home/saun/ctrl_mr_dynamic/install/object_detection/share/object_detection/launch/object_detection.launch.py
[6.272s] -- Installing: /home/saun/ctrl_mr_dynamic/install/object_detection/share/object_detection/config
[6.272s] -- Installing: /home/saun/ctrl_mr_dynamic/install/object_detection/share/object_detection/config/params_gazebo.yaml
[6.272s] -- Installing: /home/saun/ctrl_mr_dynamic/install/object_detection/share/object_detection/rviz2
[6.272s] -- Installing: /home/saun/ctrl_mr_dynamic/install/object_detection/share/object_detection/rviz2/object_detection_rviz2.rviz
[6.273s] -- Installing: /home/saun/ctrl_mr_dynamic/install/object_detection/share/ament_index/resource_index/package_run_dependencies/object_detection
[6.274s] -- Installing: /home/saun/ctrl_mr_dynamic/install/object_detection/share/ament_index/resource_index/parent_prefix_path/object_detection
[6.274s] -- Installing: /home/saun/ctrl_mr_dynamic/install/object_detection/share/object_detection/environment/ament_prefix_path.sh
[6.274s] -- Installing: /home/saun/ctrl_mr_dynamic/install/object_detection/share/object_detection/environment/ament_prefix_path.dsv
[6.274s] -- Installing: /home/saun/ctrl_mr_dynamic/install/object_detection/share/object_detection/environment/path.sh
[6.274s] -- Installing: /home/saun/ctrl_mr_dynamic/install/object_detection/share/object_detection/environment/path.dsv
[6.275s] -- Installing: /home/saun/ctrl_mr_dynamic/install/object_detection/share/object_detection/local_setup.bash
[6.275s] -- Installing: /home/saun/ctrl_mr_dynamic/install/object_detection/share/object_detection/local_setup.sh
[6.275s] -- Installing: /home/saun/ctrl_mr_dynamic/install/object_detection/share/object_detection/local_setup.zsh
[6.275s] -- Installing: /home/saun/ctrl_mr_dynamic/install/object_detection/share/object_detection/local_setup.dsv
[6.275s] -- Installing: /home/saun/ctrl_mr_dynamic/install/object_detection/share/object_detection/package.dsv
[6.275s] -- Installing: /home/saun/ctrl_mr_dynamic/install/object_detection/share/ament_index/resource_index/packages/object_detection
[6.275s] -- Installing: /home/saun/ctrl_mr_dynamic/install/object_detection/share/object_detection/cmake/object_detectionConfig.cmake
[6.276s] -- Installing: /home/saun/ctrl_mr_dynamic/install/object_detection/share/object_detection/cmake/object_detectionConfig-version.cmake
[6.276s] -- Installing: /home/saun/ctrl_mr_dynamic/install/object_detection/share/object_detection/package.xml
[6.316s] Invoked command in '/home/saun/ctrl_mr_dynamic/build/object_detection' returned '0': CMAKE_PREFIX_PATH=${CMAKE_PREFIX_PATH}:/home/saun/ctrl_mr_dynamic/install/simple_control_pkg:/home/saun/ctrl_mr_dynamic/install/force_control_exp:/home/saun/ctrl_mr_dynamic/install/differential_robot:/opt/ros/humble /usr/bin/cmake --install /home/saun/ctrl_mr_dynamic/build/object_detection
