[0.656s] Invoking command in '/home/saun/ctrl_mr_dynamic/build/pointcloud_to_laserscan': CMAKE_PREFIX_PATH=${CMAKE_PREFIX_PATH}:/home/saun/ctrl_mr_dynamic/install/simple_control_pkg:/home/saun/ctrl_mr_dynamic/install/force_control_exp:/home/saun/ctrl_mr_dynamic/install/differential_robot:/opt/ros/humble /usr/bin/cmake /home/saun/ctrl_mr_dynamic/src/pointcloud_to_laserscan -DCMAKE_INSTALL_PREFIX=/home/saun/ctrl_mr_dynamic/install/pointcloud_to_laserscan
[0.767s] -- The C compiler identification is GNU 11.4.0
[0.883s] -- The CXX compiler identification is GNU 11.4.0
[0.899s] -- Detecting C compiler ABI info
[1.041s] -- Detecting C compiler ABI info - done
[1.062s] -- Check for working C compiler: /usr/bin/cc - skipped
[1.062s] -- Detecting C compile features
[1.063s] -- Detecting C compile features - done
[1.071s] -- Detecting CXX compiler ABI info
[1.237s] -- Detecting CXX compiler ABI info - done
[1.256s] -- Check for working CXX compiler: /usr/bin/c++ - skipped
[1.256s] -- Detecting CXX compile features
[1.257s] -- Detecting CXX compile features - done
[1.262s] -- Found ament_cmake_auto: 1.3.9 (/opt/ros/humble/share/ament_cmake_auto/cmake)
[1.587s] -- Found Python3: /usr/bin/python3 (found version "3.10.12") found components: Interpreter 
[2.036s] -- Found rosidl_generator_c: 3.1.5 (/opt/ros/humble/share/rosidl_generator_c/cmake)
[2.046s] -- Found rosidl_adapter: 3.1.5 (/opt/ros/humble/share/rosidl_adapter/cmake)
[2.060s] -- Found rosidl_generator_cpp: 3.1.5 (/opt/ros/humble/share/rosidl_generator_cpp/cmake)
[2.078s] -- Using all available rosidl_typesupport_c: rosidl_typesupport_fastrtps_c;rosidl_typesupport_introspection_c
[2.106s] -- Using all available rosidl_typesupport_cpp: rosidl_typesupport_fastrtps_cpp;rosidl_typesupport_introspection_cpp
[2.201s] -- Found rmw_implementation_cmake: 6.1.2 (/opt/ros/humble/share/rmw_implementation_cmake/cmake)
[2.205s] -- Found rmw_fastrtps_cpp: 6.2.6 (/opt/ros/humble/share/rmw_fastrtps_cpp/cmake)
[2.368s] -- Found OpenSSL: /usr/lib/x86_64-linux-gnu/libcrypto.so (found version "3.0.2")  
[2.422s] -- Found FastRTPS: /opt/ros/humble/include  
[2.516s] -- Using RMW implementation 'rmw_fastrtps_cpp' as default
[2.535s] -- Looking for pthread.h
[2.656s] -- Looking for pthread.h - found
[2.656s] -- Performing Test CMAKE_HAVE_LIBC_PTHREAD
[2.789s] -- Performing Test CMAKE_HAVE_LIBC_PTHREAD - Success
[2.791s] -- Found Threads: TRUE  
[4.102s] -- Found ament_lint_auto: 0.12.11 (/opt/ros/humble/share/ament_lint_auto/cmake)
[4.145s] -- Added test 'cppcheck' to perform static code analysis on C / C++ code
[4.149s] -- Configured cppcheck include dirs: /home/saun/ctrl_mr_dynamic/src/pointcloud_to_laserscan/include
[4.149s] -- Configured cppcheck exclude dirs and/or files: 
[4.153s] -- Added test 'cpplint' to check C / C++ code against the Google style
[4.153s] -- Configured cpplint exclude dirs and/or files: 
[4.155s] -- Added test 'flake8' to check Python code syntax and style conventions
[4.156s] -- Added test 'lint_cmake' to check CMake code style
[4.158s] -- Added test 'pep257' to check Python code against some of the docstring style conventions in PEP 257
[4.161s] -- Added test 'uncrustify' to check C / C++ code style
[4.161s] -- Configured uncrustify additional arguments: 
[4.164s] -- Added test 'xmllint' to check XML markup files
[4.170s] -- Configuring done
[4.260s] -- Generating done
[4.264s] -- Build files have been written to: /home/saun/ctrl_mr_dynamic/build/pointcloud_to_laserscan
[4.285s] Invoked command in '/home/saun/ctrl_mr_dynamic/build/pointcloud_to_laserscan' returned '0': CMAKE_PREFIX_PATH=${CMAKE_PREFIX_PATH}:/home/saun/ctrl_mr_dynamic/install/simple_control_pkg:/home/saun/ctrl_mr_dynamic/install/force_control_exp:/home/saun/ctrl_mr_dynamic/install/differential_robot:/opt/ros/humble /usr/bin/cmake /home/saun/ctrl_mr_dynamic/src/pointcloud_to_laserscan -DCMAKE_INSTALL_PREFIX=/home/saun/ctrl_mr_dynamic/install/pointcloud_to_laserscan
[4.286s] Invoking command in '/home/saun/ctrl_mr_dynamic/build/pointcloud_to_laserscan': CMAKE_PREFIX_PATH=${CMAKE_PREFIX_PATH}:/home/saun/ctrl_mr_dynamic/install/simple_control_pkg:/home/saun/ctrl_mr_dynamic/install/force_control_exp:/home/saun/ctrl_mr_dynamic/install/differential_robot:/opt/ros/humble /usr/bin/cmake --build /home/saun/ctrl_mr_dynamic/build/pointcloud_to_laserscan -- -j8 -l8
[4.466s] [ 10%] [32mBuilding CXX object CMakeFiles/laserscan_to_pointcloud_node.dir/rclcpp_components/node_main_laserscan_to_pointcloud_node.cpp.o[0m
[4.467s] [ 20%] [32mBuilding CXX object CMakeFiles/laserscan_to_pointcloud.dir/src/laserscan_to_pointcloud_node.cpp.o[0m
[4.467s] [ 30%] [32mBuilding CXX object CMakeFiles/pointcloud_to_laserscan_node.dir/rclcpp_components/node_main_pointcloud_to_laserscan_node.cpp.o[0m
[10.253s] [ 40%] [32m[1mLinking CXX executable pointcloud_to_laserscan_node[0m
[10.423s] [ 40%] Built target pointcloud_to_laserscan_node
[10.609s] [ 50%] [32m[1mLinking CXX executable laserscan_to_pointcloud_node[0m
[10.827s] [ 50%] Built target laserscan_to_pointcloud_node
[20.034s] [ 60%] [32m[1mLinking CXX shared library liblaserscan_to_pointcloud.so[0m
[20.749s] [ 60%] Built target laserscan_to_pointcloud
[20.780s] [ 70%] [32mBuilding CXX object CMakeFiles/pointcloud_to_laserscan.dir/src/pointcloud_to_laserscan_node.cpp.o[0m
[33.836s] [ 80%] [32m[1mLinking CXX shared library libpointcloud_to_laserscan.so[0m
[34.658s] [ 80%] Built target pointcloud_to_laserscan
[34.691s] [ 90%] [32mBuilding CXX object CMakeFiles/dummy_pointcloud_publisher.dir/src/dummy_pointcloud_publisher.cpp.o[0m
[39.921s] [100%] [32m[1mLinking CXX executable dummy_pointcloud_publisher[0m
[40.249s] [100%] Built target dummy_pointcloud_publisher
[40.265s] Invoked command in '/home/saun/ctrl_mr_dynamic/build/pointcloud_to_laserscan' returned '0': CMAKE_PREFIX_PATH=${CMAKE_PREFIX_PATH}:/home/saun/ctrl_mr_dynamic/install/simple_control_pkg:/home/saun/ctrl_mr_dynamic/install/force_control_exp:/home/saun/ctrl_mr_dynamic/install/differential_robot:/opt/ros/humble /usr/bin/cmake --build /home/saun/ctrl_mr_dynamic/build/pointcloud_to_laserscan -- -j8 -l8
[40.327s] Invoking command in '/home/saun/ctrl_mr_dynamic/build/pointcloud_to_laserscan': CMAKE_PREFIX_PATH=${CMAKE_PREFIX_PATH}:/home/saun/ctrl_mr_dynamic/install/simple_control_pkg:/home/saun/ctrl_mr_dynamic/install/force_control_exp:/home/saun/ctrl_mr_dynamic/install/differential_robot:/opt/ros/humble /usr/bin/cmake --install /home/saun/ctrl_mr_dynamic/build/pointcloud_to_laserscan
[40.338s] -- Install configuration: ""
[40.338s] -- Installing: /home/saun/ctrl_mr_dynamic/install/pointcloud_to_laserscan/lib/pointcloud_to_laserscan/laserscan_to_pointcloud_node
[40.339s] -- Set runtime path of "/home/saun/ctrl_mr_dynamic/install/pointcloud_to_laserscan/lib/pointcloud_to_laserscan/laserscan_to_pointcloud_node" to ""
[40.340s] -- Installing: /home/saun/ctrl_mr_dynamic/install/pointcloud_to_laserscan/lib/pointcloud_to_laserscan/pointcloud_to_laserscan_node
[40.341s] -- Set runtime path of "/home/saun/ctrl_mr_dynamic/install/pointcloud_to_laserscan/lib/pointcloud_to_laserscan/pointcloud_to_laserscan_node" to ""
[40.341s] -- Installing: /home/saun/ctrl_mr_dynamic/install/pointcloud_to_laserscan/include
[40.341s] -- Installing: /home/saun/ctrl_mr_dynamic/install/pointcloud_to_laserscan/include/pointcloud_to_laserscan
[40.341s] -- Installing: /home/saun/ctrl_mr_dynamic/install/pointcloud_to_laserscan/include/pointcloud_to_laserscan/visibility_control.h
[40.341s] -- Installing: /home/saun/ctrl_mr_dynamic/install/pointcloud_to_laserscan/include/pointcloud_to_laserscan/pointcloud_to_laserscan_node.hpp
[40.341s] -- Installing: /home/saun/ctrl_mr_dynamic/install/pointcloud_to_laserscan/include/pointcloud_to_laserscan/laserscan_to_pointcloud_node.hpp
[40.342s] -- Installing: /home/saun/ctrl_mr_dynamic/install/pointcloud_to_laserscan/share/pointcloud_to_laserscan/environment/library_path.sh
[40.342s] -- Installing: /home/saun/ctrl_mr_dynamic/install/pointcloud_to_laserscan/share/pointcloud_to_laserscan/environment/library_path.dsv
[40.342s] -- Installing: /home/saun/ctrl_mr_dynamic/install/pointcloud_to_laserscan/lib/liblaserscan_to_pointcloud.so
[40.354s] -- Set runtime path of "/home/saun/ctrl_mr_dynamic/install/pointcloud_to_laserscan/lib/liblaserscan_to_pointcloud.so" to ""
[40.354s] -- Installing: /home/saun/ctrl_mr_dynamic/install/pointcloud_to_laserscan/lib/libpointcloud_to_laserscan.so
[40.366s] -- Set runtime path of "/home/saun/ctrl_mr_dynamic/install/pointcloud_to_laserscan/lib/libpointcloud_to_laserscan.so" to ""
[40.366s] -- Installing: /home/saun/ctrl_mr_dynamic/install/pointcloud_to_laserscan/lib/pointcloud_to_laserscan/dummy_pointcloud_publisher
[40.367s] -- Set runtime path of "/home/saun/ctrl_mr_dynamic/install/pointcloud_to_laserscan/lib/pointcloud_to_laserscan/dummy_pointcloud_publisher" to ""
[40.368s] -- Installing: /home/saun/ctrl_mr_dynamic/install/pointcloud_to_laserscan/share/pointcloud_to_laserscan/launch
[40.368s] -- Installing: /home/saun/ctrl_mr_dynamic/install/pointcloud_to_laserscan/share/pointcloud_to_laserscan/launch/sample_pointcloud_to_laserscan_launch.py
[40.368s] -- Installing: /home/saun/ctrl_mr_dynamic/install/pointcloud_to_laserscan/share/pointcloud_to_laserscan/launch/pointcloud_to_laserscan_launch.py
[40.368s] -- Installing: /home/saun/ctrl_mr_dynamic/install/pointcloud_to_laserscan/share/pointcloud_to_laserscan/launch/sample_laserscan_to_pointcloud_launch.py
[40.368s] -- Installing: /home/saun/ctrl_mr_dynamic/install/pointcloud_to_laserscan/share/ament_index/resource_index/package_run_dependencies/pointcloud_to_laserscan
[40.368s] -- Installing: /home/saun/ctrl_mr_dynamic/install/pointcloud_to_laserscan/share/ament_index/resource_index/parent_prefix_path/pointcloud_to_laserscan
[40.369s] -- Installing: /home/saun/ctrl_mr_dynamic/install/pointcloud_to_laserscan/share/pointcloud_to_laserscan/environment/ament_prefix_path.sh
[40.369s] -- Installing: /home/saun/ctrl_mr_dynamic/install/pointcloud_to_laserscan/share/pointcloud_to_laserscan/environment/ament_prefix_path.dsv
[40.369s] -- Installing: /home/saun/ctrl_mr_dynamic/install/pointcloud_to_laserscan/share/pointcloud_to_laserscan/environment/path.sh
[40.369s] -- Installing: /home/saun/ctrl_mr_dynamic/install/pointcloud_to_laserscan/share/pointcloud_to_laserscan/environment/path.dsv
[40.369s] -- Installing: /home/saun/ctrl_mr_dynamic/install/pointcloud_to_laserscan/share/pointcloud_to_laserscan/local_setup.bash
[40.370s] -- Installing: /home/saun/ctrl_mr_dynamic/install/pointcloud_to_laserscan/share/pointcloud_to_laserscan/local_setup.sh
[40.370s] -- Installing: /home/saun/ctrl_mr_dynamic/install/pointcloud_to_laserscan/share/pointcloud_to_laserscan/local_setup.zsh
[40.370s] -- Installing: /home/saun/ctrl_mr_dynamic/install/pointcloud_to_laserscan/share/pointcloud_to_laserscan/local_setup.dsv
[40.370s] -- Installing: /home/saun/ctrl_mr_dynamic/install/pointcloud_to_laserscan/share/pointcloud_to_laserscan/package.dsv
[40.370s] -- Installing: /home/saun/ctrl_mr_dynamic/install/pointcloud_to_laserscan/share/ament_index/resource_index/packages/pointcloud_to_laserscan
[40.371s] -- Installing: /home/saun/ctrl_mr_dynamic/install/pointcloud_to_laserscan/share/ament_index/resource_index/rclcpp_components/pointcloud_to_laserscan
[40.371s] -- Installing: /home/saun/ctrl_mr_dynamic/install/pointcloud_to_laserscan/share/pointcloud_to_laserscan/cmake/ament_cmake_export_dependencies-extras.cmake
[40.371s] -- Installing: /home/saun/ctrl_mr_dynamic/install/pointcloud_to_laserscan/share/pointcloud_to_laserscan/cmake/ament_cmake_export_include_directories-extras.cmake
[40.371s] -- Installing: /home/saun/ctrl_mr_dynamic/install/pointcloud_to_laserscan/share/pointcloud_to_laserscan/cmake/ament_cmake_export_libraries-extras.cmake
[40.371s] -- Installing: /home/saun/ctrl_mr_dynamic/install/pointcloud_to_laserscan/share/pointcloud_to_laserscan/cmake/pointcloud_to_laserscanConfig.cmake
[40.372s] -- Installing: /home/saun/ctrl_mr_dynamic/install/pointcloud_to_laserscan/share/pointcloud_to_laserscan/cmake/pointcloud_to_laserscanConfig-version.cmake
[40.372s] -- Installing: /home/saun/ctrl_mr_dynamic/install/pointcloud_to_laserscan/share/pointcloud_to_laserscan/package.xml
[40.375s] Invoked command in '/home/saun/ctrl_mr_dynamic/build/pointcloud_to_laserscan' returned '0': CMAKE_PREFIX_PATH=${CMAKE_PREFIX_PATH}:/home/saun/ctrl_mr_dynamic/install/simple_control_pkg:/home/saun/ctrl_mr_dynamic/install/force_control_exp:/home/saun/ctrl_mr_dynamic/install/differential_robot:/opt/ros/humble /usr/bin/cmake --install /home/saun/ctrl_mr_dynamic/build/pointcloud_to_laserscan
