[0.022s] Invoking command in '/home/saun/ctrl_mr_dynamic/build/run_sensor': CMAKE_PREFIX_PATH=${CMAKE_PREFIX_PATH}:/home/saun/ctrl_mr_dynamic/install/simple_control_pkg:/home/saun/ctrl_mr_dynamic/install/force_control_exp:/home/saun/ctrl_mr_dynamic/install/differential_robot:/opt/ros/humble /usr/bin/cmake /home/saun/ctrl_mr_dynamic/src/run_sensor -DCMAKE_INSTALL_PREFIX=/home/saun/ctrl_mr_dynamic/install/run_sensor
[0.646s] -- The C compiler identification is GNU 11.4.0
[0.646s] -- The CXX compiler identification is GNU 11.4.0
[0.646s] -- Detecting C compiler ABI info
[0.646s] -- Detecting C compiler ABI info - done
[0.646s] -- Check for working C compiler: /usr/bin/cc - skipped
[0.646s] -- Detecting C compile features
[0.646s] -- Detecting C compile features - done
[0.647s] -- Detecting CXX compiler ABI info
[0.647s] -- Detecting CXX compiler ABI info - done
[0.647s] -- Check for working CXX compiler: /usr/bin/c++ - skipped
[0.647s] -- Detecting CXX compile features
[0.647s] -- Detecting CXX compile features - done
[0.647s] -- Found ament_cmake: 1.3.9 (/opt/ros/humble/share/ament_cmake/cmake)
[1.023s] -- Found Python3: /usr/bin/python3 (found version "3.10.12") found components: Interpreter 
[1.245s] -- Found rclpy: 3.3.13 (/opt/ros/humble/share/rclpy/cmake)
[1.250s] -- Found rclcpp: 16.0.9 (/opt/ros/humble/share/rclcpp/cmake)
[1.358s] -- Found rosidl_generator_c: 3.1.5 (/opt/ros/humble/share/rosidl_generator_c/cmake)
[1.388s] -- Found rosidl_adapter: 3.1.5 (/opt/ros/humble/share/rosidl_adapter/cmake)
[1.400s] -- Found rosidl_generator_cpp: 3.1.5 (/opt/ros/humble/share/rosidl_generator_cpp/cmake)
[1.441s] -- Using all available rosidl_typesupport_c: rosidl_typesupport_fastrtps_c;rosidl_typesupport_introspection_c
[1.500s] -- Using all available rosidl_typesupport_cpp: rosidl_typesupport_fastrtps_cpp;rosidl_typesupport_introspection_cpp
[1.726s] -- Found rmw_implementation_cmake: 6.1.2 (/opt/ros/humble/share/rmw_implementation_cmake/cmake)
[1.735s] -- Found rmw_fastrtps_cpp: 6.2.6 (/opt/ros/humble/share/rmw_fastrtps_cpp/cmake)
[2.130s] -- Found OpenSSL: /usr/lib/x86_64-linux-gnu/libcrypto.so (found version "3.0.2")  
[2.207s] -- Found FastRTPS: /opt/ros/humble/include  
[2.356s] -- Using RMW implementation 'rmw_fastrtps_cpp' as default
[2.382s] -- Looking for pthread.h
[2.631s] -- Looking for pthread.h - found
[2.632s] -- Performing Test CMAKE_HAVE_LIBC_PTHREAD
[2.898s] -- Performing Test CMAKE_HAVE_LIBC_PTHREAD - Success
[2.900s] -- Found Threads: TRUE  
[3.388s] -- Found geometry_msgs: 4.2.4 (/opt/ros/humble/share/geometry_msgs/cmake)
[3.516s] -- Found nav_msgs: 4.2.4 (/opt/ros/humble/share/nav_msgs/cmake)
[3.755s] -- Found tf2_ros: 0.25.7 (/opt/ros/humble/share/tf2_ros/cmake)
[4.522s] -- Found rviz2: 11.2.12 (/opt/ros/humble/share/rviz2/cmake)
[4.527s] -- Found cv_bridge: 3.2.1 (/opt/ros/humble/share/cv_bridge/cmake)
[4.787s] -- Found visualization_msgs: 4.2.4 (/opt/ros/humble/share/visualization_msgs/cmake)
[5.064s] -- Found ament_lint_auto: 0.12.11 (/opt/ros/humble/share/ament_lint_auto/cmake)
[5.300s] -- Added test 'flake8' to check Python code syntax and style conventions
[5.301s] -- Added test 'lint_cmake' to check CMake code style
[5.303s] -- Added test 'pep257' to check Python code against some of the docstring style conventions in PEP 257
[5.306s] -- Added test 'xmllint' to check XML markup files
[5.309s] -- Configuring done
[5.323s] -- Generating done
[5.327s] -- Build files have been written to: /home/saun/ctrl_mr_dynamic/build/run_sensor
[5.353s] Invoked command in '/home/saun/ctrl_mr_dynamic/build/run_sensor' returned '0': CMAKE_PREFIX_PATH=${CMAKE_PREFIX_PATH}:/home/saun/ctrl_mr_dynamic/install/simple_control_pkg:/home/saun/ctrl_mr_dynamic/install/force_control_exp:/home/saun/ctrl_mr_dynamic/install/differential_robot:/opt/ros/humble /usr/bin/cmake /home/saun/ctrl_mr_dynamic/src/run_sensor -DCMAKE_INSTALL_PREFIX=/home/saun/ctrl_mr_dynamic/install/run_sensor
[5.354s] Invoking command in '/home/saun/ctrl_mr_dynamic/build/run_sensor': CMAKE_PREFIX_PATH=${CMAKE_PREFIX_PATH}:/home/saun/ctrl_mr_dynamic/install/simple_control_pkg:/home/saun/ctrl_mr_dynamic/install/force_control_exp:/home/saun/ctrl_mr_dynamic/install/differential_robot:/opt/ros/humble /usr/bin/cmake --build /home/saun/ctrl_mr_dynamic/build/run_sensor -- -j8 -l8
[5.457s] Built target ament_cmake_python_copy_run_sensor
[5.819s] running egg_info
[5.820s] creating run_sensor.egg-info
[5.820s] writing run_sensor.egg-info/PKG-INFO
[5.821s] writing dependency_links to run_sensor.egg-info/dependency_links.txt
[5.821s] writing top-level names to run_sensor.egg-info/top_level.txt
[5.821s] writing manifest file 'run_sensor.egg-info/SOURCES.txt'
[5.825s] reading manifest file 'run_sensor.egg-info/SOURCES.txt'
[5.826s] writing manifest file 'run_sensor.egg-info/SOURCES.txt'
[5.865s] Built target ament_cmake_python_build_run_sensor_egg
[5.885s] Invoked command in '/home/saun/ctrl_mr_dynamic/build/run_sensor' returned '0': CMAKE_PREFIX_PATH=${CMAKE_PREFIX_PATH}:/home/saun/ctrl_mr_dynamic/install/simple_control_pkg:/home/saun/ctrl_mr_dynamic/install/force_control_exp:/home/saun/ctrl_mr_dynamic/install/differential_robot:/opt/ros/humble /usr/bin/cmake --build /home/saun/ctrl_mr_dynamic/build/run_sensor -- -j8 -l8
[5.936s] Invoking command in '/home/saun/ctrl_mr_dynamic/build/run_sensor': CMAKE_PREFIX_PATH=${CMAKE_PREFIX_PATH}:/home/saun/ctrl_mr_dynamic/install/simple_control_pkg:/home/saun/ctrl_mr_dynamic/install/force_control_exp:/home/saun/ctrl_mr_dynamic/install/differential_robot:/opt/ros/humble /usr/bin/cmake --install /home/saun/ctrl_mr_dynamic/build/run_sensor
[5.951s] -- Install configuration: ""
[5.952s] -- Installing: /home/saun/ctrl_mr_dynamic/install/run_sensor/share/run_sensor/environment/pythonpath.sh
[5.952s] -- Installing: /home/saun/ctrl_mr_dynamic/install/run_sensor/share/run_sensor/environment/pythonpath.dsv
[5.952s] -- Installing: /home/saun/ctrl_mr_dynamic/install/run_sensor/local/lib/python3.10/dist-packages/run_sensor-1.0.0-py3.10.egg-info
[5.953s] -- Installing: /home/saun/ctrl_mr_dynamic/install/run_sensor/local/lib/python3.10/dist-packages/run_sensor-1.0.0-py3.10.egg-info/dependency_links.txt
[5.953s] -- Installing: /home/saun/ctrl_mr_dynamic/install/run_sensor/local/lib/python3.10/dist-packages/run_sensor-1.0.0-py3.10.egg-info/top_level.txt
[5.953s] -- Installing: /home/saun/ctrl_mr_dynamic/install/run_sensor/local/lib/python3.10/dist-packages/run_sensor-1.0.0-py3.10.egg-info/SOURCES.txt
[5.953s] -- Installing: /home/saun/ctrl_mr_dynamic/install/run_sensor/local/lib/python3.10/dist-packages/run_sensor-1.0.0-py3.10.egg-info/PKG-INFO
[5.954s] -- Installing: /home/saun/ctrl_mr_dynamic/install/run_sensor/local/lib/python3.10/dist-packages/run_sensor
[5.954s] -- Installing: /home/saun/ctrl_mr_dynamic/install/run_sensor/local/lib/python3.10/dist-packages/run_sensor/__init__.py
[6.019s] Listing '/home/saun/ctrl_mr_dynamic/install/run_sensor/local/lib/python3.10/dist-packages/run_sensor'...
[6.020s] Compiling '/home/saun/ctrl_mr_dynamic/install/run_sensor/local/lib/python3.10/dist-packages/run_sensor/__init__.py'...
[6.028s] -- Installing: /home/saun/ctrl_mr_dynamic/install/run_sensor/lib/run_sensor/object_tracking_gazebo.launch.py
[6.029s] -- Installing: /home/saun/ctrl_mr_dynamic/install/run_sensor/lib/run_sensor/object_tracking_real.launch.py
[6.029s] -- Installing: /home/saun/ctrl_mr_dynamic/install/run_sensor/share/run_sensor/launch
[6.029s] -- Installing: /home/saun/ctrl_mr_dynamic/install/run_sensor/share/run_sensor/launch/object_tracking_gazebo.launch.py
[6.029s] -- Installing: /home/saun/ctrl_mr_dynamic/install/run_sensor/share/run_sensor/launch/object_tracking_real.launch.py
[6.029s] -- Installing: /home/saun/ctrl_mr_dynamic/install/run_sensor/share/run_sensor/launch/__pycache__
[6.030s] -- Installing: /home/saun/ctrl_mr_dynamic/install/run_sensor/share/run_sensor/launch/__pycache__/object_tracking_real.launch.cpython-310.pyc
[6.030s] -- Installing: /home/saun/ctrl_mr_dynamic/install/run_sensor/share/ament_index/resource_index/package_run_dependencies/run_sensor
[6.031s] -- Installing: /home/saun/ctrl_mr_dynamic/install/run_sensor/share/ament_index/resource_index/parent_prefix_path/run_sensor
[6.031s] -- Installing: /home/saun/ctrl_mr_dynamic/install/run_sensor/share/run_sensor/environment/ament_prefix_path.sh
[6.031s] -- Installing: /home/saun/ctrl_mr_dynamic/install/run_sensor/share/run_sensor/environment/ament_prefix_path.dsv
[6.032s] -- Installing: /home/saun/ctrl_mr_dynamic/install/run_sensor/share/run_sensor/environment/path.sh
[6.032s] -- Installing: /home/saun/ctrl_mr_dynamic/install/run_sensor/share/run_sensor/environment/path.dsv
[6.033s] -- Installing: /home/saun/ctrl_mr_dynamic/install/run_sensor/share/run_sensor/local_setup.bash
[6.033s] -- Installing: /home/saun/ctrl_mr_dynamic/install/run_sensor/share/run_sensor/local_setup.sh
[6.033s] -- Installing: /home/saun/ctrl_mr_dynamic/install/run_sensor/share/run_sensor/local_setup.zsh
[6.033s] -- Installing: /home/saun/ctrl_mr_dynamic/install/run_sensor/share/run_sensor/local_setup.dsv
[6.034s] -- Installing: /home/saun/ctrl_mr_dynamic/install/run_sensor/share/run_sensor/package.dsv
[6.034s] -- Installing: /home/saun/ctrl_mr_dynamic/install/run_sensor/share/ament_index/resource_index/packages/run_sensor
[6.035s] -- Installing: /home/saun/ctrl_mr_dynamic/install/run_sensor/share/run_sensor/cmake/run_sensorConfig.cmake
[6.035s] -- Installing: /home/saun/ctrl_mr_dynamic/install/run_sensor/share/run_sensor/cmake/run_sensorConfig-version.cmake
[6.035s] -- Installing: /home/saun/ctrl_mr_dynamic/install/run_sensor/share/run_sensor/package.xml
[6.043s] Invoked command in '/home/saun/ctrl_mr_dynamic/build/run_sensor' returned '0': CMAKE_PREFIX_PATH=${CMAKE_PREFIX_PATH}:/home/saun/ctrl_mr_dynamic/install/simple_control_pkg:/home/saun/ctrl_mr_dynamic/install/force_control_exp:/home/saun/ctrl_mr_dynamic/install/differential_robot:/opt/ros/humble /usr/bin/cmake --install /home/saun/ctrl_mr_dynamic/build/run_sensor
