[0.061s] Invoking command in '/home/saun/ctrl_mr_dynamic/build/autonoumous_navigation': CMAKE_PREFIX_PATH=${CMAKE_PREFIX_PATH}:/home/saun/ctrl_mr_dynamic/install/simple_control_pkg:/home/saun/ctrl_mr_dynamic/install/force_control_exp:/home/saun/ctrl_mr_dynamic/install/differential_robot:/opt/ros/humble /usr/bin/cmake --build /home/saun/ctrl_mr_dynamic/build/autonoumous_navigation -- -j8 -l8
[0.765s] Built target ament_cmake_python_copy_autonoumous_navigation
[0.766s] running egg_info
[0.766s] writing autonoumous_navigation.egg-info/PKG-INFO
[0.767s] writing dependency_links to autonoumous_navigation.egg-info/dependency_links.txt
[0.768s] writing top-level names to autonoumous_navigation.egg-info/top_level.txt
[0.769s] reading manifest file 'autonoumous_navigation.egg-info/SOURCES.txt'
[0.769s] writing manifest file 'autonoumous_navigation.egg-info/SOURCES.txt'
[0.770s] Built target ament_cmake_python_build_autonoumous_navigation_egg
[0.777s] Invoked command in '/home/saun/ctrl_mr_dynamic/build/autonoumous_navigation' returned '0': CMAKE_PREFIX_PATH=${CMAKE_PREFIX_PATH}:/home/saun/ctrl_mr_dynamic/install/simple_control_pkg:/home/saun/ctrl_mr_dynamic/install/force_control_exp:/home/saun/ctrl_mr_dynamic/install/differential_robot:/opt/ros/humble /usr/bin/cmake --build /home/saun/ctrl_mr_dynamic/build/autonoumous_navigation -- -j8 -l8
[0.858s] Invoking command in '/home/saun/ctrl_mr_dynamic/build/autonoumous_navigation': CMAKE_PREFIX_PATH=${CMAKE_PREFIX_PATH}:/home/saun/ctrl_mr_dynamic/install/simple_control_pkg:/home/saun/ctrl_mr_dynamic/install/force_control_exp:/home/saun/ctrl_mr_dynamic/install/differential_robot:/opt/ros/humble /usr/bin/cmake --install /home/saun/ctrl_mr_dynamic/build/autonoumous_navigation
[0.873s] -- Install configuration: ""
[0.876s] -- Up-to-date: /home/saun/ctrl_mr_dynamic/install/autonoumous_navigation/share/autonoumous_navigation/environment/pythonpath.sh
[0.878s] -- Up-to-date: /home/saun/ctrl_mr_dynamic/install/autonoumous_navigation/share/autonoumous_navigation/environment/pythonpath.dsv
[0.880s] -- Up-to-date: /home/saun/ctrl_mr_dynamic/install/autonoumous_navigation/local/lib/python3.10/dist-packages/autonoumous_navigation-1.0.0-py3.10.egg-info
[0.880s] -- Installing: /home/saun/ctrl_mr_dynamic/install/autonoumous_navigation/local/lib/python3.10/dist-packages/autonoumous_navigation-1.0.0-py3.10.egg-info/dependency_links.txt
[0.880s] -- Installing: /home/saun/ctrl_mr_dynamic/install/autonoumous_navigation/local/lib/python3.10/dist-packages/autonoumous_navigation-1.0.0-py3.10.egg-info/top_level.txt
[0.883s] -- Installing: /home/saun/ctrl_mr_dynamic/install/autonoumous_navigation/local/lib/python3.10/dist-packages/autonoumous_navigation-1.0.0-py3.10.egg-info/SOURCES.txt
[0.884s] -- Installing: /home/saun/ctrl_mr_dynamic/install/autonoumous_navigation/local/lib/python3.10/dist-packages/autonoumous_navigation-1.0.0-py3.10.egg-info/PKG-INFO
[0.885s] -- Up-to-date: /home/saun/ctrl_mr_dynamic/install/autonoumous_navigation/local/lib/python3.10/dist-packages/autonoumous_navigation
[0.887s] -- Up-to-date: /home/saun/ctrl_mr_dynamic/install/autonoumous_navigation/local/lib/python3.10/dist-packages/autonoumous_navigation/__init__.py
[1.024s] Listing '/home/saun/ctrl_mr_dynamic/install/autonoumous_navigation/local/lib/python3.10/dist-packages/autonoumous_navigation'...
[1.034s] -- Up-to-date: /home/saun/ctrl_mr_dynamic/install/autonoumous_navigation/share/autonoumous_navigation/launch
[1.034s] -- Up-to-date: /home/saun/ctrl_mr_dynamic/install/autonoumous_navigation/share/autonoumous_navigation/launch/merge_maps_kinematic_launch.py
[1.034s] -- Up-to-date: /home/saun/ctrl_mr_dynamic/install/autonoumous_navigation/share/autonoumous_navigation/launch/online_sync_launch.py
[1.036s] -- Up-to-date: /home/saun/ctrl_mr_dynamic/install/autonoumous_navigation/share/autonoumous_navigation/launch/navigation_real.launch.py
[1.036s] -- Up-to-date: /home/saun/ctrl_mr_dynamic/install/autonoumous_navigation/share/autonoumous_navigation/launch/slam_gazebo.launch.py
[1.036s] -- Up-to-date: /home/saun/ctrl_mr_dynamic/install/autonoumous_navigation/share/autonoumous_navigation/launch/online_sync_launch_real.py
[1.037s] -- Up-to-date: /home/saun/ctrl_mr_dynamic/install/autonoumous_navigation/share/autonoumous_navigation/launch/online_async_launch.py
[1.037s] -- Up-to-date: /home/saun/ctrl_mr_dynamic/install/autonoumous_navigation/share/autonoumous_navigation/launch/lifelong_launch.py
[1.037s] -- Up-to-date: /home/saun/ctrl_mr_dynamic/install/autonoumous_navigation/share/autonoumous_navigation/launch/offline_launch.py
[1.037s] -- Up-to-date: /home/saun/ctrl_mr_dynamic/install/autonoumous_navigation/share/autonoumous_navigation/launch/slam_real.launch.py
[1.043s] -- Up-to-date: /home/saun/ctrl_mr_dynamic/install/autonoumous_navigation/share/autonoumous_navigation/launch/online_async_launch_real.py
[1.043s] -- Up-to-date: /home/saun/ctrl_mr_dynamic/install/autonoumous_navigation/share/autonoumous_navigation/launch/navigation_gazebo.launch.py
[1.043s] -- Up-to-date: /home/saun/ctrl_mr_dynamic/install/autonoumous_navigation/share/autonoumous_navigation/launch/localization_launch.py
[1.043s] -- Up-to-date: /home/saun/ctrl_mr_dynamic/install/autonoumous_navigation/share/autonoumous_navigation/config
[1.043s] -- Up-to-date: /home/saun/ctrl_mr_dynamic/install/autonoumous_navigation/share/autonoumous_navigation/config/mapper_params_online_async.yaml
[1.043s] -- Up-to-date: /home/saun/ctrl_mr_dynamic/install/autonoumous_navigation/share/autonoumous_navigation/config/mapper_params_online_sync.yaml
[1.047s] -- Up-to-date: /home/saun/ctrl_mr_dynamic/install/autonoumous_navigation/share/autonoumous_navigation/config/slam_toolbox_default.rviz
[1.047s] -- Up-to-date: /home/saun/ctrl_mr_dynamic/install/autonoumous_navigation/share/autonoumous_navigation/config/nrsl_real.yaml
[1.047s] -- Up-to-date: /home/saun/ctrl_mr_dynamic/install/autonoumous_navigation/share/autonoumous_navigation/config/mapper_params_online_sync_real.yaml
[1.047s] -- Up-to-date: /home/saun/ctrl_mr_dynamic/install/autonoumous_navigation/share/autonoumous_navigation/config/nrsl.yaml
[1.047s] -- Up-to-date: /home/saun/ctrl_mr_dynamic/install/autonoumous_navigation/share/autonoumous_navigation/config/mapper_params_online_async_real.yaml
[1.048s] -- Up-to-date: /home/saun/ctrl_mr_dynamic/install/autonoumous_navigation/share/autonoumous_navigation/config/params.yaml
[1.048s] -- Up-to-date: /home/saun/ctrl_mr_dynamic/install/autonoumous_navigation/share/autonoumous_navigation/config/mapper_params_lifelong.yaml
[1.048s] -- Up-to-date: /home/saun/ctrl_mr_dynamic/install/autonoumous_navigation/share/autonoumous_navigation/config/mapper_params_localization.yaml
[1.048s] -- Up-to-date: /home/saun/ctrl_mr_dynamic/install/autonoumous_navigation/share/autonoumous_navigation/config/mapper_params_offline.yaml
[1.048s] -- Up-to-date: /home/saun/ctrl_mr_dynamic/install/autonoumous_navigation/share/autonoumous_navigation/maps
[1.048s] -- Up-to-date: /home/saun/ctrl_mr_dynamic/install/autonoumous_navigation/share/autonoumous_navigation/maps/simulation_map.yaml
[1.049s] -- Up-to-date: /home/saun/ctrl_mr_dynamic/install/autonoumous_navigation/share/autonoumous_navigation/maps/map.pgm
[1.049s] -- Up-to-date: /home/saun/ctrl_mr_dynamic/install/autonoumous_navigation/share/autonoumous_navigation/maps/simulation_map.pgm
[1.049s] -- Up-to-date: /home/saun/ctrl_mr_dynamic/install/autonoumous_navigation/share/autonoumous_navigation/maps/simulation_map2.pgm
[1.049s] -- Up-to-date: /home/saun/ctrl_mr_dynamic/install/autonoumous_navigation/share/autonoumous_navigation/maps/map.yaml
[1.049s] -- Up-to-date: /home/saun/ctrl_mr_dynamic/install/autonoumous_navigation/share/autonoumous_navigation/maps/simulation_map2.yaml
[1.049s] -- Up-to-date: /home/saun/ctrl_mr_dynamic/install/autonoumous_navigation/share/autonoumous_navigation/rviz
[1.050s] -- Up-to-date: /home/saun/ctrl_mr_dynamic/install/autonoumous_navigation/share/autonoumous_navigation/rviz/navigation2.rviz
[1.050s] -- Up-to-date: /home/saun/ctrl_mr_dynamic/install/autonoumous_navigation/share/autonoumous_navigation/rviz/slam.rviz
[1.050s] -- Up-to-date: /home/saun/ctrl_mr_dynamic/install/autonoumous_navigation/share/ament_index/resource_index/package_run_dependencies/autonoumous_navigation
[1.050s] -- Up-to-date: /home/saun/ctrl_mr_dynamic/install/autonoumous_navigation/share/ament_index/resource_index/parent_prefix_path/autonoumous_navigation
[1.050s] -- Up-to-date: /home/saun/ctrl_mr_dynamic/install/autonoumous_navigation/share/autonoumous_navigation/environment/ament_prefix_path.sh
[1.050s] -- Up-to-date: /home/saun/ctrl_mr_dynamic/install/autonoumous_navigation/share/autonoumous_navigation/environment/ament_prefix_path.dsv
[1.050s] -- Up-to-date: /home/saun/ctrl_mr_dynamic/install/autonoumous_navigation/share/autonoumous_navigation/environment/path.sh
[1.051s] -- Up-to-date: /home/saun/ctrl_mr_dynamic/install/autonoumous_navigation/share/autonoumous_navigation/environment/path.dsv
[1.051s] -- Up-to-date: /home/saun/ctrl_mr_dynamic/install/autonoumous_navigation/share/autonoumous_navigation/local_setup.bash
[1.051s] -- Up-to-date: /home/saun/ctrl_mr_dynamic/install/autonoumous_navigation/share/autonoumous_navigation/local_setup.sh
[1.051s] -- Up-to-date: /home/saun/ctrl_mr_dynamic/install/autonoumous_navigation/share/autonoumous_navigation/local_setup.zsh
[1.051s] -- Up-to-date: /home/saun/ctrl_mr_dynamic/install/autonoumous_navigation/share/autonoumous_navigation/local_setup.dsv
[1.051s] -- Installing: /home/saun/ctrl_mr_dynamic/install/autonoumous_navigation/share/autonoumous_navigation/package.dsv
[1.060s] -- Up-to-date: /home/saun/ctrl_mr_dynamic/install/autonoumous_navigation/share/ament_index/resource_index/packages/autonoumous_navigation
[1.060s] -- Up-to-date: /home/saun/ctrl_mr_dynamic/install/autonoumous_navigation/share/autonoumous_navigation/cmake/autonoumous_navigationConfig.cmake
[1.060s] -- Up-to-date: /home/saun/ctrl_mr_dynamic/install/autonoumous_navigation/share/autonoumous_navigation/cmake/autonoumous_navigationConfig-version.cmake
[1.061s] -- Up-to-date: /home/saun/ctrl_mr_dynamic/install/autonoumous_navigation/share/autonoumous_navigation/package.xml
[1.070s] Invoked command in '/home/saun/ctrl_mr_dynamic/build/autonoumous_navigation' returned '0': CMAKE_PREFIX_PATH=${CMAKE_PREFIX_PATH}:/home/saun/ctrl_mr_dynamic/install/simple_control_pkg:/home/saun/ctrl_mr_dynamic/install/force_control_exp:/home/saun/ctrl_mr_dynamic/install/differential_robot:/opt/ros/humble /usr/bin/cmake --install /home/saun/ctrl_mr_dynamic/build/autonoumous_navigation
