[0.020s] Invoking command in '/home/saun/ctrl_mr_dynamic/build/run_sensor': CMAKE_PREFIX_PATH=${CMAKE_PREFIX_PATH}:/home/saun/ctrl_mr_dynamic/install/simple_control_pkg:/home/saun/ctrl_mr_dynamic/install/force_control_exp:/home/saun/ctrl_mr_dynamic/install/differential_robot:/opt/ros/humble /usr/bin/cmake --build /home/saun/ctrl_mr_dynamic/build/run_sensor -- -j8 -l8
[0.170s] Built target ament_cmake_python_copy_run_sensor
[0.818s] running egg_info
[0.819s] writing run_sensor.egg-info/PKG-INFO
[0.820s] writing dependency_links to run_sensor.egg-info/dependency_links.txt
[0.820s] writing top-level names to run_sensor.egg-info/top_level.txt
[0.825s] reading manifest file 'run_sensor.egg-info/SOURCES.txt'
[0.826s] writing manifest file 'run_sensor.egg-info/SOURCES.txt'
[0.866s] Built target ament_cmake_python_build_run_sensor_egg
[1.022s] Invoked command in '/home/saun/ctrl_mr_dynamic/build/run_sensor' returned '0': CMAKE_PREFIX_PATH=${CMAKE_PREFIX_PATH}:/home/saun/ctrl_mr_dynamic/install/simple_control_pkg:/home/saun/ctrl_mr_dynamic/install/force_control_exp:/home/saun/ctrl_mr_dynamic/install/differential_robot:/opt/ros/humble /usr/bin/cmake --build /home/saun/ctrl_mr_dynamic/build/run_sensor -- -j8 -l8
[1.072s] Invoking command in '/home/saun/ctrl_mr_dynamic/build/run_sensor': CMAKE_PREFIX_PATH=${CMAKE_PREFIX_PATH}:/home/saun/ctrl_mr_dynamic/install/simple_control_pkg:/home/saun/ctrl_mr_dynamic/install/force_control_exp:/home/saun/ctrl_mr_dynamic/install/differential_robot:/opt/ros/humble /usr/bin/cmake --install /home/saun/ctrl_mr_dynamic/build/run_sensor
[1.084s] -- Install configuration: ""
[1.085s] -- Up-to-date: /home/saun/ctrl_mr_dynamic/install/run_sensor/share/run_sensor/environment/pythonpath.sh
[1.085s] -- Up-to-date: /home/saun/ctrl_mr_dynamic/install/run_sensor/share/run_sensor/environment/pythonpath.dsv
[1.085s] -- Up-to-date: /home/saun/ctrl_mr_dynamic/install/run_sensor/local/lib/python3.10/dist-packages/run_sensor-1.0.0-py3.10.egg-info
[1.085s] -- Installing: /home/saun/ctrl_mr_dynamic/install/run_sensor/local/lib/python3.10/dist-packages/run_sensor-1.0.0-py3.10.egg-info/dependency_links.txt
[1.085s] -- Installing: /home/saun/ctrl_mr_dynamic/install/run_sensor/local/lib/python3.10/dist-packages/run_sensor-1.0.0-py3.10.egg-info/top_level.txt
[1.086s] -- Installing: /home/saun/ctrl_mr_dynamic/install/run_sensor/local/lib/python3.10/dist-packages/run_sensor-1.0.0-py3.10.egg-info/SOURCES.txt
[1.086s] -- Installing: /home/saun/ctrl_mr_dynamic/install/run_sensor/local/lib/python3.10/dist-packages/run_sensor-1.0.0-py3.10.egg-info/PKG-INFO
[1.086s] -- Up-to-date: /home/saun/ctrl_mr_dynamic/install/run_sensor/local/lib/python3.10/dist-packages/run_sensor
[1.086s] -- Up-to-date: /home/saun/ctrl_mr_dynamic/install/run_sensor/local/lib/python3.10/dist-packages/run_sensor/__init__.py
[1.145s] Listing '/home/saun/ctrl_mr_dynamic/install/run_sensor/local/lib/python3.10/dist-packages/run_sensor'...
[1.152s] -- Up-to-date: /home/saun/ctrl_mr_dynamic/install/run_sensor/lib/run_sensor/object_tracking_gazebo.launch.py
[1.152s] -- Up-to-date: /home/saun/ctrl_mr_dynamic/install/run_sensor/lib/run_sensor/object_tracking_real.launch.py
[1.153s] -- Up-to-date: /home/saun/ctrl_mr_dynamic/install/run_sensor/share/run_sensor/launch
[1.153s] -- Up-to-date: /home/saun/ctrl_mr_dynamic/install/run_sensor/share/run_sensor/launch/object_tracking_gazebo.launch.py
[1.153s] -- Up-to-date: /home/saun/ctrl_mr_dynamic/install/run_sensor/share/run_sensor/launch/object_tracking_real.launch.py
[1.153s] -- Up-to-date: /home/saun/ctrl_mr_dynamic/install/run_sensor/share/run_sensor/launch/__pycache__
[1.154s] -- Up-to-date: /home/saun/ctrl_mr_dynamic/install/run_sensor/share/run_sensor/launch/__pycache__/object_tracking_real.launch.cpython-310.pyc
[1.154s] -- Up-to-date: /home/saun/ctrl_mr_dynamic/install/run_sensor/share/ament_index/resource_index/package_run_dependencies/run_sensor
[1.154s] -- Up-to-date: /home/saun/ctrl_mr_dynamic/install/run_sensor/share/ament_index/resource_index/parent_prefix_path/run_sensor
[1.154s] -- Up-to-date: /home/saun/ctrl_mr_dynamic/install/run_sensor/share/run_sensor/environment/ament_prefix_path.sh
[1.154s] -- Up-to-date: /home/saun/ctrl_mr_dynamic/install/run_sensor/share/run_sensor/environment/ament_prefix_path.dsv
[1.154s] -- Up-to-date: /home/saun/ctrl_mr_dynamic/install/run_sensor/share/run_sensor/environment/path.sh
[1.155s] -- Up-to-date: /home/saun/ctrl_mr_dynamic/install/run_sensor/share/run_sensor/environment/path.dsv
[1.155s] -- Up-to-date: /home/saun/ctrl_mr_dynamic/install/run_sensor/share/run_sensor/local_setup.bash
[1.155s] -- Up-to-date: /home/saun/ctrl_mr_dynamic/install/run_sensor/share/run_sensor/local_setup.sh
[1.155s] -- Up-to-date: /home/saun/ctrl_mr_dynamic/install/run_sensor/share/run_sensor/local_setup.zsh
[1.155s] -- Up-to-date: /home/saun/ctrl_mr_dynamic/install/run_sensor/share/run_sensor/local_setup.dsv
[1.156s] -- Installing: /home/saun/ctrl_mr_dynamic/install/run_sensor/share/run_sensor/package.dsv
[1.156s] -- Up-to-date: /home/saun/ctrl_mr_dynamic/install/run_sensor/share/ament_index/resource_index/packages/run_sensor
[1.156s] -- Up-to-date: /home/saun/ctrl_mr_dynamic/install/run_sensor/share/run_sensor/cmake/run_sensorConfig.cmake
[1.156s] -- Up-to-date: /home/saun/ctrl_mr_dynamic/install/run_sensor/share/run_sensor/cmake/run_sensorConfig-version.cmake
[1.157s] -- Up-to-date: /home/saun/ctrl_mr_dynamic/install/run_sensor/share/run_sensor/package.xml
[1.159s] Invoked command in '/home/saun/ctrl_mr_dynamic/build/run_sensor' returned '0': CMAKE_PREFIX_PATH=${CMAKE_PREFIX_PATH}:/home/saun/ctrl_mr_dynamic/install/simple_control_pkg:/home/saun/ctrl_mr_dynamic/install/force_control_exp:/home/saun/ctrl_mr_dynamic/install/differential_robot:/opt/ros/humble /usr/bin/cmake --install /home/saun/ctrl_mr_dynamic/build/run_sensor
