[1.208s] Invoking command in '/home/saun/ctrl_mr_dynamic/build/pid_control': CMAKE_PREFIX_PATH=${CMAKE_PREFIX_PATH}:/home/saun/ctrl_mr_dynamic/install/simple_control_pkg:/home/saun/ctrl_mr_dynamic/install/force_control_exp:/home/saun/ctrl_mr_dynamic/install/differential_robot:/opt/ros/humble /usr/bin/cmake --build /home/saun/ctrl_mr_dynamic/build/pid_control -- -j8 -l8
[1.524s] Built target ament_cmake_python_copy_pid_control
[2.748s] running egg_info
[2.753s] writing pid_control.egg-info/PKG-INFO
[2.753s] writing dependency_links to pid_control.egg-info/dependency_links.txt
[2.754s] writing top-level names to pid_control.egg-info/top_level.txt
[2.763s] reading manifest file 'pid_control.egg-info/SOURCES.txt'
[2.770s] writing manifest file 'pid_control.egg-info/SOURCES.txt'
[2.836s] Built target ament_cmake_python_build_pid_control_egg
[3.325s] Invoked command in '/home/saun/ctrl_mr_dynamic/build/pid_control' returned '0': CMAKE_PREFIX_PATH=${CMAKE_PREFIX_PATH}:/home/saun/ctrl_mr_dynamic/install/simple_control_pkg:/home/saun/ctrl_mr_dynamic/install/force_control_exp:/home/saun/ctrl_mr_dynamic/install/differential_robot:/opt/ros/humble /usr/bin/cmake --build /home/saun/ctrl_mr_dynamic/build/pid_control -- -j8 -l8
[3.418s] Invoking command in '/home/saun/ctrl_mr_dynamic/build/pid_control': CMAKE_PREFIX_PATH=${CMAKE_PREFIX_PATH}:/home/saun/ctrl_mr_dynamic/install/simple_control_pkg:/home/saun/ctrl_mr_dynamic/install/force_control_exp:/home/saun/ctrl_mr_dynamic/install/differential_robot:/opt/ros/humble /usr/bin/cmake --install /home/saun/ctrl_mr_dynamic/build/pid_control
[3.473s] -- Install configuration: ""
[3.473s] -- Up-to-date: /home/saun/ctrl_mr_dynamic/install/pid_control/share/pid_control/environment/pythonpath.sh
[3.477s] -- Up-to-date: /home/saun/ctrl_mr_dynamic/install/pid_control/share/pid_control/environment/pythonpath.dsv
[3.477s] -- Up-to-date: /home/saun/ctrl_mr_dynamic/install/pid_control/local/lib/python3.10/dist-packages/pid_control-1.0.0-py3.10.egg-info
[3.482s] -- Installing: /home/saun/ctrl_mr_dynamic/install/pid_control/local/lib/python3.10/dist-packages/pid_control-1.0.0-py3.10.egg-info/dependency_links.txt
[3.483s] -- Installing: /home/saun/ctrl_mr_dynamic/install/pid_control/local/lib/python3.10/dist-packages/pid_control-1.0.0-py3.10.egg-info/top_level.txt
[3.484s] -- Installing: /home/saun/ctrl_mr_dynamic/install/pid_control/local/lib/python3.10/dist-packages/pid_control-1.0.0-py3.10.egg-info/SOURCES.txt
[3.487s] -- Installing: /home/saun/ctrl_mr_dynamic/install/pid_control/local/lib/python3.10/dist-packages/pid_control-1.0.0-py3.10.egg-info/PKG-INFO
[3.489s] -- Up-to-date: /home/saun/ctrl_mr_dynamic/install/pid_control/local/lib/python3.10/dist-packages/pid_control
[3.493s] -- Up-to-date: /home/saun/ctrl_mr_dynamic/install/pid_control/local/lib/python3.10/dist-packages/pid_control/__init__.py
[3.550s] Listing '/home/saun/ctrl_mr_dynamic/install/pid_control/local/lib/python3.10/dist-packages/pid_control'...
[3.571s] -- Up-to-date: /home/saun/ctrl_mr_dynamic/install/pid_control/lib/pid_control/pid_control.py
[3.571s] -- Up-to-date: /home/saun/ctrl_mr_dynamic/install/pid_control/lib/pid_control/pid_control_origin.py
[3.571s] -- Up-to-date: /home/saun/ctrl_mr_dynamic/install/pid_control/lib/pid_control/pid_control.launch.py
[3.586s] -- Up-to-date: /home/saun/ctrl_mr_dynamic/install/pid_control/share/pid_control/launch
[3.591s] -- Up-to-date: /home/saun/ctrl_mr_dynamic/install/pid_control/share/pid_control/launch/pid_control.launch.py
[3.593s] -- Up-to-date: /home/saun/ctrl_mr_dynamic/install/pid_control/share/pid_control/config
[3.593s] -- Up-to-date: /home/saun/ctrl_mr_dynamic/install/pid_control/share/pid_control/config/params.yaml
[3.593s] -- Up-to-date: /home/saun/ctrl_mr_dynamic/install/pid_control/share/ament_index/resource_index/package_run_dependencies/pid_control
[3.593s] -- Up-to-date: /home/saun/ctrl_mr_dynamic/install/pid_control/share/ament_index/resource_index/parent_prefix_path/pid_control
[3.602s] -- Up-to-date: /home/saun/ctrl_mr_dynamic/install/pid_control/share/pid_control/environment/ament_prefix_path.sh
[3.604s] -- Up-to-date: /home/saun/ctrl_mr_dynamic/install/pid_control/share/pid_control/environment/ament_prefix_path.dsv
[3.605s] -- Up-to-date: /home/saun/ctrl_mr_dynamic/install/pid_control/share/pid_control/environment/path.sh
[3.606s] -- Up-to-date: /home/saun/ctrl_mr_dynamic/install/pid_control/share/pid_control/environment/path.dsv
[3.609s] -- Up-to-date: /home/saun/ctrl_mr_dynamic/install/pid_control/share/pid_control/local_setup.bash
[3.609s] -- Up-to-date: /home/saun/ctrl_mr_dynamic/install/pid_control/share/pid_control/local_setup.sh
[3.609s] -- Up-to-date: /home/saun/ctrl_mr_dynamic/install/pid_control/share/pid_control/local_setup.zsh
[3.609s] -- Up-to-date: /home/saun/ctrl_mr_dynamic/install/pid_control/share/pid_control/local_setup.dsv
[3.609s] -- Installing: /home/saun/ctrl_mr_dynamic/install/pid_control/share/pid_control/package.dsv
[3.610s] -- Up-to-date: /home/saun/ctrl_mr_dynamic/install/pid_control/share/ament_index/resource_index/packages/pid_control
[3.615s] -- Up-to-date: /home/saun/ctrl_mr_dynamic/install/pid_control/share/pid_control/cmake/pid_controlConfig.cmake
[3.616s] -- Up-to-date: /home/saun/ctrl_mr_dynamic/install/pid_control/share/pid_control/cmake/pid_controlConfig-version.cmake
[3.619s] -- Up-to-date: /home/saun/ctrl_mr_dynamic/install/pid_control/share/pid_control/package.xml
[3.620s] Invoked command in '/home/saun/ctrl_mr_dynamic/build/pid_control' returned '0': CMAKE_PREFIX_PATH=${CMAKE_PREFIX_PATH}:/home/saun/ctrl_mr_dynamic/install/simple_control_pkg:/home/saun/ctrl_mr_dynamic/install/force_control_exp:/home/saun/ctrl_mr_dynamic/install/differential_robot:/opt/ros/humble /usr/bin/cmake --install /home/saun/ctrl_mr_dynamic/build/pid_control
