running egg_info
creating ../../build/simple_control_pkg/simple_control_pkg.egg-info
writing ../../build/simple_control_pkg/simple_control_pkg.egg-info/PKG-INFO
writing dependency_links to ../../build/simple_control_pkg/simple_control_pkg.egg-info/dependency_links.txt
writing entry points to ../../build/simple_control_pkg/simple_control_pkg.egg-info/entry_points.txt
writing requirements to ../../build/simple_control_pkg/simple_control_pkg.egg-info/requires.txt
writing top-level names to ../../build/simple_control_pkg/simple_control_pkg.egg-info/top_level.txt
writing manifest file '../../build/simple_control_pkg/simple_control_pkg.egg-info/SOURCES.txt'
reading manifest file '../../build/simple_control_pkg/simple_control_pkg.egg-info/SOURCES.txt'
writing manifest file '../../build/simple_control_pkg/simple_control_pkg.egg-info/SOURCES.txt'
running build
running build_py
creating /home/saun/ctrl_mr_dynamic/build/simple_control_pkg/build
creating /home/saun/ctrl_mr_dynamic/build/simple_control_pkg/build/lib
creating /home/saun/ctrl_mr_dynamic/build/simple_control_pkg/build/lib/simple_control_pkg
copying simple_control_pkg/simple_control.py -> /home/saun/ctrl_mr_dynamic/build/simple_control_pkg/build/lib/simple_control_pkg
copying simple_control_pkg/__init__.py -> /home/saun/ctrl_mr_dynamic/build/simple_control_pkg/build/lib/simple_control_pkg
running install
running install_lib
creating /home/saun/ctrl_mr_dynamic/install/simple_control_pkg/lib/python3.10/site-packages/simple_control_pkg
copying /home/saun/ctrl_mr_dynamic/build/simple_control_pkg/build/lib/simple_control_pkg/simple_control.py -> /home/saun/ctrl_mr_dynamic/install/simple_control_pkg/lib/python3.10/site-packages/simple_control_pkg
copying /home/saun/ctrl_mr_dynamic/build/simple_control_pkg/build/lib/simple_control_pkg/__init__.py -> /home/saun/ctrl_mr_dynamic/install/simple_control_pkg/lib/python3.10/site-packages/simple_control_pkg
byte-compiling /home/saun/ctrl_mr_dynamic/install/simple_control_pkg/lib/python3.10/site-packages/simple_control_pkg/simple_control.py to simple_control.cpython-310.pyc
byte-compiling /home/saun/ctrl_mr_dynamic/install/simple_control_pkg/lib/python3.10/site-packages/simple_control_pkg/__init__.py to __init__.cpython-310.pyc
running install_data
creating /home/saun/ctrl_mr_dynamic/install/simple_control_pkg/share/ament_index
creating /home/saun/ctrl_mr_dynamic/install/simple_control_pkg/share/ament_index/resource_index
creating /home/saun/ctrl_mr_dynamic/install/simple_control_pkg/share/ament_index/resource_index/packages
copying resource/simple_control_pkg -> /home/saun/ctrl_mr_dynamic/install/simple_control_pkg/share/ament_index/resource_index/packages
copying package.xml -> /home/saun/ctrl_mr_dynamic/install/simple_control_pkg/share/simple_control_pkg
running install_egg_info
Copying ../../build/simple_control_pkg/simple_control_pkg.egg-info to /home/saun/ctrl_mr_dynamic/install/simple_control_pkg/lib/python3.10/site-packages/simple_control_pkg-0.0.0-py3.10.egg-info
running install_scripts
Installing simple_control script to /home/saun/ctrl_mr_dynamic/install/simple_control_pkg/lib/simple_control_pkg
writing list of installed files to '/home/saun/ctrl_mr_dynamic/build/simple_control_pkg/install.log'
