[1.594s] Invoking command in '/home/saun/ctrl_mr_dynamic/src/simple_control_pkg': PYTHONPATH=/home/saun/ctrl_mr_dynamic/build/simple_control_pkg/prefix_override:/usr/lib/python3/dist-packages/colcon_core/task/python/colcon_distutils_commands:/home/saun/ctrl_mr_dynamic/install/simple_control_pkg/lib/python3.10/site-packages:${PYTHONPATH} /usr/bin/python3 -W ignore:setup.py install is deprecated setup.py egg_info --egg-base ../../build/simple_control_pkg build --build-base /home/saun/ctrl_mr_dynamic/build/simple_control_pkg/build install --record /home/saun/ctrl_mr_dynamic/build/simple_control_pkg/install.log --single-version-externally-managed install_data
[2.228s] running egg_info
[2.229s] creating ../../build/simple_control_pkg/simple_control_pkg.egg-info
[2.230s] writing ../../build/simple_control_pkg/simple_control_pkg.egg-info/PKG-INFO
[2.232s] writing dependency_links to ../../build/simple_control_pkg/simple_control_pkg.egg-info/dependency_links.txt
[2.232s] writing entry points to ../../build/simple_control_pkg/simple_control_pkg.egg-info/entry_points.txt
[2.232s] writing requirements to ../../build/simple_control_pkg/simple_control_pkg.egg-info/requires.txt
[2.232s] writing top-level names to ../../build/simple_control_pkg/simple_control_pkg.egg-info/top_level.txt
[2.232s] writing manifest file '../../build/simple_control_pkg/simple_control_pkg.egg-info/SOURCES.txt'
[2.235s] reading manifest file '../../build/simple_control_pkg/simple_control_pkg.egg-info/SOURCES.txt'
[2.236s] writing manifest file '../../build/simple_control_pkg/simple_control_pkg.egg-info/SOURCES.txt'
[2.237s] running build
[2.237s] running build_py
[2.238s] creating /home/saun/ctrl_mr_dynamic/build/simple_control_pkg/build
[2.238s] creating /home/saun/ctrl_mr_dynamic/build/simple_control_pkg/build/lib
[2.238s] creating /home/saun/ctrl_mr_dynamic/build/simple_control_pkg/build/lib/simple_control_pkg
[2.238s] copying simple_control_pkg/simple_control.py -> /home/saun/ctrl_mr_dynamic/build/simple_control_pkg/build/lib/simple_control_pkg
[2.239s] copying simple_control_pkg/__init__.py -> /home/saun/ctrl_mr_dynamic/build/simple_control_pkg/build/lib/simple_control_pkg
[2.240s] running install
[2.241s] running install_lib
[2.242s] creating /home/saun/ctrl_mr_dynamic/install/simple_control_pkg/lib/python3.10/site-packages/simple_control_pkg
[2.242s] copying /home/saun/ctrl_mr_dynamic/build/simple_control_pkg/build/lib/simple_control_pkg/simple_control.py -> /home/saun/ctrl_mr_dynamic/install/simple_control_pkg/lib/python3.10/site-packages/simple_control_pkg
[2.242s] copying /home/saun/ctrl_mr_dynamic/build/simple_control_pkg/build/lib/simple_control_pkg/__init__.py -> /home/saun/ctrl_mr_dynamic/install/simple_control_pkg/lib/python3.10/site-packages/simple_control_pkg
[2.243s] byte-compiling /home/saun/ctrl_mr_dynamic/install/simple_control_pkg/lib/python3.10/site-packages/simple_control_pkg/simple_control.py to simple_control.cpython-310.pyc
[2.245s] byte-compiling /home/saun/ctrl_mr_dynamic/install/simple_control_pkg/lib/python3.10/site-packages/simple_control_pkg/__init__.py to __init__.cpython-310.pyc
[2.245s] running install_data
[2.245s] creating /home/saun/ctrl_mr_dynamic/install/simple_control_pkg/share/ament_index
[2.246s] creating /home/saun/ctrl_mr_dynamic/install/simple_control_pkg/share/ament_index/resource_index
[2.246s] creating /home/saun/ctrl_mr_dynamic/install/simple_control_pkg/share/ament_index/resource_index/packages
[2.246s] copying resource/simple_control_pkg -> /home/saun/ctrl_mr_dynamic/install/simple_control_pkg/share/ament_index/resource_index/packages
[2.246s] copying package.xml -> /home/saun/ctrl_mr_dynamic/install/simple_control_pkg/share/simple_control_pkg
[2.246s] running install_egg_info
[2.250s] Copying ../../build/simple_control_pkg/simple_control_pkg.egg-info to /home/saun/ctrl_mr_dynamic/install/simple_control_pkg/lib/python3.10/site-packages/simple_control_pkg-0.0.0-py3.10.egg-info
[2.251s] running install_scripts
[2.296s] Installing simple_control script to /home/saun/ctrl_mr_dynamic/install/simple_control_pkg/lib/simple_control_pkg
[2.297s] writing list of installed files to '/home/saun/ctrl_mr_dynamic/build/simple_control_pkg/install.log'
[2.341s] Invoked command in '/home/saun/ctrl_mr_dynamic/src/simple_control_pkg' returned '0': PYTHONPATH=/home/saun/ctrl_mr_dynamic/build/simple_control_pkg/prefix_override:/usr/lib/python3/dist-packages/colcon_core/task/python/colcon_distutils_commands:/home/saun/ctrl_mr_dynamic/install/simple_control_pkg/lib/python3.10/site-packages:${PYTHONPATH} /usr/bin/python3 -W ignore:setup.py install is deprecated setup.py egg_info --egg-base ../../build/simple_control_pkg build --build-base /home/saun/ctrl_mr_dynamic/build/simple_control_pkg/build install --record /home/saun/ctrl_mr_dynamic/build/simple_control_pkg/install.log --single-version-externally-managed install_data
