[0.042s] Invoking command in '/home/saun/ctrl_mr_dynamic/build/visual_control_v1': CMAKE_PREFIX_PATH=${CMAKE_PREFIX_PATH}:/home/saun/ctrl_mr_dynamic/install/simple_control_pkg:/home/saun/ctrl_mr_dynamic/install/force_control_exp:/home/saun/ctrl_mr_dynamic/install/differential_robot:/opt/ros/humble /usr/bin/cmake --build /home/saun/ctrl_mr_dynamic/build/visual_control_v1 -- -j8 -l8
[0.172s] Built target ament_cmake_python_copy_visual_control_v1
[0.617s] running egg_info
[0.618s] writing visual_control_v1.egg-info/PKG-INFO
[0.618s] writing dependency_links to visual_control_v1.egg-info/dependency_links.txt
[0.619s] writing top-level names to visual_control_v1.egg-info/top_level.txt
[0.622s] reading manifest file 'visual_control_v1.egg-info/SOURCES.txt'
[0.622s] writing manifest file 'visual_control_v1.egg-info/SOURCES.txt'
[0.665s] Built target ament_cmake_python_build_visual_control_v1_egg
[0.693s] Invoked command in '/home/saun/ctrl_mr_dynamic/build/visual_control_v1' returned '0': CMAKE_PREFIX_PATH=${CMAKE_PREFIX_PATH}:/home/saun/ctrl_mr_dynamic/install/simple_control_pkg:/home/saun/ctrl_mr_dynamic/install/force_control_exp:/home/saun/ctrl_mr_dynamic/install/differential_robot:/opt/ros/humble /usr/bin/cmake --build /home/saun/ctrl_mr_dynamic/build/visual_control_v1 -- -j8 -l8
[0.728s] Invoking command in '/home/saun/ctrl_mr_dynamic/build/visual_control_v1': CMAKE_PREFIX_PATH=${CMAKE_PREFIX_PATH}:/home/saun/ctrl_mr_dynamic/install/simple_control_pkg:/home/saun/ctrl_mr_dynamic/install/force_control_exp:/home/saun/ctrl_mr_dynamic/install/differential_robot:/opt/ros/humble /usr/bin/cmake --install /home/saun/ctrl_mr_dynamic/build/visual_control_v1
[0.738s] -- Install configuration: ""
[0.738s] -- Up-to-date: /home/saun/ctrl_mr_dynamic/install/visual_control_v1/share/visual_control_v1/environment/pythonpath.sh
[0.738s] -- Up-to-date: /home/saun/ctrl_mr_dynamic/install/visual_control_v1/share/visual_control_v1/environment/pythonpath.dsv
[0.738s] -- Up-to-date: /home/saun/ctrl_mr_dynamic/install/visual_control_v1/local/lib/python3.10/dist-packages/visual_control_v1-1.0.0-py3.10.egg-info
[0.739s] -- Installing: /home/saun/ctrl_mr_dynamic/install/visual_control_v1/local/lib/python3.10/dist-packages/visual_control_v1-1.0.0-py3.10.egg-info/dependency_links.txt
[0.739s] -- Installing: /home/saun/ctrl_mr_dynamic/install/visual_control_v1/local/lib/python3.10/dist-packages/visual_control_v1-1.0.0-py3.10.egg-info/top_level.txt
[0.739s] -- Installing: /home/saun/ctrl_mr_dynamic/install/visual_control_v1/local/lib/python3.10/dist-packages/visual_control_v1-1.0.0-py3.10.egg-info/SOURCES.txt
[0.739s] -- Installing: /home/saun/ctrl_mr_dynamic/install/visual_control_v1/local/lib/python3.10/dist-packages/visual_control_v1-1.0.0-py3.10.egg-info/PKG-INFO
[0.739s] -- Up-to-date: /home/saun/ctrl_mr_dynamic/install/visual_control_v1/local/lib/python3.10/dist-packages/visual_control_v1
[0.739s] -- Up-to-date: /home/saun/ctrl_mr_dynamic/install/visual_control_v1/local/lib/python3.10/dist-packages/visual_control_v1/__init__.py
[0.787s] Listing '/home/saun/ctrl_mr_dynamic/install/visual_control_v1/local/lib/python3.10/dist-packages/visual_control_v1'...
[0.792s] -- Up-to-date: /home/saun/ctrl_mr_dynamic/install/visual_control_v1/lib/visual_control_v1/irobot_PID.py
[0.793s] -- Up-to-date: /home/saun/ctrl_mr_dynamic/install/visual_control_v1/lib/visual_control_v1/irobot_PID.launch.py
[0.793s] -- Up-to-date: /home/saun/ctrl_mr_dynamic/install/visual_control_v1/share/visual_control_v1/launch
[0.793s] -- Up-to-date: /home/saun/ctrl_mr_dynamic/install/visual_control_v1/share/visual_control_v1/launch/irobot_PID.launch.py
[0.793s] -- Up-to-date: /home/saun/ctrl_mr_dynamic/install/visual_control_v1/share/visual_control_v1/config
[0.793s] -- Up-to-date: /home/saun/ctrl_mr_dynamic/install/visual_control_v1/share/visual_control_v1/config/params.yaml
[0.794s] -- Up-to-date: /home/saun/ctrl_mr_dynamic/install/visual_control_v1/share/ament_index/resource_index/package_run_dependencies/visual_control_v1
[0.794s] -- Up-to-date: /home/saun/ctrl_mr_dynamic/install/visual_control_v1/share/ament_index/resource_index/parent_prefix_path/visual_control_v1
[0.794s] -- Up-to-date: /home/saun/ctrl_mr_dynamic/install/visual_control_v1/share/visual_control_v1/environment/ament_prefix_path.sh
[0.794s] -- Up-to-date: /home/saun/ctrl_mr_dynamic/install/visual_control_v1/share/visual_control_v1/environment/ament_prefix_path.dsv
[0.794s] -- Up-to-date: /home/saun/ctrl_mr_dynamic/install/visual_control_v1/share/visual_control_v1/environment/path.sh
[0.794s] -- Up-to-date: /home/saun/ctrl_mr_dynamic/install/visual_control_v1/share/visual_control_v1/environment/path.dsv
[0.794s] -- Up-to-date: /home/saun/ctrl_mr_dynamic/install/visual_control_v1/share/visual_control_v1/local_setup.bash
[0.795s] -- Up-to-date: /home/saun/ctrl_mr_dynamic/install/visual_control_v1/share/visual_control_v1/local_setup.sh
[0.795s] -- Up-to-date: /home/saun/ctrl_mr_dynamic/install/visual_control_v1/share/visual_control_v1/local_setup.zsh
[0.795s] -- Up-to-date: /home/saun/ctrl_mr_dynamic/install/visual_control_v1/share/visual_control_v1/local_setup.dsv
[0.795s] -- Installing: /home/saun/ctrl_mr_dynamic/install/visual_control_v1/share/visual_control_v1/package.dsv
[0.795s] -- Up-to-date: /home/saun/ctrl_mr_dynamic/install/visual_control_v1/share/ament_index/resource_index/packages/visual_control_v1
[0.795s] -- Up-to-date: /home/saun/ctrl_mr_dynamic/install/visual_control_v1/share/visual_control_v1/cmake/visual_control_v1Config.cmake
[0.795s] -- Up-to-date: /home/saun/ctrl_mr_dynamic/install/visual_control_v1/share/visual_control_v1/cmake/visual_control_v1Config-version.cmake
[0.795s] -- Up-to-date: /home/saun/ctrl_mr_dynamic/install/visual_control_v1/share/visual_control_v1/package.xml
[0.798s] Invoked command in '/home/saun/ctrl_mr_dynamic/build/visual_control_v1' returned '0': CMAKE_PREFIX_PATH=${CMAKE_PREFIX_PATH}:/home/saun/ctrl_mr_dynamic/install/simple_control_pkg:/home/saun/ctrl_mr_dynamic/install/force_control_exp:/home/saun/ctrl_mr_dynamic/install/differential_robot:/opt/ros/humble /usr/bin/cmake --install /home/saun/ctrl_mr_dynamic/build/visual_control_v1
