[0.719s] Invoking command in '/home/saun/ctrl_mr_dynamic/build/pid_control': CMAKE_PREFIX_PATH=${CMAKE_PREFIX_PATH}:/home/saun/ctrl_mr_dynamic/install/simple_control_pkg:/home/saun/ctrl_mr_dynamic/install/force_control_exp:/home/saun/ctrl_mr_dynamic/install/differential_robot:/opt/ros/humble /usr/bin/cmake --build /home/saun/ctrl_mr_dynamic/build/pid_control -- -j8 -l8
[0.852s] Built target ament_cmake_python_copy_pid_control
[1.464s] running egg_info
[1.467s] writing pid_control.egg-info/PKG-INFO
[1.467s] writing dependency_links to pid_control.egg-info/dependency_links.txt
[1.468s] writing top-level names to pid_control.egg-info/top_level.txt
[1.471s] reading manifest file 'pid_control.egg-info/SOURCES.txt'
[1.472s] writing manifest file 'pid_control.egg-info/SOURCES.txt'
[1.545s] Built target ament_cmake_python_build_pid_control_egg
[1.814s] Invoked command in '/home/saun/ctrl_mr_dynamic/build/pid_control' returned '0': CMAKE_PREFIX_PATH=${CMAKE_PREFIX_PATH}:/home/saun/ctrl_mr_dynamic/install/simple_control_pkg:/home/saun/ctrl_mr_dynamic/install/force_control_exp:/home/saun/ctrl_mr_dynamic/install/differential_robot:/opt/ros/humble /usr/bin/cmake --build /home/saun/ctrl_mr_dynamic/build/pid_control -- -j8 -l8
[1.873s] Invoking command in '/home/saun/ctrl_mr_dynamic/build/pid_control': CMAKE_PREFIX_PATH=${CMAKE_PREFIX_PATH}:/home/saun/ctrl_mr_dynamic/install/simple_control_pkg:/home/saun/ctrl_mr_dynamic/install/force_control_exp:/home/saun/ctrl_mr_dynamic/install/differential_robot:/opt/ros/humble /usr/bin/cmake --install /home/saun/ctrl_mr_dynamic/build/pid_control
[1.903s] -- Install configuration: ""
[1.903s] -- Up-to-date: /home/saun/ctrl_mr_dynamic/install/pid_control/share/pid_control/environment/pythonpath.sh
[1.903s] -- Up-to-date: /home/saun/ctrl_mr_dynamic/install/pid_control/share/pid_control/environment/pythonpath.dsv
[1.903s] -- Up-to-date: /home/saun/ctrl_mr_dynamic/install/pid_control/local/lib/python3.10/dist-packages/pid_control-1.0.0-py3.10.egg-info
[1.903s] -- Installing: /home/saun/ctrl_mr_dynamic/install/pid_control/local/lib/python3.10/dist-packages/pid_control-1.0.0-py3.10.egg-info/dependency_links.txt
[1.903s] -- Installing: /home/saun/ctrl_mr_dynamic/install/pid_control/local/lib/python3.10/dist-packages/pid_control-1.0.0-py3.10.egg-info/top_level.txt
[1.903s] -- Installing: /home/saun/ctrl_mr_dynamic/install/pid_control/local/lib/python3.10/dist-packages/pid_control-1.0.0-py3.10.egg-info/SOURCES.txt
[1.904s] -- Installing: /home/saun/ctrl_mr_dynamic/install/pid_control/local/lib/python3.10/dist-packages/pid_control-1.0.0-py3.10.egg-info/PKG-INFO
[1.904s] -- Up-to-date: /home/saun/ctrl_mr_dynamic/install/pid_control/local/lib/python3.10/dist-packages/pid_control
[1.908s] -- Up-to-date: /home/saun/ctrl_mr_dynamic/install/pid_control/local/lib/python3.10/dist-packages/pid_control/__init__.py
[1.964s] Listing '/home/saun/ctrl_mr_dynamic/install/pid_control/local/lib/python3.10/dist-packages/pid_control'...
[1.976s] -- Up-to-date: /home/saun/ctrl_mr_dynamic/install/pid_control/lib/pid_control/pid_control.py
[1.976s] -- Up-to-date: /home/saun/ctrl_mr_dynamic/install/pid_control/lib/pid_control/pid_control_origin.py
[1.976s] -- Up-to-date: /home/saun/ctrl_mr_dynamic/install/pid_control/lib/pid_control/pid_control.launch.py
[1.977s] -- Up-to-date: /home/saun/ctrl_mr_dynamic/install/pid_control/share/pid_control/launch
[1.977s] -- Up-to-date: /home/saun/ctrl_mr_dynamic/install/pid_control/share/pid_control/launch/pid_control.launch.py
[1.977s] -- Up-to-date: /home/saun/ctrl_mr_dynamic/install/pid_control/share/pid_control/config
[1.977s] -- Up-to-date: /home/saun/ctrl_mr_dynamic/install/pid_control/share/pid_control/config/params.yaml
[1.977s] -- Up-to-date: /home/saun/ctrl_mr_dynamic/install/pid_control/share/ament_index/resource_index/package_run_dependencies/pid_control
[1.977s] -- Up-to-date: /home/saun/ctrl_mr_dynamic/install/pid_control/share/ament_index/resource_index/parent_prefix_path/pid_control
[1.977s] -- Up-to-date: /home/saun/ctrl_mr_dynamic/install/pid_control/share/pid_control/environment/ament_prefix_path.sh
[1.978s] -- Up-to-date: /home/saun/ctrl_mr_dynamic/install/pid_control/share/pid_control/environment/ament_prefix_path.dsv
[1.978s] -- Up-to-date: /home/saun/ctrl_mr_dynamic/install/pid_control/share/pid_control/environment/path.sh
[1.978s] -- Up-to-date: /home/saun/ctrl_mr_dynamic/install/pid_control/share/pid_control/environment/path.dsv
[1.978s] -- Up-to-date: /home/saun/ctrl_mr_dynamic/install/pid_control/share/pid_control/local_setup.bash
[1.978s] -- Up-to-date: /home/saun/ctrl_mr_dynamic/install/pid_control/share/pid_control/local_setup.sh
[1.978s] -- Up-to-date: /home/saun/ctrl_mr_dynamic/install/pid_control/share/pid_control/local_setup.zsh
[1.978s] -- Up-to-date: /home/saun/ctrl_mr_dynamic/install/pid_control/share/pid_control/local_setup.dsv
[1.987s] -- Installing: /home/saun/ctrl_mr_dynamic/install/pid_control/share/pid_control/package.dsv
[1.987s] -- Up-to-date: /home/saun/ctrl_mr_dynamic/install/pid_control/share/ament_index/resource_index/packages/pid_control
[1.987s] -- Up-to-date: /home/saun/ctrl_mr_dynamic/install/pid_control/share/pid_control/cmake/pid_controlConfig.cmake
[1.987s] -- Up-to-date: /home/saun/ctrl_mr_dynamic/install/pid_control/share/pid_control/cmake/pid_controlConfig-version.cmake
[1.988s] -- Up-to-date: /home/saun/ctrl_mr_dynamic/install/pid_control/share/pid_control/package.xml
[2.012s] Invoked command in '/home/saun/ctrl_mr_dynamic/build/pid_control' returned '0': CMAKE_PREFIX_PATH=${CMAKE_PREFIX_PATH}:/home/saun/ctrl_mr_dynamic/install/simple_control_pkg:/home/saun/ctrl_mr_dynamic/install/force_control_exp:/home/saun/ctrl_mr_dynamic/install/differential_robot:/opt/ros/humble /usr/bin/cmake --install /home/saun/ctrl_mr_dynamic/build/pid_control
