[0.716s] Invoking command in '/home/saun/ctrl_mr_dynamic/build/obstacle_detect': /usr/bin/cmake --build /home/saun/ctrl_mr_dynamic/build/obstacle_detect -- -j8 -l8
[0.853s] Built target ament_cmake_python_copy_obstacle_detect
[1.576s] running egg_info
[1.580s] writing obstacle_detect.egg-info/PKG-INFO
[1.581s] writing dependency_links to obstacle_detect.egg-info/dependency_links.txt
[1.581s] writing top-level names to obstacle_detect.egg-info/top_level.txt
[1.586s] reading manifest file 'obstacle_detect.egg-info/SOURCES.txt'
[1.587s] writing manifest file 'obstacle_detect.egg-info/SOURCES.txt'
[1.645s] Built target ament_cmake_python_build_obstacle_detect_egg
[1.933s] Invoked command in '/home/saun/ctrl_mr_dynamic/build/obstacle_detect' returned '0': /usr/bin/cmake --build /home/saun/ctrl_mr_dynamic/build/obstacle_detect -- -j8 -l8
[1.993s] Invoking command in '/home/saun/ctrl_mr_dynamic/build/obstacle_detect': /usr/bin/cmake --install /home/saun/ctrl_mr_dynamic/build/obstacle_detect
[2.015s] -- Install configuration: ""
[2.015s] -- Up-to-date: /home/saun/ctrl_mr_dynamic/install/obstacle_detect/share/obstacle_detect/environment/pythonpath.sh
[2.015s] -- Up-to-date: /home/saun/ctrl_mr_dynamic/install/obstacle_detect/share/obstacle_detect/environment/pythonpath.dsv
[2.015s] -- Up-to-date: /home/saun/ctrl_mr_dynamic/install/obstacle_detect/local/lib/python3.10/dist-packages/obstacle_detect-1.0.0-py3.10.egg-info
[2.016s] -- Installing: /home/saun/ctrl_mr_dynamic/install/obstacle_detect/local/lib/python3.10/dist-packages/obstacle_detect-1.0.0-py3.10.egg-info/dependency_links.txt
[2.016s] -- Installing: /home/saun/ctrl_mr_dynamic/install/obstacle_detect/local/lib/python3.10/dist-packages/obstacle_detect-1.0.0-py3.10.egg-info/top_level.txt
[2.017s] -- Installing: /home/saun/ctrl_mr_dynamic/install/obstacle_detect/local/lib/python3.10/dist-packages/obstacle_detect-1.0.0-py3.10.egg-info/SOURCES.txt
[2.017s] -- Installing: /home/saun/ctrl_mr_dynamic/install/obstacle_detect/local/lib/python3.10/dist-packages/obstacle_detect-1.0.0-py3.10.egg-info/PKG-INFO
[2.017s] -- Up-to-date: /home/saun/ctrl_mr_dynamic/install/obstacle_detect/local/lib/python3.10/dist-packages/obstacle_detect
[2.017s] -- Up-to-date: /home/saun/ctrl_mr_dynamic/install/obstacle_detect/local/lib/python3.10/dist-packages/obstacle_detect/__init__.py
[2.146s] Listing '/home/saun/ctrl_mr_dynamic/install/obstacle_detect/local/lib/python3.10/dist-packages/obstacle_detect'...
[2.153s] -- Up-to-date: /home/saun/ctrl_mr_dynamic/install/obstacle_detect/lib/obstacle_detect/cost_map.py
[2.153s] -- Up-to-date: /home/saun/ctrl_mr_dynamic/install/obstacle_detect/lib/obstacle_detect/cost_map.launch.py
[2.153s] -- Up-to-date: /home/saun/ctrl_mr_dynamic/install/obstacle_detect/share/obstacle_detect/launch
[2.153s] -- Up-to-date: /home/saun/ctrl_mr_dynamic/install/obstacle_detect/share/obstacle_detect/launch/cost_map.launch.py
[2.153s] -- Up-to-date: /home/saun/ctrl_mr_dynamic/install/obstacle_detect/share/obstacle_detect/config
[2.154s] -- Up-to-date: /home/saun/ctrl_mr_dynamic/install/obstacle_detect/share/obstacle_detect/config/params.yaml
[2.154s] -- Up-to-date: /home/saun/ctrl_mr_dynamic/install/obstacle_detect/share/ament_index/resource_index/package_run_dependencies/obstacle_detect
[2.154s] -- Up-to-date: /home/saun/ctrl_mr_dynamic/install/obstacle_detect/share/ament_index/resource_index/parent_prefix_path/obstacle_detect
[2.154s] -- Up-to-date: /home/saun/ctrl_mr_dynamic/install/obstacle_detect/share/obstacle_detect/environment/ament_prefix_path.sh
[2.155s] -- Up-to-date: /home/saun/ctrl_mr_dynamic/install/obstacle_detect/share/obstacle_detect/environment/ament_prefix_path.dsv
[2.155s] -- Up-to-date: /home/saun/ctrl_mr_dynamic/install/obstacle_detect/share/obstacle_detect/environment/path.sh
[2.155s] -- Up-to-date: /home/saun/ctrl_mr_dynamic/install/obstacle_detect/share/obstacle_detect/environment/path.dsv
[2.156s] -- Up-to-date: /home/saun/ctrl_mr_dynamic/install/obstacle_detect/share/obstacle_detect/local_setup.bash
[2.156s] -- Up-to-date: /home/saun/ctrl_mr_dynamic/install/obstacle_detect/share/obstacle_detect/local_setup.sh
[2.156s] -- Up-to-date: /home/saun/ctrl_mr_dynamic/install/obstacle_detect/share/obstacle_detect/local_setup.zsh
[2.157s] -- Up-to-date: /home/saun/ctrl_mr_dynamic/install/obstacle_detect/share/obstacle_detect/local_setup.dsv
[2.157s] -- Installing: /home/saun/ctrl_mr_dynamic/install/obstacle_detect/share/obstacle_detect/package.dsv
[2.157s] -- Up-to-date: /home/saun/ctrl_mr_dynamic/install/obstacle_detect/share/ament_index/resource_index/packages/obstacle_detect
[2.157s] -- Up-to-date: /home/saun/ctrl_mr_dynamic/install/obstacle_detect/share/obstacle_detect/cmake/obstacle_detectConfig.cmake
[2.157s] -- Up-to-date: /home/saun/ctrl_mr_dynamic/install/obstacle_detect/share/obstacle_detect/cmake/obstacle_detectConfig-version.cmake
[2.157s] -- Up-to-date: /home/saun/ctrl_mr_dynamic/install/obstacle_detect/share/obstacle_detect/package.xml
[2.197s] Invoked command in '/home/saun/ctrl_mr_dynamic/build/obstacle_detect' returned '0': /usr/bin/cmake --install /home/saun/ctrl_mr_dynamic/build/obstacle_detect
