[2.919s] Invoking command in '/home/saun/ctrl_mr_dynamic/src/force_control_exp': PYTHONPATH=/home/saun/ctrl_mr_dynamic/build/force_control_exp/prefix_override:/usr/lib/python3/dist-packages/colcon_core/task/python/colcon_distutils_commands:/home/saun/ctrl_mr_dynamic/install/force_control_exp/lib/python3.10/site-packages:${PYTHONPATH} /usr/bin/python3 -W ignore:setup.py install is deprecated setup.py egg_info --egg-base ../../build/force_control_exp build --build-base /home/saun/ctrl_mr_dynamic/build/force_control_exp/build install --record /home/saun/ctrl_mr_dynamic/build/force_control_exp/install.log --single-version-externally-managed install_data
[3.663s] running egg_info
[3.664s] writing ../../build/force_control_exp/force_control_exp.egg-info/PKG-INFO
[3.665s] writing dependency_links to ../../build/force_control_exp/force_control_exp.egg-info/dependency_links.txt
[3.665s] writing entry points to ../../build/force_control_exp/force_control_exp.egg-info/entry_points.txt
[3.665s] writing requirements to ../../build/force_control_exp/force_control_exp.egg-info/requires.txt
[3.666s] writing top-level names to ../../build/force_control_exp/force_control_exp.egg-info/top_level.txt
[3.669s] reading manifest file '../../build/force_control_exp/force_control_exp.egg-info/SOURCES.txt'
[3.672s] adding license file 'LICENSE'
[3.675s] writing manifest file '../../build/force_control_exp/force_control_exp.egg-info/SOURCES.txt'
[3.675s] running build
[3.676s] running build_py
[3.678s] running install
[3.678s] running install_lib
[3.680s] running install_data
[3.681s] running install_egg_info
[3.683s] removing '/home/saun/ctrl_mr_dynamic/install/force_control_exp/lib/python3.10/site-packages/force_control_exp-0.0.0-py3.10.egg-info' (and everything under it)
[3.684s] Copying ../../build/force_control_exp/force_control_exp.egg-info to /home/saun/ctrl_mr_dynamic/install/force_control_exp/lib/python3.10/site-packages/force_control_exp-0.0.0-py3.10.egg-info
[3.686s] running install_scripts
[3.746s] Installing force_control_exp_node script to /home/saun/ctrl_mr_dynamic/install/force_control_exp/lib/force_control_exp
[3.747s] writing list of installed files to '/home/saun/ctrl_mr_dynamic/build/force_control_exp/install.log'
[3.813s] Invoked command in '/home/saun/ctrl_mr_dynamic/src/force_control_exp' returned '0': PYTHONPATH=/home/saun/ctrl_mr_dynamic/build/force_control_exp/prefix_override:/usr/lib/python3/dist-packages/colcon_core/task/python/colcon_distutils_commands:/home/saun/ctrl_mr_dynamic/install/force_control_exp/lib/python3.10/site-packages:${PYTHONPATH} /usr/bin/python3 -W ignore:setup.py install is deprecated setup.py egg_info --egg-base ../../build/force_control_exp build --build-base /home/saun/ctrl_mr_dynamic/build/force_control_exp/build install --record /home/saun/ctrl_mr_dynamic/build/force_control_exp/install.log --single-version-externally-managed install_data
