[1.600s] Invoking command in '/home/saun/ctrl_mr_dynamic/src/force_control_exp': PYTHONPATH=/home/saun/ctrl_mr_dynamic/build/force_control_exp/prefix_override:/usr/lib/python3/dist-packages/colcon_core/task/python/colcon_distutils_commands:/home/saun/ctrl_mr_dynamic/install/force_control_exp/lib/python3.10/site-packages:${PYTHONPATH} /usr/bin/python3 -W ignore:setup.py install is deprecated setup.py egg_info --egg-base ../../build/force_control_exp build --build-base /home/saun/ctrl_mr_dynamic/build/force_control_exp/build install --record /home/saun/ctrl_mr_dynamic/build/force_control_exp/install.log --single-version-externally-managed install_data
[4.402s] running egg_info
[4.402s] creating ../../build/force_control_exp/force_control_exp.egg-info
[4.403s] writing ../../build/force_control_exp/force_control_exp.egg-info/PKG-INFO
[4.403s] writing dependency_links to ../../build/force_control_exp/force_control_exp.egg-info/dependency_links.txt
[4.403s] writing entry points to ../../build/force_control_exp/force_control_exp.egg-info/entry_points.txt
[4.404s] writing requirements to ../../build/force_control_exp/force_control_exp.egg-info/requires.txt
[4.405s] writing top-level names to ../../build/force_control_exp/force_control_exp.egg-info/top_level.txt
[4.405s] writing manifest file '../../build/force_control_exp/force_control_exp.egg-info/SOURCES.txt'
[4.405s] reading manifest file '../../build/force_control_exp/force_control_exp.egg-info/SOURCES.txt'
[4.405s] adding license file 'LICENSE'
[4.405s] writing manifest file '../../build/force_control_exp/force_control_exp.egg-info/SOURCES.txt'
[4.406s] running build
[4.406s] running build_py
[4.406s] creating /home/saun/ctrl_mr_dynamic/build/force_control_exp/build
[4.406s] creating /home/saun/ctrl_mr_dynamic/build/force_control_exp/build/lib
[4.407s] creating /home/saun/ctrl_mr_dynamic/build/force_control_exp/build/lib/force_control_exp
[4.407s] copying force_control_exp/dynamic_updater.py -> /home/saun/ctrl_mr_dynamic/build/force_control_exp/build/lib/force_control_exp
[4.407s] copying force_control_exp/__init__.py -> /home/saun/ctrl_mr_dynamic/build/force_control_exp/build/lib/force_control_exp
[4.408s] running install
[4.408s] running install_lib
[4.408s] creating /home/saun/ctrl_mr_dynamic/install/force_control_exp/lib/python3.10/site-packages/force_control_exp
[4.409s] copying /home/saun/ctrl_mr_dynamic/build/force_control_exp/build/lib/force_control_exp/dynamic_updater.py -> /home/saun/ctrl_mr_dynamic/install/force_control_exp/lib/python3.10/site-packages/force_control_exp
[4.409s] copying /home/saun/ctrl_mr_dynamic/build/force_control_exp/build/lib/force_control_exp/__init__.py -> /home/saun/ctrl_mr_dynamic/install/force_control_exp/lib/python3.10/site-packages/force_control_exp
[4.409s] byte-compiling /home/saun/ctrl_mr_dynamic/install/force_control_exp/lib/python3.10/site-packages/force_control_exp/dynamic_updater.py to dynamic_updater.cpython-310.pyc
[4.409s] byte-compiling /home/saun/ctrl_mr_dynamic/install/force_control_exp/lib/python3.10/site-packages/force_control_exp/__init__.py to __init__.cpython-310.pyc
[4.409s] running install_data
[4.409s] creating /home/saun/ctrl_mr_dynamic/install/force_control_exp/share/ament_index
[4.410s] creating /home/saun/ctrl_mr_dynamic/install/force_control_exp/share/ament_index/resource_index
[4.410s] creating /home/saun/ctrl_mr_dynamic/install/force_control_exp/share/ament_index/resource_index/packages
[4.410s] copying resource/force_control_exp -> /home/saun/ctrl_mr_dynamic/install/force_control_exp/share/ament_index/resource_index/packages
[4.410s] copying package.xml -> /home/saun/ctrl_mr_dynamic/install/force_control_exp/share/force_control_exp
[4.410s] running install_egg_info
[4.410s] Copying ../../build/force_control_exp/force_control_exp.egg-info to /home/saun/ctrl_mr_dynamic/install/force_control_exp/lib/python3.10/site-packages/force_control_exp-0.0.0-py3.10.egg-info
[4.411s] running install_scripts
[4.411s] Installing force_control_exp_node script to /home/saun/ctrl_mr_dynamic/install/force_control_exp/lib/force_control_exp
[4.411s] writing list of installed files to '/home/saun/ctrl_mr_dynamic/build/force_control_exp/install.log'
[4.421s] Invoked command in '/home/saun/ctrl_mr_dynamic/src/force_control_exp' returned '0': PYTHONPATH=/home/saun/ctrl_mr_dynamic/build/force_control_exp/prefix_override:/usr/lib/python3/dist-packages/colcon_core/task/python/colcon_distutils_commands:/home/saun/ctrl_mr_dynamic/install/force_control_exp/lib/python3.10/site-packages:${PYTHONPATH} /usr/bin/python3 -W ignore:setup.py install is deprecated setup.py egg_info --egg-base ../../build/force_control_exp build --build-base /home/saun/ctrl_mr_dynamic/build/force_control_exp/build install --record /home/saun/ctrl_mr_dynamic/build/force_control_exp/install.log --single-version-externally-managed install_data
