[1.235s] Invoking command in '/home/saun/ctrl_mr_dynamic/src/simple_control_pkg': PYTHONPATH=/home/saun/ctrl_mr_dynamic/build/simple_control_pkg/prefix_override:/usr/lib/python3/dist-packages/colcon_core/task/python/colcon_distutils_commands:/home/saun/ctrl_mr_dynamic/install/simple_control_pkg/lib/python3.10/site-packages:${PYTHONPATH} /usr/bin/python3 -W ignore:setup.py install is deprecated setup.py egg_info --egg-base ../../build/simple_control_pkg build --build-base /home/saun/ctrl_mr_dynamic/build/simple_control_pkg/build install --record /home/saun/ctrl_mr_dynamic/build/simple_control_pkg/install.log --single-version-externally-managed install_data
[1.606s] running egg_info
[1.608s] writing ../../build/simple_control_pkg/simple_control_pkg.egg-info/PKG-INFO
[1.608s] writing dependency_links to ../../build/simple_control_pkg/simple_control_pkg.egg-info/dependency_links.txt
[1.608s] writing entry points to ../../build/simple_control_pkg/simple_control_pkg.egg-info/entry_points.txt
[1.608s] writing requirements to ../../build/simple_control_pkg/simple_control_pkg.egg-info/requires.txt
[1.609s] writing top-level names to ../../build/simple_control_pkg/simple_control_pkg.egg-info/top_level.txt
[1.611s] reading manifest file '../../build/simple_control_pkg/simple_control_pkg.egg-info/SOURCES.txt'
[1.613s] writing manifest file '../../build/simple_control_pkg/simple_control_pkg.egg-info/SOURCES.txt'
[1.613s] running build
[1.613s] running build_py
[1.613s] running install
[1.614s] running install_lib
[1.616s] running install_data
[1.616s] running install_egg_info
[1.619s] removing '/home/saun/ctrl_mr_dynamic/install/simple_control_pkg/lib/python3.10/site-packages/simple_control_pkg-0.0.0-py3.10.egg-info' (and everything under it)
[1.620s] Copying ../../build/simple_control_pkg/simple_control_pkg.egg-info to /home/saun/ctrl_mr_dynamic/install/simple_control_pkg/lib/python3.10/site-packages/simple_control_pkg-0.0.0-py3.10.egg-info
[1.621s] running install_scripts
[1.649s] Installing simple_control script to /home/saun/ctrl_mr_dynamic/install/simple_control_pkg/lib/simple_control_pkg
[1.650s] writing list of installed files to '/home/saun/ctrl_mr_dynamic/build/simple_control_pkg/install.log'
[1.677s] Invoked command in '/home/saun/ctrl_mr_dynamic/src/simple_control_pkg' returned '0': PYTHONPATH=/home/saun/ctrl_mr_dynamic/build/simple_control_pkg/prefix_override:/usr/lib/python3/dist-packages/colcon_core/task/python/colcon_distutils_commands:/home/saun/ctrl_mr_dynamic/install/simple_control_pkg/lib/python3.10/site-packages:${PYTHONPATH} /usr/bin/python3 -W ignore:setup.py install is deprecated setup.py egg_info --egg-base ../../build/simple_control_pkg build --build-base /home/saun/ctrl_mr_dynamic/build/simple_control_pkg/build install --record /home/saun/ctrl_mr_dynamic/build/simple_control_pkg/install.log --single-version-externally-managed install_data
