[0.048s] Invoking command in '/home/saun/ctrl_mr_dynamic/build/autonoumous_navigation': CMAKE_PREFIX_PATH=${CMAKE_PREFIX_PATH}:/home/saun/ctrl_mr_dynamic/install/simple_control_pkg:/home/saun/ctrl_mr_dynamic/install/force_control_exp:/home/saun/ctrl_mr_dynamic/install/differential_robot:/opt/ros/humble /usr/bin/cmake /home/saun/ctrl_mr_dynamic/src/project/autonoumous_navigation_pkg/autonoumous_navigation -DCMAKE_INSTALL_PREFIX=/home/saun/ctrl_mr_dynamic/install/autonoumous_navigation
[0.686s] -- The C compiler identification is GNU 11.4.0
[0.686s] -- The CXX compiler identification is GNU 11.4.0
[0.686s] -- Detecting C compiler ABI info
[0.686s] -- Detecting C compiler ABI info - done
[0.686s] -- Check for working C compiler: /usr/bin/cc - skipped
[0.687s] -- Detecting C compile features
[0.688s] -- Detecting C compile features - done
[0.689s] -- Detecting CXX compiler ABI info
[0.689s] -- Detecting CXX compiler ABI info - done
[0.690s] -- Check for working CXX compiler: /usr/bin/c++ - skipped
[0.690s] -- Detecting CXX compile features
[0.692s] -- Detecting CXX compile features - done
[0.692s] -- Found ament_cmake: 1.3.9 (/opt/ros/humble/share/ament_cmake/cmake)
[0.692s] -- Found Python3: /usr/bin/python3 (found version "3.10.12") found components: Interpreter 
[0.747s] -- Found rclpy: 3.3.13 (/opt/ros/humble/share/rclpy/cmake)
[0.751s] -- Found rclcpp: 16.0.9 (/opt/ros/humble/share/rclcpp/cmake)
[0.860s] -- Found rosidl_generator_c: 3.1.5 (/opt/ros/humble/share/rosidl_generator_c/cmake)
[0.872s] -- Found rosidl_adapter: 3.1.5 (/opt/ros/humble/share/rosidl_adapter/cmake)
[0.893s] -- Found rosidl_generator_cpp: 3.1.5 (/opt/ros/humble/share/rosidl_generator_cpp/cmake)
[0.932s] -- Using all available rosidl_typesupport_c: rosidl_typesupport_fastrtps_c;rosidl_typesupport_introspection_c
[0.987s] -- Using all available rosidl_typesupport_cpp: rosidl_typesupport_fastrtps_cpp;rosidl_typesupport_introspection_cpp
[1.167s] -- Found rmw_implementation_cmake: 6.1.2 (/opt/ros/humble/share/rmw_implementation_cmake/cmake)
[1.174s] -- Found rmw_fastrtps_cpp: 6.2.6 (/opt/ros/humble/share/rmw_fastrtps_cpp/cmake)
[1.414s] -- Found OpenSSL: /usr/lib/x86_64-linux-gnu/libcrypto.so (found version "3.0.2")  
[1.482s] -- Found FastRTPS: /opt/ros/humble/include  
[1.602s] -- Using RMW implementation 'rmw_fastrtps_cpp' as default
[1.627s] -- Looking for pthread.h
[1.841s] -- Looking for pthread.h - found
[1.842s] -- Performing Test CMAKE_HAVE_LIBC_PTHREAD
[2.005s] -- Performing Test CMAKE_HAVE_LIBC_PTHREAD - Success
[2.007s] -- Found Threads: TRUE  
[2.374s] -- Found geometry_msgs: 4.2.4 (/opt/ros/humble/share/geometry_msgs/cmake)
[2.479s] -- Found nav_msgs: 4.2.4 (/opt/ros/humble/share/nav_msgs/cmake)
[2.649s] -- Found tf2_ros: 0.25.7 (/opt/ros/humble/share/tf2_ros/cmake)
[3.374s] -- Found rviz2: 11.2.12 (/opt/ros/humble/share/rviz2/cmake)
[3.377s] -- Found ament_lint_auto: 0.12.11 (/opt/ros/humble/share/ament_lint_auto/cmake)
[3.582s] -- Added test 'flake8' to check Python code syntax and style conventions
[3.585s] -- Added test 'lint_cmake' to check CMake code style
[3.586s] -- Added test 'pep257' to check Python code against some of the docstring style conventions in PEP 257
[3.592s] -- Added test 'xmllint' to check XML markup files
[3.595s] -- Configuring done
[3.605s] -- Generating done
[3.609s] -- Build files have been written to: /home/saun/ctrl_mr_dynamic/build/autonoumous_navigation
[3.660s] Invoked command in '/home/saun/ctrl_mr_dynamic/build/autonoumous_navigation' returned '0': CMAKE_PREFIX_PATH=${CMAKE_PREFIX_PATH}:/home/saun/ctrl_mr_dynamic/install/simple_control_pkg:/home/saun/ctrl_mr_dynamic/install/force_control_exp:/home/saun/ctrl_mr_dynamic/install/differential_robot:/opt/ros/humble /usr/bin/cmake /home/saun/ctrl_mr_dynamic/src/project/autonoumous_navigation_pkg/autonoumous_navigation -DCMAKE_INSTALL_PREFIX=/home/saun/ctrl_mr_dynamic/install/autonoumous_navigation
[3.668s] Invoking command in '/home/saun/ctrl_mr_dynamic/build/autonoumous_navigation': CMAKE_PREFIX_PATH=${CMAKE_PREFIX_PATH}:/home/saun/ctrl_mr_dynamic/install/simple_control_pkg:/home/saun/ctrl_mr_dynamic/install/force_control_exp:/home/saun/ctrl_mr_dynamic/install/differential_robot:/opt/ros/humble /usr/bin/cmake --build /home/saun/ctrl_mr_dynamic/build/autonoumous_navigation -- -j8 -l8
[3.748s] Built target ament_cmake_python_copy_autonoumous_navigation
[4.256s] running egg_info
[4.257s] creating autonoumous_navigation.egg-info
[4.257s] writing autonoumous_navigation.egg-info/PKG-INFO
[4.257s] writing dependency_links to autonoumous_navigation.egg-info/dependency_links.txt
[4.258s] writing top-level names to autonoumous_navigation.egg-info/top_level.txt
[4.258s] writing manifest file 'autonoumous_navigation.egg-info/SOURCES.txt'
[4.262s] reading manifest file 'autonoumous_navigation.egg-info/SOURCES.txt'
[4.263s] writing manifest file 'autonoumous_navigation.egg-info/SOURCES.txt'
[4.312s] Built target ament_cmake_python_build_autonoumous_navigation_egg
[4.335s] Invoked command in '/home/saun/ctrl_mr_dynamic/build/autonoumous_navigation' returned '0': CMAKE_PREFIX_PATH=${CMAKE_PREFIX_PATH}:/home/saun/ctrl_mr_dynamic/install/simple_control_pkg:/home/saun/ctrl_mr_dynamic/install/force_control_exp:/home/saun/ctrl_mr_dynamic/install/differential_robot:/opt/ros/humble /usr/bin/cmake --build /home/saun/ctrl_mr_dynamic/build/autonoumous_navigation -- -j8 -l8
[4.406s] Invoking command in '/home/saun/ctrl_mr_dynamic/build/autonoumous_navigation': CMAKE_PREFIX_PATH=${CMAKE_PREFIX_PATH}:/home/saun/ctrl_mr_dynamic/install/simple_control_pkg:/home/saun/ctrl_mr_dynamic/install/force_control_exp:/home/saun/ctrl_mr_dynamic/install/differential_robot:/opt/ros/humble /usr/bin/cmake --install /home/saun/ctrl_mr_dynamic/build/autonoumous_navigation
[5.046s] -- Install configuration: ""
[5.057s] -- Installing: /home/saun/ctrl_mr_dynamic/install/autonoumous_navigation/share/autonoumous_navigation/environment/pythonpath.sh
[5.057s] -- Installing: /home/saun/ctrl_mr_dynamic/install/autonoumous_navigation/share/autonoumous_navigation/environment/pythonpath.dsv
[5.057s] -- Installing: /home/saun/ctrl_mr_dynamic/install/autonoumous_navigation/local/lib/python3.10/dist-packages/autonoumous_navigation-1.0.0-py3.10.egg-info
[5.057s] -- Installing: /home/saun/ctrl_mr_dynamic/install/autonoumous_navigation/local/lib/python3.10/dist-packages/autonoumous_navigation-1.0.0-py3.10.egg-info/dependency_links.txt
[5.057s] -- Installing: /home/saun/ctrl_mr_dynamic/install/autonoumous_navigation/local/lib/python3.10/dist-packages/autonoumous_navigation-1.0.0-py3.10.egg-info/top_level.txt
[5.057s] -- Installing: /home/saun/ctrl_mr_dynamic/install/autonoumous_navigation/local/lib/python3.10/dist-packages/autonoumous_navigation-1.0.0-py3.10.egg-info/SOURCES.txt
[5.057s] -- Installing: /home/saun/ctrl_mr_dynamic/install/autonoumous_navigation/local/lib/python3.10/dist-packages/autonoumous_navigation-1.0.0-py3.10.egg-info/PKG-INFO
[5.058s] -- Installing: /home/saun/ctrl_mr_dynamic/install/autonoumous_navigation/local/lib/python3.10/dist-packages/autonoumous_navigation
[5.058s] -- Installing: /home/saun/ctrl_mr_dynamic/install/autonoumous_navigation/local/lib/python3.10/dist-packages/autonoumous_navigation/__init__.py
[5.058s] Listing '/home/saun/ctrl_mr_dynamic/install/autonoumous_navigation/local/lib/python3.10/dist-packages/autonoumous_navigation'...
[5.058s] Compiling '/home/saun/ctrl_mr_dynamic/install/autonoumous_navigation/local/lib/python3.10/dist-packages/autonoumous_navigation/__init__.py'...
[5.058s] -- Installing: /home/saun/ctrl_mr_dynamic/install/autonoumous_navigation/share/autonoumous_navigation/launch
[5.059s] -- Installing: /home/saun/ctrl_mr_dynamic/install/autonoumous_navigation/share/autonoumous_navigation/launch/merge_maps_kinematic_launch.py
[5.059s] -- Installing: /home/saun/ctrl_mr_dynamic/install/autonoumous_navigation/share/autonoumous_navigation/launch/online_sync_launch.py
[5.059s] -- Installing: /home/saun/ctrl_mr_dynamic/install/autonoumous_navigation/share/autonoumous_navigation/launch/navigation_real.launch.py
[5.059s] -- Installing: /home/saun/ctrl_mr_dynamic/install/autonoumous_navigation/share/autonoumous_navigation/launch/slam_gazebo.launch.py
[5.059s] -- Installing: /home/saun/ctrl_mr_dynamic/install/autonoumous_navigation/share/autonoumous_navigation/launch/online_sync_launch_real.py
[5.059s] -- Installing: /home/saun/ctrl_mr_dynamic/install/autonoumous_navigation/share/autonoumous_navigation/launch/online_async_launch.py
[5.059s] -- Installing: /home/saun/ctrl_mr_dynamic/install/autonoumous_navigation/share/autonoumous_navigation/launch/lifelong_launch.py
[5.060s] -- Installing: /home/saun/ctrl_mr_dynamic/install/autonoumous_navigation/share/autonoumous_navigation/launch/offline_launch.py
[5.060s] -- Installing: /home/saun/ctrl_mr_dynamic/install/autonoumous_navigation/share/autonoumous_navigation/launch/slam_real.launch.py
[5.060s] -- Installing: /home/saun/ctrl_mr_dynamic/install/autonoumous_navigation/share/autonoumous_navigation/launch/online_async_launch_real.py
[5.060s] -- Installing: /home/saun/ctrl_mr_dynamic/install/autonoumous_navigation/share/autonoumous_navigation/launch/navigation_gazebo.launch.py
[5.060s] -- Installing: /home/saun/ctrl_mr_dynamic/install/autonoumous_navigation/share/autonoumous_navigation/launch/localization_launch.py
[5.060s] -- Installing: /home/saun/ctrl_mr_dynamic/install/autonoumous_navigation/share/autonoumous_navigation/config
[5.060s] -- Installing: /home/saun/ctrl_mr_dynamic/install/autonoumous_navigation/share/autonoumous_navigation/config/mapper_params_online_async.yaml
[5.060s] -- Installing: /home/saun/ctrl_mr_dynamic/install/autonoumous_navigation/share/autonoumous_navigation/config/mapper_params_online_sync.yaml
[5.061s] -- Installing: /home/saun/ctrl_mr_dynamic/install/autonoumous_navigation/share/autonoumous_navigation/config/slam_toolbox_default.rviz
[5.061s] -- Installing: /home/saun/ctrl_mr_dynamic/install/autonoumous_navigation/share/autonoumous_navigation/config/nrsl_real.yaml
[5.061s] -- Installing: /home/saun/ctrl_mr_dynamic/install/autonoumous_navigation/share/autonoumous_navigation/config/mapper_params_online_sync_real.yaml
[5.061s] -- Installing: /home/saun/ctrl_mr_dynamic/install/autonoumous_navigation/share/autonoumous_navigation/config/nrsl.yaml
[5.061s] -- Installing: /home/saun/ctrl_mr_dynamic/install/autonoumous_navigation/share/autonoumous_navigation/config/mapper_params_online_async_real.yaml
[5.061s] -- Installing: /home/saun/ctrl_mr_dynamic/install/autonoumous_navigation/share/autonoumous_navigation/config/params.yaml
[5.061s] -- Installing: /home/saun/ctrl_mr_dynamic/install/autonoumous_navigation/share/autonoumous_navigation/config/mapper_params_lifelong.yaml
[5.062s] -- Installing: /home/saun/ctrl_mr_dynamic/install/autonoumous_navigation/share/autonoumous_navigation/config/mapper_params_localization.yaml
[5.062s] -- Installing: /home/saun/ctrl_mr_dynamic/install/autonoumous_navigation/share/autonoumous_navigation/config/mapper_params_offline.yaml
[5.062s] -- Installing: /home/saun/ctrl_mr_dynamic/install/autonoumous_navigation/share/autonoumous_navigation/maps
[5.062s] -- Installing: /home/saun/ctrl_mr_dynamic/install/autonoumous_navigation/share/autonoumous_navigation/maps/simulation_map.yaml
[5.062s] -- Installing: /home/saun/ctrl_mr_dynamic/install/autonoumous_navigation/share/autonoumous_navigation/maps/map.pgm
[5.062s] -- Installing: /home/saun/ctrl_mr_dynamic/install/autonoumous_navigation/share/autonoumous_navigation/maps/simulation_map.pgm
[5.062s] -- Installing: /home/saun/ctrl_mr_dynamic/install/autonoumous_navigation/share/autonoumous_navigation/maps/simulation_map2.pgm
[5.062s] -- Installing: /home/saun/ctrl_mr_dynamic/install/autonoumous_navigation/share/autonoumous_navigation/maps/map.yaml
[5.063s] -- Installing: /home/saun/ctrl_mr_dynamic/install/autonoumous_navigation/share/autonoumous_navigation/maps/simulation_map2.yaml
[5.063s] -- Installing: /home/saun/ctrl_mr_dynamic/install/autonoumous_navigation/share/autonoumous_navigation/rviz
[5.063s] -- Installing: /home/saun/ctrl_mr_dynamic/install/autonoumous_navigation/share/autonoumous_navigation/rviz/navigation2.rviz
[5.063s] -- Installing: /home/saun/ctrl_mr_dynamic/install/autonoumous_navigation/share/autonoumous_navigation/rviz/slam.rviz
[5.063s] -- Installing: /home/saun/ctrl_mr_dynamic/install/autonoumous_navigation/share/ament_index/resource_index/package_run_dependencies/autonoumous_navigation
[5.063s] -- Installing: /home/saun/ctrl_mr_dynamic/install/autonoumous_navigation/share/ament_index/resource_index/parent_prefix_path/autonoumous_navigation
[5.063s] -- Installing: /home/saun/ctrl_mr_dynamic/install/autonoumous_navigation/share/autonoumous_navigation/environment/ament_prefix_path.sh
[5.064s] -- Installing: /home/saun/ctrl_mr_dynamic/install/autonoumous_navigation/share/autonoumous_navigation/environment/ament_prefix_path.dsv
[5.064s] -- Installing: /home/saun/ctrl_mr_dynamic/install/autonoumous_navigation/share/autonoumous_navigation/environment/path.sh
[5.064s] -- Installing: /home/saun/ctrl_mr_dynamic/install/autonoumous_navigation/share/autonoumous_navigation/environment/path.dsv
[5.064s] -- Installing: /home/saun/ctrl_mr_dynamic/install/autonoumous_navigation/share/autonoumous_navigation/local_setup.bash
[5.064s] -- Installing: /home/saun/ctrl_mr_dynamic/install/autonoumous_navigation/share/autonoumous_navigation/local_setup.sh
[5.064s] -- Installing: /home/saun/ctrl_mr_dynamic/install/autonoumous_navigation/share/autonoumous_navigation/local_setup.zsh
[5.064s] -- Installing: /home/saun/ctrl_mr_dynamic/install/autonoumous_navigation/share/autonoumous_navigation/local_setup.dsv
[5.065s] -- Installing: /home/saun/ctrl_mr_dynamic/install/autonoumous_navigation/share/autonoumous_navigation/package.dsv
[5.072s] -- Installing: /home/saun/ctrl_mr_dynamic/install/autonoumous_navigation/share/ament_index/resource_index/packages/autonoumous_navigation
[5.073s] -- Installing: /home/saun/ctrl_mr_dynamic/install/autonoumous_navigation/share/autonoumous_navigation/cmake/autonoumous_navigationConfig.cmake
[5.073s] -- Installing: /home/saun/ctrl_mr_dynamic/install/autonoumous_navigation/share/autonoumous_navigation/cmake/autonoumous_navigationConfig-version.cmake
[5.073s] -- Installing: /home/saun/ctrl_mr_dynamic/install/autonoumous_navigation/share/autonoumous_navigation/package.xml
[5.086s] Invoked command in '/home/saun/ctrl_mr_dynamic/build/autonoumous_navigation' returned '0': CMAKE_PREFIX_PATH=${CMAKE_PREFIX_PATH}:/home/saun/ctrl_mr_dynamic/install/simple_control_pkg:/home/saun/ctrl_mr_dynamic/install/force_control_exp:/home/saun/ctrl_mr_dynamic/install/differential_robot:/opt/ros/humble /usr/bin/cmake --install /home/saun/ctrl_mr_dynamic/build/autonoumous_navigation
