[0.667s] Invoking command in '/home/saun/ctrl_mr_dynamic/build/pid_control': CMAKE_PREFIX_PATH=/opt/ros/humble /usr/bin/cmake --build /home/saun/ctrl_mr_dynamic/build/pid_control -- -j8 -l8
[0.804s] Built target ament_cmake_python_copy_pid_control
[1.364s] running egg_info
[1.367s] writing pid_control.egg-info/PKG-INFO
[1.369s] writing dependency_links to pid_control.egg-info/dependency_links.txt
[1.369s] writing top-level names to pid_control.egg-info/top_level.txt
[1.371s] reading manifest file 'pid_control.egg-info/SOURCES.txt'
[1.374s] writing manifest file 'pid_control.egg-info/SOURCES.txt'
[1.430s] Built target ament_cmake_python_build_pid_control_egg
[1.741s] Invoked command in '/home/saun/ctrl_mr_dynamic/build/pid_control' returned '0': CMAKE_PREFIX_PATH=/opt/ros/humble /usr/bin/cmake --build /home/saun/ctrl_mr_dynamic/build/pid_control -- -j8 -l8
[1.797s] Invoking command in '/home/saun/ctrl_mr_dynamic/build/pid_control': CMAKE_PREFIX_PATH=/opt/ros/humble /usr/bin/cmake --install /home/saun/ctrl_mr_dynamic/build/pid_control
[1.839s] -- Install configuration: ""
[1.840s] -- Up-to-date: /home/saun/ctrl_mr_dynamic/install/pid_control/share/pid_control/environment/pythonpath.sh
[1.840s] -- Up-to-date: /home/saun/ctrl_mr_dynamic/install/pid_control/share/pid_control/environment/pythonpath.dsv
[1.840s] -- Up-to-date: /home/saun/ctrl_mr_dynamic/install/pid_control/local/lib/python3.10/dist-packages/pid_control-1.0.0-py3.10.egg-info
[1.840s] -- Installing: /home/saun/ctrl_mr_dynamic/install/pid_control/local/lib/python3.10/dist-packages/pid_control-1.0.0-py3.10.egg-info/dependency_links.txt
[1.840s] -- Installing: /home/saun/ctrl_mr_dynamic/install/pid_control/local/lib/python3.10/dist-packages/pid_control-1.0.0-py3.10.egg-info/top_level.txt
[1.840s] -- Installing: /home/saun/ctrl_mr_dynamic/install/pid_control/local/lib/python3.10/dist-packages/pid_control-1.0.0-py3.10.egg-info/SOURCES.txt
[1.840s] -- Installing: /home/saun/ctrl_mr_dynamic/install/pid_control/local/lib/python3.10/dist-packages/pid_control-1.0.0-py3.10.egg-info/PKG-INFO
[1.841s] -- Up-to-date: /home/saun/ctrl_mr_dynamic/install/pid_control/local/lib/python3.10/dist-packages/pid_control
[1.841s] -- Up-to-date: /home/saun/ctrl_mr_dynamic/install/pid_control/local/lib/python3.10/dist-packages/pid_control/__init__.py
[1.915s] Listing '/home/saun/ctrl_mr_dynamic/install/pid_control/local/lib/python3.10/dist-packages/pid_control'...
[1.922s] -- Up-to-date: /home/saun/ctrl_mr_dynamic/install/pid_control/lib/pid_control/pid_control.py
[1.923s] -- Up-to-date: /home/saun/ctrl_mr_dynamic/install/pid_control/lib/pid_control/pid_control_origin.py
[1.923s] -- Up-to-date: /home/saun/ctrl_mr_dynamic/install/pid_control/lib/pid_control/pid_control.launch.py
[1.923s] -- Up-to-date: /home/saun/ctrl_mr_dynamic/install/pid_control/share/pid_control/launch
[1.924s] -- Up-to-date: /home/saun/ctrl_mr_dynamic/install/pid_control/share/pid_control/launch/pid_control.launch.py
[1.930s] -- Up-to-date: /home/saun/ctrl_mr_dynamic/install/pid_control/share/pid_control/config
[1.930s] -- Up-to-date: /home/saun/ctrl_mr_dynamic/install/pid_control/share/pid_control/config/params.yaml
[1.931s] -- Up-to-date: /home/saun/ctrl_mr_dynamic/install/pid_control/share/ament_index/resource_index/package_run_dependencies/pid_control
[1.931s] -- Up-to-date: /home/saun/ctrl_mr_dynamic/install/pid_control/share/ament_index/resource_index/parent_prefix_path/pid_control
[1.931s] -- Up-to-date: /home/saun/ctrl_mr_dynamic/install/pid_control/share/pid_control/environment/ament_prefix_path.sh
[1.931s] -- Up-to-date: /home/saun/ctrl_mr_dynamic/install/pid_control/share/pid_control/environment/ament_prefix_path.dsv
[1.931s] -- Up-to-date: /home/saun/ctrl_mr_dynamic/install/pid_control/share/pid_control/environment/path.sh
[1.931s] -- Up-to-date: /home/saun/ctrl_mr_dynamic/install/pid_control/share/pid_control/environment/path.dsv
[1.931s] -- Up-to-date: /home/saun/ctrl_mr_dynamic/install/pid_control/share/pid_control/local_setup.bash
[1.931s] -- Up-to-date: /home/saun/ctrl_mr_dynamic/install/pid_control/share/pid_control/local_setup.sh
[1.932s] -- Up-to-date: /home/saun/ctrl_mr_dynamic/install/pid_control/share/pid_control/local_setup.zsh
[1.932s] -- Up-to-date: /home/saun/ctrl_mr_dynamic/install/pid_control/share/pid_control/local_setup.dsv
[1.932s] -- Installing: /home/saun/ctrl_mr_dynamic/install/pid_control/share/pid_control/package.dsv
[1.932s] -- Up-to-date: /home/saun/ctrl_mr_dynamic/install/pid_control/share/ament_index/resource_index/packages/pid_control
[1.937s] -- Up-to-date: /home/saun/ctrl_mr_dynamic/install/pid_control/share/pid_control/cmake/pid_controlConfig.cmake
[1.937s] -- Up-to-date: /home/saun/ctrl_mr_dynamic/install/pid_control/share/pid_control/cmake/pid_controlConfig-version.cmake
[1.937s] -- Up-to-date: /home/saun/ctrl_mr_dynamic/install/pid_control/share/pid_control/package.xml
[1.988s] Invoked command in '/home/saun/ctrl_mr_dynamic/build/pid_control' returned '0': CMAKE_PREFIX_PATH=/opt/ros/humble /usr/bin/cmake --install /home/saun/ctrl_mr_dynamic/build/pid_control
