[0.651s] Invoking command in '/home/saun/ctrl_mr_dynamic/build/pid_control': CMAKE_PREFIX_PATH=${CMAKE_PREFIX_PATH}:/home/saun/ctrl_mr_dynamic/install/simple_control_pkg:/home/saun/ctrl_mr_dynamic/install/force_control_exp:/home/saun/ctrl_mr_dynamic/install/differential_robot:/opt/ros/humble /usr/bin/cmake /home/saun/ctrl_mr_dynamic/src/project/object_tracking/pid_control -DCMAKE_INSTALL_PREFIX=/home/saun/ctrl_mr_dynamic/install/pid_control
[0.761s] -- The C compiler identification is GNU 11.4.0
[0.875s] -- The CXX compiler identification is GNU 11.4.0
[0.892s] -- Detecting C compiler ABI info
[1.033s] -- Detecting C compiler ABI info - done
[1.053s] -- Check for working C compiler: /usr/bin/cc - skipped
[1.054s] -- Detecting C compile features
[1.055s] -- Detecting C compile features - done
[1.068s] -- Detecting CXX compiler ABI info
[1.237s] -- Detecting CXX compiler ABI info - done
[1.257s] -- Check for working CXX compiler: /usr/bin/c++ - skipped
[1.258s] -- Detecting CXX compile features
[1.259s] -- Detecting CXX compile features - done
[1.265s] -- Found ament_cmake: 1.3.9 (/opt/ros/humble/share/ament_cmake/cmake)
[1.598s] -- Found Python3: /usr/bin/python3 (found version "3.10.12") found components: Interpreter 
[1.792s] -- Found rclpy: 3.3.13 (/opt/ros/humble/share/rclpy/cmake)
[1.796s] -- Found rclcpp: 16.0.9 (/opt/ros/humble/share/rclcpp/cmake)
[1.885s] -- Found rosidl_generator_c: 3.1.5 (/opt/ros/humble/share/rosidl_generator_c/cmake)
[1.896s] -- Found rosidl_adapter: 3.1.5 (/opt/ros/humble/share/rosidl_adapter/cmake)
[1.915s] -- Found rosidl_generator_cpp: 3.1.5 (/opt/ros/humble/share/rosidl_generator_cpp/cmake)
[1.949s] -- Using all available rosidl_typesupport_c: rosidl_typesupport_fastrtps_c;rosidl_typesupport_introspection_c
[2.002s] -- Using all available rosidl_typesupport_cpp: rosidl_typesupport_fastrtps_cpp;rosidl_typesupport_introspection_cpp
[2.154s] -- Found rmw_implementation_cmake: 6.1.2 (/opt/ros/humble/share/rmw_implementation_cmake/cmake)
[2.160s] -- Found rmw_fastrtps_cpp: 6.2.6 (/opt/ros/humble/share/rmw_fastrtps_cpp/cmake)
[2.347s] -- Found OpenSSL: /usr/lib/x86_64-linux-gnu/libcrypto.so (found version "3.0.2")  
[2.398s] -- Found FastRTPS: /opt/ros/humble/include  
[2.463s] -- Using RMW implementation 'rmw_fastrtps_cpp' as default
[2.484s] -- Looking for pthread.h
[2.596s] -- Looking for pthread.h - found
[2.597s] -- Performing Test CMAKE_HAVE_LIBC_PTHREAD
[2.735s] -- Performing Test CMAKE_HAVE_LIBC_PTHREAD - Success
[2.736s] -- Found Threads: TRUE  
[3.001s] -- Found geometry_msgs: 4.2.4 (/opt/ros/humble/share/geometry_msgs/cmake)
[3.102s] -- Found nav_msgs: 4.2.4 (/opt/ros/humble/share/nav_msgs/cmake)
[3.294s] -- Found tf2_ros: 0.25.7 (/opt/ros/humble/share/tf2_ros/cmake)
[4.093s] -- Found rviz2: 11.2.12 (/opt/ros/humble/share/rviz2/cmake)
[4.096s] -- Found cv_bridge: 3.2.1 (/opt/ros/humble/share/cv_bridge/cmake)
[4.351s] -- Found visualization_msgs: 4.2.4 (/opt/ros/humble/share/visualization_msgs/cmake)
[4.689s] -- Found ament_lint_auto: 0.12.11 (/opt/ros/humble/share/ament_lint_auto/cmake)
[4.963s] -- Added test 'flake8' to check Python code syntax and style conventions
[4.965s] -- Added test 'lint_cmake' to check CMake code style
[4.966s] -- Added test 'pep257' to check Python code against some of the docstring style conventions in PEP 257
[4.969s] -- Added test 'xmllint' to check XML markup files
[4.972s] -- Configuring done
[4.985s] -- Generating done
[4.989s] -- Build files have been written to: /home/saun/ctrl_mr_dynamic/build/pid_control
[5.014s] Invoked command in '/home/saun/ctrl_mr_dynamic/build/pid_control' returned '0': CMAKE_PREFIX_PATH=${CMAKE_PREFIX_PATH}:/home/saun/ctrl_mr_dynamic/install/simple_control_pkg:/home/saun/ctrl_mr_dynamic/install/force_control_exp:/home/saun/ctrl_mr_dynamic/install/differential_robot:/opt/ros/humble /usr/bin/cmake /home/saun/ctrl_mr_dynamic/src/project/object_tracking/pid_control -DCMAKE_INSTALL_PREFIX=/home/saun/ctrl_mr_dynamic/install/pid_control
[5.045s] Invoking command in '/home/saun/ctrl_mr_dynamic/build/pid_control': CMAKE_PREFIX_PATH=${CMAKE_PREFIX_PATH}:/home/saun/ctrl_mr_dynamic/install/simple_control_pkg:/home/saun/ctrl_mr_dynamic/install/force_control_exp:/home/saun/ctrl_mr_dynamic/install/differential_robot:/opt/ros/humble /usr/bin/cmake --build /home/saun/ctrl_mr_dynamic/build/pid_control -- -j8 -l8
[5.249s] Built target ament_cmake_python_copy_pid_control
[5.885s] running egg_info
[5.886s] creating pid_control.egg-info
[5.886s] writing pid_control.egg-info/PKG-INFO
[5.886s] writing dependency_links to pid_control.egg-info/dependency_links.txt
[5.887s] writing top-level names to pid_control.egg-info/top_level.txt
[5.887s] writing manifest file 'pid_control.egg-info/SOURCES.txt'
[5.891s] reading manifest file 'pid_control.egg-info/SOURCES.txt'
[5.892s] writing manifest file 'pid_control.egg-info/SOURCES.txt'
[5.974s] Built target ament_cmake_python_build_pid_control_egg
[6.011s] Invoked command in '/home/saun/ctrl_mr_dynamic/build/pid_control' returned '0': CMAKE_PREFIX_PATH=${CMAKE_PREFIX_PATH}:/home/saun/ctrl_mr_dynamic/install/simple_control_pkg:/home/saun/ctrl_mr_dynamic/install/force_control_exp:/home/saun/ctrl_mr_dynamic/install/differential_robot:/opt/ros/humble /usr/bin/cmake --build /home/saun/ctrl_mr_dynamic/build/pid_control -- -j8 -l8
[6.120s] Invoking command in '/home/saun/ctrl_mr_dynamic/build/pid_control': CMAKE_PREFIX_PATH=${CMAKE_PREFIX_PATH}:/home/saun/ctrl_mr_dynamic/install/simple_control_pkg:/home/saun/ctrl_mr_dynamic/install/force_control_exp:/home/saun/ctrl_mr_dynamic/install/differential_robot:/opt/ros/humble /usr/bin/cmake --install /home/saun/ctrl_mr_dynamic/build/pid_control
[6.136s] -- Install configuration: ""
[6.137s] -- Installing: /home/saun/ctrl_mr_dynamic/install/pid_control/share/pid_control/environment/pythonpath.sh
[6.137s] -- Installing: /home/saun/ctrl_mr_dynamic/install/pid_control/share/pid_control/environment/pythonpath.dsv
[6.137s] -- Installing: /home/saun/ctrl_mr_dynamic/install/pid_control/local/lib/python3.10/dist-packages/pid_control-1.0.0-py3.10.egg-info
[6.138s] -- Installing: /home/saun/ctrl_mr_dynamic/install/pid_control/local/lib/python3.10/dist-packages/pid_control-1.0.0-py3.10.egg-info/dependency_links.txt
[6.138s] -- Installing: /home/saun/ctrl_mr_dynamic/install/pid_control/local/lib/python3.10/dist-packages/pid_control-1.0.0-py3.10.egg-info/top_level.txt
[6.138s] -- Installing: /home/saun/ctrl_mr_dynamic/install/pid_control/local/lib/python3.10/dist-packages/pid_control-1.0.0-py3.10.egg-info/SOURCES.txt
[6.138s] -- Installing: /home/saun/ctrl_mr_dynamic/install/pid_control/local/lib/python3.10/dist-packages/pid_control-1.0.0-py3.10.egg-info/PKG-INFO
[6.139s] -- Installing: /home/saun/ctrl_mr_dynamic/install/pid_control/local/lib/python3.10/dist-packages/pid_control
[6.139s] -- Installing: /home/saun/ctrl_mr_dynamic/install/pid_control/local/lib/python3.10/dist-packages/pid_control/__init__.py
[6.213s] Listing '/home/saun/ctrl_mr_dynamic/install/pid_control/local/lib/python3.10/dist-packages/pid_control'...
[6.213s] Compiling '/home/saun/ctrl_mr_dynamic/install/pid_control/local/lib/python3.10/dist-packages/pid_control/__init__.py'...
[6.224s] -- Installing: /home/saun/ctrl_mr_dynamic/install/pid_control/lib/pid_control/pid_control.py
[6.224s] -- Installing: /home/saun/ctrl_mr_dynamic/install/pid_control/lib/pid_control/pid_control_origin.py
[6.225s] -- Installing: /home/saun/ctrl_mr_dynamic/install/pid_control/lib/pid_control/pid_control.launch.py
[6.225s] -- Installing: /home/saun/ctrl_mr_dynamic/install/pid_control/share/pid_control/launch
[6.226s] -- Installing: /home/saun/ctrl_mr_dynamic/install/pid_control/share/pid_control/launch/pid_control.launch.py
[6.226s] -- Installing: /home/saun/ctrl_mr_dynamic/install/pid_control/share/pid_control/config
[6.227s] -- Installing: /home/saun/ctrl_mr_dynamic/install/pid_control/share/pid_control/config/params.yaml
[6.228s] -- Installing: /home/saun/ctrl_mr_dynamic/install/pid_control/share/ament_index/resource_index/package_run_dependencies/pid_control
[6.229s] -- Installing: /home/saun/ctrl_mr_dynamic/install/pid_control/share/ament_index/resource_index/parent_prefix_path/pid_control
[6.230s] -- Installing: /home/saun/ctrl_mr_dynamic/install/pid_control/share/pid_control/environment/ament_prefix_path.sh
[6.230s] -- Installing: /home/saun/ctrl_mr_dynamic/install/pid_control/share/pid_control/environment/ament_prefix_path.dsv
[6.231s] -- Installing: /home/saun/ctrl_mr_dynamic/install/pid_control/share/pid_control/environment/path.sh
[6.231s] -- Installing: /home/saun/ctrl_mr_dynamic/install/pid_control/share/pid_control/environment/path.dsv
[6.232s] -- Installing: /home/saun/ctrl_mr_dynamic/install/pid_control/share/pid_control/local_setup.bash
[6.233s] -- Installing: /home/saun/ctrl_mr_dynamic/install/pid_control/share/pid_control/local_setup.sh
[6.233s] -- Installing: /home/saun/ctrl_mr_dynamic/install/pid_control/share/pid_control/local_setup.zsh
[6.234s] -- Installing: /home/saun/ctrl_mr_dynamic/install/pid_control/share/pid_control/local_setup.dsv
[6.235s] -- Installing: /home/saun/ctrl_mr_dynamic/install/pid_control/share/pid_control/package.dsv
[6.235s] -- Installing: /home/saun/ctrl_mr_dynamic/install/pid_control/share/ament_index/resource_index/packages/pid_control
[6.236s] -- Installing: /home/saun/ctrl_mr_dynamic/install/pid_control/share/pid_control/cmake/pid_controlConfig.cmake
[6.237s] -- Installing: /home/saun/ctrl_mr_dynamic/install/pid_control/share/pid_control/cmake/pid_controlConfig-version.cmake
[6.262s] -- Installing: /home/saun/ctrl_mr_dynamic/install/pid_control/share/pid_control/package.xml
[6.264s] Invoked command in '/home/saun/ctrl_mr_dynamic/build/pid_control' returned '0': CMAKE_PREFIX_PATH=${CMAKE_PREFIX_PATH}:/home/saun/ctrl_mr_dynamic/install/simple_control_pkg:/home/saun/ctrl_mr_dynamic/install/force_control_exp:/home/saun/ctrl_mr_dynamic/install/differential_robot:/opt/ros/humble /usr/bin/cmake --install /home/saun/ctrl_mr_dynamic/build/pid_control
