[1.551s] Invoking command in '/home/saun/ctrl_mr_dynamic/src/differential_robot': PYTHONPATH=/home/saun/ctrl_mr_dynamic/build/differential_robot/prefix_override:/usr/lib/python3/dist-packages/colcon_core/task/python/colcon_distutils_commands:/home/saun/ctrl_mr_dynamic/install/differential_robot/lib/python3.10/site-packages:${PYTHONPATH} /usr/bin/python3 -W ignore:setup.py install is deprecated setup.py egg_info --egg-base ../../build/differential_robot build --build-base /home/saun/ctrl_mr_dynamic/build/differential_robot/build install --record /home/saun/ctrl_mr_dynamic/build/differential_robot/install.log --single-version-externally-managed install_data
[1.978s] running egg_info
[1.979s] writing ../../build/differential_robot/differential_robot.egg-info/PKG-INFO
[1.979s] writing dependency_links to ../../build/differential_robot/differential_robot.egg-info/dependency_links.txt
[1.979s] writing entry points to ../../build/differential_robot/differential_robot.egg-info/entry_points.txt
[1.979s] writing requirements to ../../build/differential_robot/differential_robot.egg-info/requires.txt
[1.980s] writing top-level names to ../../build/differential_robot/differential_robot.egg-info/top_level.txt
[1.983s] reading manifest file '../../build/differential_robot/differential_robot.egg-info/SOURCES.txt'
[1.984s] writing manifest file '../../build/differential_robot/differential_robot.egg-info/SOURCES.txt'
[1.984s] running build
[1.984s] running build_py
[1.984s] running install
[1.985s] running install_lib
[1.987s] running install_data
[1.988s] copying worlds/single_actor.world -> /home/saun/ctrl_mr_dynamic/install/differential_robot/share/differential_robot/worlds
[1.988s] running install_egg_info
[1.990s] removing '/home/saun/ctrl_mr_dynamic/install/differential_robot/lib/python3.10/site-packages/differential_robot-0.0.0-py3.10.egg-info' (and everything under it)
[1.990s] Copying ../../build/differential_robot/differential_robot.egg-info to /home/saun/ctrl_mr_dynamic/install/differential_robot/lib/python3.10/site-packages/differential_robot-0.0.0-py3.10.egg-info
[1.991s] running install_scripts
[2.016s] writing list of installed files to '/home/saun/ctrl_mr_dynamic/build/differential_robot/install.log'
[2.195s] Invoked command in '/home/saun/ctrl_mr_dynamic/src/differential_robot' returned '0': PYTHONPATH=/home/saun/ctrl_mr_dynamic/build/differential_robot/prefix_override:/usr/lib/python3/dist-packages/colcon_core/task/python/colcon_distutils_commands:/home/saun/ctrl_mr_dynamic/install/differential_robot/lib/python3.10/site-packages:${PYTHONPATH} /usr/bin/python3 -W ignore:setup.py install is deprecated setup.py egg_info --egg-base ../../build/differential_robot build --build-base /home/saun/ctrl_mr_dynamic/build/differential_robot/build install --record /home/saun/ctrl_mr_dynamic/build/differential_robot/install.log --single-version-externally-managed install_data
