[0.755s] Invoking command in '/home/saun/ctrl_mr_dynamic/build/object_detection': CMAKE_PREFIX_PATH=${CMAKE_PREFIX_PATH}:/home/saun/ctrl_mr_dynamic/install/simple_control_pkg:/home/saun/ctrl_mr_dynamic/install/force_control_exp:/home/saun/ctrl_mr_dynamic/install/differential_robot:/opt/ros/humble /usr/bin/cmake --build /home/saun/ctrl_mr_dynamic/build/object_detection -- -j8 -l8
[0.890s] Built target ament_cmake_python_copy_object_detection
[1.724s] running egg_info
[1.724s] writing object_detection.egg-info/PKG-INFO
[1.724s] writing dependency_links to object_detection.egg-info/dependency_links.txt
[1.724s] writing top-level names to object_detection.egg-info/top_level.txt
[1.732s] reading manifest file 'object_detection.egg-info/SOURCES.txt'
[1.733s] writing manifest file 'object_detection.egg-info/SOURCES.txt'
[1.804s] Built target ament_cmake_python_build_object_detection_egg
[2.159s] Invoked command in '/home/saun/ctrl_mr_dynamic/build/object_detection' returned '0': CMAKE_PREFIX_PATH=${CMAKE_PREFIX_PATH}:/home/saun/ctrl_mr_dynamic/install/simple_control_pkg:/home/saun/ctrl_mr_dynamic/install/force_control_exp:/home/saun/ctrl_mr_dynamic/install/differential_robot:/opt/ros/humble /usr/bin/cmake --build /home/saun/ctrl_mr_dynamic/build/object_detection -- -j8 -l8
[2.230s] Invoking command in '/home/saun/ctrl_mr_dynamic/build/object_detection': CMAKE_PREFIX_PATH=${CMAKE_PREFIX_PATH}:/home/saun/ctrl_mr_dynamic/install/simple_control_pkg:/home/saun/ctrl_mr_dynamic/install/force_control_exp:/home/saun/ctrl_mr_dynamic/install/differential_robot:/opt/ros/humble /usr/bin/cmake --install /home/saun/ctrl_mr_dynamic/build/object_detection
[2.256s] -- Install configuration: ""
[2.257s] -- Up-to-date: /home/saun/ctrl_mr_dynamic/install/object_detection/share/object_detection/environment/pythonpath.sh
[2.257s] -- Up-to-date: /home/saun/ctrl_mr_dynamic/install/object_detection/share/object_detection/environment/pythonpath.dsv
[2.257s] -- Up-to-date: /home/saun/ctrl_mr_dynamic/install/object_detection/local/lib/python3.10/dist-packages/object_detection-1.0.0-py3.10.egg-info
[2.257s] -- Installing: /home/saun/ctrl_mr_dynamic/install/object_detection/local/lib/python3.10/dist-packages/object_detection-1.0.0-py3.10.egg-info/dependency_links.txt
[2.257s] -- Installing: /home/saun/ctrl_mr_dynamic/install/object_detection/local/lib/python3.10/dist-packages/object_detection-1.0.0-py3.10.egg-info/top_level.txt
[2.257s] -- Installing: /home/saun/ctrl_mr_dynamic/install/object_detection/local/lib/python3.10/dist-packages/object_detection-1.0.0-py3.10.egg-info/SOURCES.txt
[2.257s] -- Installing: /home/saun/ctrl_mr_dynamic/install/object_detection/local/lib/python3.10/dist-packages/object_detection-1.0.0-py3.10.egg-info/PKG-INFO
[2.257s] -- Up-to-date: /home/saun/ctrl_mr_dynamic/install/object_detection/local/lib/python3.10/dist-packages/object_detection
[2.258s] -- Up-to-date: /home/saun/ctrl_mr_dynamic/install/object_detection/local/lib/python3.10/dist-packages/object_detection/__init__.py
[2.394s] Listing '/home/saun/ctrl_mr_dynamic/install/object_detection/local/lib/python3.10/dist-packages/object_detection'...
[2.402s] -- Up-to-date: /home/saun/ctrl_mr_dynamic/install/object_detection/lib/object_detection/object_detection.py
[2.405s] -- Up-to-date: /home/saun/ctrl_mr_dynamic/install/object_detection/lib/object_detection/real_objection.py
[2.405s] -- Up-to-date: /home/saun/ctrl_mr_dynamic/install/object_detection/lib/object_detection/object_detection.launch.py
[2.405s] -- Up-to-date: /home/saun/ctrl_mr_dynamic/install/object_detection/share/object_detection/launch
[2.405s] -- Up-to-date: /home/saun/ctrl_mr_dynamic/install/object_detection/share/object_detection/launch/object_detection_gazebo.launch.py
[2.405s] -- Up-to-date: /home/saun/ctrl_mr_dynamic/install/object_detection/share/object_detection/launch/__pycache__
[2.418s] -- Up-to-date: /home/saun/ctrl_mr_dynamic/install/object_detection/share/object_detection/launch/__pycache__/object_detection.launch.cpython-310.pyc
[2.418s] -- Up-to-date: /home/saun/ctrl_mr_dynamic/install/object_detection/share/object_detection/launch/object_detection.launch.py
[2.419s] -- Up-to-date: /home/saun/ctrl_mr_dynamic/install/object_detection/share/object_detection/config
[2.419s] -- Up-to-date: /home/saun/ctrl_mr_dynamic/install/object_detection/share/object_detection/config/params_gazebo.yaml
[2.420s] -- Up-to-date: /home/saun/ctrl_mr_dynamic/install/object_detection/share/object_detection/config/params.yaml
[2.420s] -- Up-to-date: /home/saun/ctrl_mr_dynamic/install/object_detection/share/object_detection/rviz2
[2.421s] -- Up-to-date: /home/saun/ctrl_mr_dynamic/install/object_detection/share/object_detection/rviz2/object_detection_rviz2.rviz
[2.421s] -- Up-to-date: /home/saun/ctrl_mr_dynamic/install/object_detection/share/ament_index/resource_index/package_run_dependencies/object_detection
[2.422s] -- Up-to-date: /home/saun/ctrl_mr_dynamic/install/object_detection/share/ament_index/resource_index/parent_prefix_path/object_detection
[2.422s] -- Up-to-date: /home/saun/ctrl_mr_dynamic/install/object_detection/share/object_detection/environment/ament_prefix_path.sh
[2.423s] -- Up-to-date: /home/saun/ctrl_mr_dynamic/install/object_detection/share/object_detection/environment/ament_prefix_path.dsv
[2.423s] -- Up-to-date: /home/saun/ctrl_mr_dynamic/install/object_detection/share/object_detection/environment/path.sh
[2.423s] -- Up-to-date: /home/saun/ctrl_mr_dynamic/install/object_detection/share/object_detection/environment/path.dsv
[2.423s] -- Up-to-date: /home/saun/ctrl_mr_dynamic/install/object_detection/share/object_detection/local_setup.bash
[2.423s] -- Up-to-date: /home/saun/ctrl_mr_dynamic/install/object_detection/share/object_detection/local_setup.sh
[2.423s] -- Up-to-date: /home/saun/ctrl_mr_dynamic/install/object_detection/share/object_detection/local_setup.zsh
[2.424s] -- Up-to-date: /home/saun/ctrl_mr_dynamic/install/object_detection/share/object_detection/local_setup.dsv
[2.424s] -- Installing: /home/saun/ctrl_mr_dynamic/install/object_detection/share/object_detection/package.dsv
[2.425s] -- Up-to-date: /home/saun/ctrl_mr_dynamic/install/object_detection/share/ament_index/resource_index/packages/object_detection
[2.425s] -- Up-to-date: /home/saun/ctrl_mr_dynamic/install/object_detection/share/object_detection/cmake/object_detectionConfig.cmake
[2.426s] -- Up-to-date: /home/saun/ctrl_mr_dynamic/install/object_detection/share/object_detection/cmake/object_detectionConfig-version.cmake
[2.426s] -- Up-to-date: /home/saun/ctrl_mr_dynamic/install/object_detection/share/object_detection/package.xml
[2.445s] Invoked command in '/home/saun/ctrl_mr_dynamic/build/object_detection' returned '0': CMAKE_PREFIX_PATH=${CMAKE_PREFIX_PATH}:/home/saun/ctrl_mr_dynamic/install/simple_control_pkg:/home/saun/ctrl_mr_dynamic/install/force_control_exp:/home/saun/ctrl_mr_dynamic/install/differential_robot:/opt/ros/humble /usr/bin/cmake --install /home/saun/ctrl_mr_dynamic/build/object_detection
