[1.490s] Invoking command in '/home/saun/ctrl_mr_dynamic/src/differential_robot': PYTHONPATH=/home/saun/ctrl_mr_dynamic/build/differential_robot/prefix_override:/usr/lib/python3/dist-packages/colcon_core/task/python/colcon_distutils_commands:/home/saun/ctrl_mr_dynamic/install/differential_robot/lib/python3.10/site-packages:${PYTHONPATH} /usr/bin/python3 -W ignore:setup.py install is deprecated setup.py egg_info --egg-base ../../build/differential_robot build --build-base /home/saun/ctrl_mr_dynamic/build/differential_robot/build install --record /home/saun/ctrl_mr_dynamic/build/differential_robot/install.log --single-version-externally-managed install_data
[3.632s] running egg_info
[3.632s] creating ../../build/differential_robot/differential_robot.egg-info
[3.632s] writing ../../build/differential_robot/differential_robot.egg-info/PKG-INFO
[3.632s] writing dependency_links to ../../build/differential_robot/differential_robot.egg-info/dependency_links.txt
[3.632s] writing entry points to ../../build/differential_robot/differential_robot.egg-info/entry_points.txt
[3.632s] writing requirements to ../../build/differential_robot/differential_robot.egg-info/requires.txt
[3.632s] writing top-level names to ../../build/differential_robot/differential_robot.egg-info/top_level.txt
[3.633s] writing manifest file '../../build/differential_robot/differential_robot.egg-info/SOURCES.txt'
[3.633s] reading manifest file '../../build/differential_robot/differential_robot.egg-info/SOURCES.txt'
[3.633s] writing manifest file '../../build/differential_robot/differential_robot.egg-info/SOURCES.txt'
[3.633s] running build
[3.633s] running build_py
[3.633s] creating /home/saun/ctrl_mr_dynamic/build/differential_robot/build
[3.633s] creating /home/saun/ctrl_mr_dynamic/build/differential_robot/build/lib
[3.633s] creating /home/saun/ctrl_mr_dynamic/build/differential_robot/build/lib/differential_robot
[3.634s] copying differential_robot/__init__.py -> /home/saun/ctrl_mr_dynamic/build/differential_robot/build/lib/differential_robot
[3.634s] running install
[3.634s] running install_lib
[3.634s] creating /home/saun/ctrl_mr_dynamic/install/differential_robot/lib/python3.10/site-packages/differential_robot
[3.634s] copying /home/saun/ctrl_mr_dynamic/build/differential_robot/build/lib/differential_robot/__init__.py -> /home/saun/ctrl_mr_dynamic/install/differential_robot/lib/python3.10/site-packages/differential_robot
[3.634s] byte-compiling /home/saun/ctrl_mr_dynamic/install/differential_robot/lib/python3.10/site-packages/differential_robot/__init__.py to __init__.cpython-310.pyc
[3.634s] running install_data
[3.634s] creating /home/saun/ctrl_mr_dynamic/install/differential_robot/share/ament_index
[3.635s] creating /home/saun/ctrl_mr_dynamic/install/differential_robot/share/ament_index/resource_index
[3.635s] creating /home/saun/ctrl_mr_dynamic/install/differential_robot/share/ament_index/resource_index/packages
[3.635s] copying resource/differential_robot -> /home/saun/ctrl_mr_dynamic/install/differential_robot/share/ament_index/resource_index/packages
[3.635s] copying package.xml -> /home/saun/ctrl_mr_dynamic/install/differential_robot/share/differential_robot
[3.635s] creating /home/saun/ctrl_mr_dynamic/install/differential_robot/share/differential_robot/launch
[3.635s] copying launch/example.launch.py -> /home/saun/ctrl_mr_dynamic/install/differential_robot/share/differential_robot/launch
[3.635s] copying launch/classic_spawn_diffbot.launch.py -> /home/saun/ctrl_mr_dynamic/install/differential_robot/share/differential_robot/launch
[3.635s] copying launch/spawn_diffbot.launch.xml -> /home/saun/ctrl_mr_dynamic/install/differential_robot/share/differential_robot/launch
[3.636s] copying launch/spawn_diffbot.launch.py -> /home/saun/ctrl_mr_dynamic/install/differential_robot/share/differential_robot/launch
[3.636s] creating /home/saun/ctrl_mr_dynamic/install/differential_robot/share/differential_robot/models
[3.636s] copying models/HDL32E_base.stl -> /home/saun/ctrl_mr_dynamic/install/differential_robot/share/differential_robot/models
[3.636s] copying models/r200.dae -> /home/saun/ctrl_mr_dynamic/install/differential_robot/share/differential_robot/models
[3.636s] copying models/hokuyo.dae -> /home/saun/ctrl_mr_dynamic/install/differential_robot/share/differential_robot/models
[3.636s] copying models/VLP16_scan.dae -> /home/saun/ctrl_mr_dynamic/install/differential_robot/share/differential_robot/models
[3.636s] copying models/astra.dae -> /home/saun/ctrl_mr_dynamic/install/differential_robot/share/differential_robot/models
[3.636s] copying models/diffbot_irl.sdf -> /home/saun/ctrl_mr_dynamic/install/differential_robot/share/differential_robot/models
[3.637s] copying models/base_link.STL -> /home/saun/ctrl_mr_dynamic/install/differential_robot/share/differential_robot/models
[3.637s] copying models/VLP16_base_2.dae -> /home/saun/ctrl_mr_dynamic/install/differential_robot/share/differential_robot/models
[3.637s] copying models/kinectv2.stl -> /home/saun/ctrl_mr_dynamic/install/differential_robot/share/differential_robot/models
[3.637s] copying models/HDL32E_scan.stl -> /home/saun/ctrl_mr_dynamic/install/differential_robot/share/differential_robot/models
[3.637s] copying models/VLP16_base_1.stl -> /home/saun/ctrl_mr_dynamic/install/differential_robot/share/differential_robot/models
[3.639s] copying models/VLP16_scan.stl -> /home/saun/ctrl_mr_dynamic/install/differential_robot/share/differential_robot/models
[3.640s] copying models/HDL32E_scan.dae -> /home/saun/ctrl_mr_dynamic/install/differential_robot/share/differential_robot/models
[3.640s] copying models/HDL32E_base.dae -> /home/saun/ctrl_mr_dynamic/install/differential_robot/share/differential_robot/models
[3.640s] copying models/VLP16_base_1.dae -> /home/saun/ctrl_mr_dynamic/install/differential_robot/share/differential_robot/models
[3.640s] copying models/simplebot.sdf -> /home/saun/ctrl_mr_dynamic/install/differential_robot/share/differential_robot/models
[3.640s] copying models/kinectv2.dae -> /home/saun/ctrl_mr_dynamic/install/differential_robot/share/differential_robot/models
[3.640s] copying models/lds.stl -> /home/saun/ctrl_mr_dynamic/install/differential_robot/share/differential_robot/models
[3.640s] copying models/kinectv2_nobase.stl -> /home/saun/ctrl_mr_dynamic/install/differential_robot/share/differential_robot/models
[3.640s] copying models/left_tire.stl -> /home/saun/ctrl_mr_dynamic/install/differential_robot/share/differential_robot/models
[3.640s] copying models/right_tire.stl -> /home/saun/ctrl_mr_dynamic/install/differential_robot/share/differential_robot/models
[3.641s] copying models/VLP16_base_2.stl -> /home/saun/ctrl_mr_dynamic/install/differential_robot/share/differential_robot/models
[3.641s] copying models/empty.sdf -> /home/saun/ctrl_mr_dynamic/install/differential_robot/share/differential_robot/models
[3.641s] copying models/diffbot_realsize.urdf -> /home/saun/ctrl_mr_dynamic/install/differential_robot/share/differential_robot/models
[3.641s] copying models/cover_link.STL -> /home/saun/ctrl_mr_dynamic/install/differential_robot/share/differential_robot/models
[3.641s] copying models/kinectv2_nobase.dae -> /home/saun/ctrl_mr_dynamic/install/differential_robot/share/differential_robot/models
[3.641s] creating /home/saun/ctrl_mr_dynamic/install/differential_robot/share/differential_robot/urdf
[3.652s] copying urdf/diffbot_realsize.urdf -> /home/saun/ctrl_mr_dynamic/install/differential_robot/share/differential_robot/urdf
[3.652s] copying urdf/diffbot_classic_gazebo.urdf -> /home/saun/ctrl_mr_dynamic/install/differential_robot/share/differential_robot/urdf
[3.652s] creating /home/saun/ctrl_mr_dynamic/install/differential_robot/share/differential_robot/worlds
[3.652s] copying worlds/empty_world.world -> /home/saun/ctrl_mr_dynamic/install/differential_robot/share/differential_robot/worlds
[3.653s] copying worlds/single_actor.world -> /home/saun/ctrl_mr_dynamic/install/differential_robot/share/differential_robot/worlds
[3.653s] running install_egg_info
[3.653s] Copying ../../build/differential_robot/differential_robot.egg-info to /home/saun/ctrl_mr_dynamic/install/differential_robot/lib/python3.10/site-packages/differential_robot-0.0.0-py3.10.egg-info
[3.653s] running install_scripts
[3.653s] writing list of installed files to '/home/saun/ctrl_mr_dynamic/build/differential_robot/install.log'
[3.663s] Invoked command in '/home/saun/ctrl_mr_dynamic/src/differential_robot' returned '0': PYTHONPATH=/home/saun/ctrl_mr_dynamic/build/differential_robot/prefix_override:/usr/lib/python3/dist-packages/colcon_core/task/python/colcon_distutils_commands:/home/saun/ctrl_mr_dynamic/install/differential_robot/lib/python3.10/site-packages:${PYTHONPATH} /usr/bin/python3 -W ignore:setup.py install is deprecated setup.py egg_info --egg-base ../../build/differential_robot build --build-base /home/saun/ctrl_mr_dynamic/build/differential_robot/build install --record /home/saun/ctrl_mr_dynamic/build/differential_robot/install.log --single-version-externally-managed install_data
