Built target ament_cmake_python_copy_run_sensor
running egg_info
writing run_sensor.egg-info/PKG-INFO
writing dependency_links to run_sensor.egg-info/dependency_links.txt
writing top-level names to run_sensor.egg-info/top_level.txt
reading manifest file 'run_sensor.egg-info/SOURCES.txt'
writing manifest file 'run_sensor.egg-info/SOURCES.txt'
Built target ament_cmake_python_build_run_sensor_egg
-- Install configuration: ""
-- Up-to-date: /home/saun/ctrl_mr_dynamic/install/run_sensor/share/run_sensor/environment/pythonpath.sh
-- Up-to-date: /home/saun/ctrl_mr_dynamic/install/run_sensor/share/run_sensor/environment/pythonpath.dsv
-- Up-to-date: /home/saun/ctrl_mr_dynamic/install/run_sensor/local/lib/python3.10/dist-packages/run_sensor-1.0.0-py3.10.egg-info
-- Installing: /home/saun/ctrl_mr_dynamic/install/run_sensor/local/lib/python3.10/dist-packages/run_sensor-1.0.0-py3.10.egg-info/dependency_links.txt
-- Installing: /home/saun/ctrl_mr_dynamic/install/run_sensor/local/lib/python3.10/dist-packages/run_sensor-1.0.0-py3.10.egg-info/top_level.txt
-- Installing: /home/saun/ctrl_mr_dynamic/install/run_sensor/local/lib/python3.10/dist-packages/run_sensor-1.0.0-py3.10.egg-info/SOURCES.txt
-- Installing: /home/saun/ctrl_mr_dynamic/install/run_sensor/local/lib/python3.10/dist-packages/run_sensor-1.0.0-py3.10.egg-info/PKG-INFO
-- Up-to-date: /home/saun/ctrl_mr_dynamic/install/run_sensor/local/lib/python3.10/dist-packages/run_sensor
-- Up-to-date: /home/saun/ctrl_mr_dynamic/install/run_sensor/local/lib/python3.10/dist-packages/run_sensor/__init__.py
Listing '/home/saun/ctrl_mr_dynamic/install/run_sensor/local/lib/python3.10/dist-packages/run_sensor'...
-- Up-to-date: /home/saun/ctrl_mr_dynamic/install/run_sensor/lib/run_sensor/object_tracking_gazebo.launch.py
-- Up-to-date: /home/saun/ctrl_mr_dynamic/install/run_sensor/lib/run_sensor/object_tracking_real.launch.py
-- Up-to-date: /home/saun/ctrl_mr_dynamic/install/run_sensor/share/run_sensor/launch
-- Up-to-date: /home/saun/ctrl_mr_dynamic/install/run_sensor/share/run_sensor/launch/object_tracking_gazebo.launch.py
-- Up-to-date: /home/saun/ctrl_mr_dynamic/install/run_sensor/share/run_sensor/launch/object_tracking_real.launch.py
-- Up-to-date: /home/saun/ctrl_mr_dynamic/install/run_sensor/share/run_sensor/launch/__pycache__
-- Up-to-date: /home/saun/ctrl_mr_dynamic/install/run_sensor/share/run_sensor/launch/__pycache__/object_tracking_real.launch.cpython-310.pyc
-- Up-to-date: /home/saun/ctrl_mr_dynamic/install/run_sensor/share/ament_index/resource_index/package_run_dependencies/run_sensor
-- Up-to-date: /home/saun/ctrl_mr_dynamic/install/run_sensor/share/ament_index/resource_index/parent_prefix_path/run_sensor
-- Up-to-date: /home/saun/ctrl_mr_dynamic/install/run_sensor/share/run_sensor/environment/ament_prefix_path.sh
-- Up-to-date: /home/saun/ctrl_mr_dynamic/install/run_sensor/share/run_sensor/environment/ament_prefix_path.dsv
-- Up-to-date: /home/saun/ctrl_mr_dynamic/install/run_sensor/share/run_sensor/environment/path.sh
-- Up-to-date: /home/saun/ctrl_mr_dynamic/install/run_sensor/share/run_sensor/environment/path.dsv
-- Up-to-date: /home/saun/ctrl_mr_dynamic/install/run_sensor/share/run_sensor/local_setup.bash
-- Up-to-date: /home/saun/ctrl_mr_dynamic/install/run_sensor/share/run_sensor/local_setup.sh
-- Up-to-date: /home/saun/ctrl_mr_dynamic/install/run_sensor/share/run_sensor/local_setup.zsh
-- Up-to-date: /home/saun/ctrl_mr_dynamic/install/run_sensor/share/run_sensor/local_setup.dsv
-- Installing: /home/saun/ctrl_mr_dynamic/install/run_sensor/share/run_sensor/package.dsv
-- Up-to-date: /home/saun/ctrl_mr_dynamic/install/run_sensor/share/ament_index/resource_index/packages/run_sensor
-- Up-to-date: /home/saun/ctrl_mr_dynamic/install/run_sensor/share/run_sensor/cmake/run_sensorConfig.cmake
-- Up-to-date: /home/saun/ctrl_mr_dynamic/install/run_sensor/share/run_sensor/cmake/run_sensorConfig-version.cmake
-- Up-to-date: /home/saun/ctrl_mr_dynamic/install/run_sensor/share/run_sensor/package.xml
