[0.707s] Invoking command in '/home/saun/ctrl_mr_dynamic/build/pid_control': CMAKE_PREFIX_PATH=${CMAKE_PREFIX_PATH}:/home/saun/ctrl_mr_dynamic/install/simple_control_pkg:/home/saun/ctrl_mr_dynamic/install/force_control_exp:/home/saun/ctrl_mr_dynamic/install/differential_robot:/opt/ros/humble /usr/bin/cmake --build /home/saun/ctrl_mr_dynamic/build/pid_control -- -j8 -l8
[0.837s] Built target ament_cmake_python_copy_pid_control
[1.467s] running egg_info
[1.469s] writing pid_control.egg-info/PKG-INFO
[1.471s] writing dependency_links to pid_control.egg-info/dependency_links.txt
[1.471s] writing top-level names to pid_control.egg-info/top_level.txt
[1.475s] reading manifest file 'pid_control.egg-info/SOURCES.txt'
[1.475s] writing manifest file 'pid_control.egg-info/SOURCES.txt'
[1.536s] Built target ament_cmake_python_build_pid_control_egg
[1.769s] Invoked command in '/home/saun/ctrl_mr_dynamic/build/pid_control' returned '0': CMAKE_PREFIX_PATH=${CMAKE_PREFIX_PATH}:/home/saun/ctrl_mr_dynamic/install/simple_control_pkg:/home/saun/ctrl_mr_dynamic/install/force_control_exp:/home/saun/ctrl_mr_dynamic/install/differential_robot:/opt/ros/humble /usr/bin/cmake --build /home/saun/ctrl_mr_dynamic/build/pid_control -- -j8 -l8
[1.827s] Invoking command in '/home/saun/ctrl_mr_dynamic/build/pid_control': CMAKE_PREFIX_PATH=${CMAKE_PREFIX_PATH}:/home/saun/ctrl_mr_dynamic/install/simple_control_pkg:/home/saun/ctrl_mr_dynamic/install/force_control_exp:/home/saun/ctrl_mr_dynamic/install/differential_robot:/opt/ros/humble /usr/bin/cmake --install /home/saun/ctrl_mr_dynamic/build/pid_control
[1.853s] -- Install configuration: ""
[1.853s] -- Up-to-date: /home/saun/ctrl_mr_dynamic/install/pid_control/share/pid_control/environment/pythonpath.sh
[1.854s] -- Up-to-date: /home/saun/ctrl_mr_dynamic/install/pid_control/share/pid_control/environment/pythonpath.dsv
[1.854s] -- Up-to-date: /home/saun/ctrl_mr_dynamic/install/pid_control/local/lib/python3.10/dist-packages/pid_control-1.0.0-py3.10.egg-info
[1.854s] -- Installing: /home/saun/ctrl_mr_dynamic/install/pid_control/local/lib/python3.10/dist-packages/pid_control-1.0.0-py3.10.egg-info/dependency_links.txt
[1.863s] -- Installing: /home/saun/ctrl_mr_dynamic/install/pid_control/local/lib/python3.10/dist-packages/pid_control-1.0.0-py3.10.egg-info/top_level.txt
[1.864s] -- Installing: /home/saun/ctrl_mr_dynamic/install/pid_control/local/lib/python3.10/dist-packages/pid_control-1.0.0-py3.10.egg-info/SOURCES.txt
[1.866s] -- Installing: /home/saun/ctrl_mr_dynamic/install/pid_control/local/lib/python3.10/dist-packages/pid_control-1.0.0-py3.10.egg-info/PKG-INFO
[1.867s] -- Up-to-date: /home/saun/ctrl_mr_dynamic/install/pid_control/local/lib/python3.10/dist-packages/pid_control
[1.868s] -- Up-to-date: /home/saun/ctrl_mr_dynamic/install/pid_control/local/lib/python3.10/dist-packages/pid_control/__init__.py
[1.917s] Listing '/home/saun/ctrl_mr_dynamic/install/pid_control/local/lib/python3.10/dist-packages/pid_control'...
[1.924s] -- Up-to-date: /home/saun/ctrl_mr_dynamic/install/pid_control/lib/pid_control/pid_control.py
[1.925s] -- Up-to-date: /home/saun/ctrl_mr_dynamic/install/pid_control/lib/pid_control/pid_control_origin.py
[1.925s] -- Up-to-date: /home/saun/ctrl_mr_dynamic/install/pid_control/lib/pid_control/pid_control.launch.py
[1.926s] -- Up-to-date: /home/saun/ctrl_mr_dynamic/install/pid_control/share/pid_control/launch
[1.928s] -- Up-to-date: /home/saun/ctrl_mr_dynamic/install/pid_control/share/pid_control/launch/pid_control.launch.py
[1.928s] -- Up-to-date: /home/saun/ctrl_mr_dynamic/install/pid_control/share/pid_control/config
[1.928s] -- Up-to-date: /home/saun/ctrl_mr_dynamic/install/pid_control/share/pid_control/config/params.yaml
[1.928s] -- Up-to-date: /home/saun/ctrl_mr_dynamic/install/pid_control/share/ament_index/resource_index/package_run_dependencies/pid_control
[1.929s] -- Up-to-date: /home/saun/ctrl_mr_dynamic/install/pid_control/share/ament_index/resource_index/parent_prefix_path/pid_control
[1.929s] -- Up-to-date: /home/saun/ctrl_mr_dynamic/install/pid_control/share/pid_control/environment/ament_prefix_path.sh
[1.929s] -- Up-to-date: /home/saun/ctrl_mr_dynamic/install/pid_control/share/pid_control/environment/ament_prefix_path.dsv
[1.929s] -- Up-to-date: /home/saun/ctrl_mr_dynamic/install/pid_control/share/pid_control/environment/path.sh
[1.929s] -- Up-to-date: /home/saun/ctrl_mr_dynamic/install/pid_control/share/pid_control/environment/path.dsv
[1.929s] -- Up-to-date: /home/saun/ctrl_mr_dynamic/install/pid_control/share/pid_control/local_setup.bash
[1.930s] -- Up-to-date: /home/saun/ctrl_mr_dynamic/install/pid_control/share/pid_control/local_setup.sh
[1.930s] -- Up-to-date: /home/saun/ctrl_mr_dynamic/install/pid_control/share/pid_control/local_setup.zsh
[1.930s] -- Up-to-date: /home/saun/ctrl_mr_dynamic/install/pid_control/share/pid_control/local_setup.dsv
[1.930s] -- Installing: /home/saun/ctrl_mr_dynamic/install/pid_control/share/pid_control/package.dsv
[1.934s] -- Up-to-date: /home/saun/ctrl_mr_dynamic/install/pid_control/share/ament_index/resource_index/packages/pid_control
[1.934s] -- Up-to-date: /home/saun/ctrl_mr_dynamic/install/pid_control/share/pid_control/cmake/pid_controlConfig.cmake
[1.935s] -- Up-to-date: /home/saun/ctrl_mr_dynamic/install/pid_control/share/pid_control/cmake/pid_controlConfig-version.cmake
[1.935s] -- Up-to-date: /home/saun/ctrl_mr_dynamic/install/pid_control/share/pid_control/package.xml
[1.936s] Invoked command in '/home/saun/ctrl_mr_dynamic/build/pid_control' returned '0': CMAKE_PREFIX_PATH=${CMAKE_PREFIX_PATH}:/home/saun/ctrl_mr_dynamic/install/simple_control_pkg:/home/saun/ctrl_mr_dynamic/install/force_control_exp:/home/saun/ctrl_mr_dynamic/install/differential_robot:/opt/ros/humble /usr/bin/cmake --install /home/saun/ctrl_mr_dynamic/build/pid_control
