[0.837s] Invoking command in '/home/saun/ctrl_mr_dynamic/build/point_cal': CMAKE_PREFIX_PATH=${CMAKE_PREFIX_PATH}:/home/saun/ctrl_mr_dynamic/install/simple_control_pkg:/home/saun/ctrl_mr_dynamic/install/force_control_exp:/home/saun/ctrl_mr_dynamic/install/differential_robot:/opt/ros/humble /usr/bin/cmake --build /home/saun/ctrl_mr_dynamic/build/point_cal -- -j8 -l8
[0.995s] Built target ament_cmake_python_copy_point_cal
[1.608s] running egg_info
[1.610s] writing point_cal.egg-info/PKG-INFO
[1.610s] writing dependency_links to point_cal.egg-info/dependency_links.txt
[1.611s] writing top-level names to point_cal.egg-info/top_level.txt
[1.615s] reading manifest file 'point_cal.egg-info/SOURCES.txt'
[1.617s] writing manifest file 'point_cal.egg-info/SOURCES.txt'
[1.683s] Built target ament_cmake_python_build_point_cal_egg
[1.747s] Invoked command in '/home/saun/ctrl_mr_dynamic/build/point_cal' returned '0': CMAKE_PREFIX_PATH=${CMAKE_PREFIX_PATH}:/home/saun/ctrl_mr_dynamic/install/simple_control_pkg:/home/saun/ctrl_mr_dynamic/install/force_control_exp:/home/saun/ctrl_mr_dynamic/install/differential_robot:/opt/ros/humble /usr/bin/cmake --build /home/saun/ctrl_mr_dynamic/build/point_cal -- -j8 -l8
[1.912s] Invoking command in '/home/saun/ctrl_mr_dynamic/build/point_cal': CMAKE_PREFIX_PATH=${CMAKE_PREFIX_PATH}:/home/saun/ctrl_mr_dynamic/install/simple_control_pkg:/home/saun/ctrl_mr_dynamic/install/force_control_exp:/home/saun/ctrl_mr_dynamic/install/differential_robot:/opt/ros/humble /usr/bin/cmake --install /home/saun/ctrl_mr_dynamic/build/point_cal
[1.933s] -- Install configuration: ""
[1.933s] -- Up-to-date: /home/saun/ctrl_mr_dynamic/install/point_cal/share/point_cal/environment/pythonpath.sh
[1.934s] -- Up-to-date: /home/saun/ctrl_mr_dynamic/install/point_cal/share/point_cal/environment/pythonpath.dsv
[1.934s] -- Up-to-date: /home/saun/ctrl_mr_dynamic/install/point_cal/local/lib/python3.10/dist-packages/point_cal-1.0.0-py3.10.egg-info
[1.934s] -- Installing: /home/saun/ctrl_mr_dynamic/install/point_cal/local/lib/python3.10/dist-packages/point_cal-1.0.0-py3.10.egg-info/dependency_links.txt
[1.934s] -- Installing: /home/saun/ctrl_mr_dynamic/install/point_cal/local/lib/python3.10/dist-packages/point_cal-1.0.0-py3.10.egg-info/top_level.txt
[1.934s] -- Installing: /home/saun/ctrl_mr_dynamic/install/point_cal/local/lib/python3.10/dist-packages/point_cal-1.0.0-py3.10.egg-info/SOURCES.txt
[1.935s] -- Installing: /home/saun/ctrl_mr_dynamic/install/point_cal/local/lib/python3.10/dist-packages/point_cal-1.0.0-py3.10.egg-info/PKG-INFO
[1.935s] -- Up-to-date: /home/saun/ctrl_mr_dynamic/install/point_cal/local/lib/python3.10/dist-packages/point_cal
[1.935s] -- Up-to-date: /home/saun/ctrl_mr_dynamic/install/point_cal/local/lib/python3.10/dist-packages/point_cal/__init__.py
[2.064s] Listing '/home/saun/ctrl_mr_dynamic/install/point_cal/local/lib/python3.10/dist-packages/point_cal'...
[2.066s] -- Up-to-date: /home/saun/ctrl_mr_dynamic/install/point_cal/lib/point_cal/point_cal.py
[2.066s] -- Up-to-date: /home/saun/ctrl_mr_dynamic/install/point_cal/lib/point_cal/point_cal_gazebo.launch.py
[2.066s] -- Up-to-date: /home/saun/ctrl_mr_dynamic/install/point_cal/lib/point_cal/point_cal_real.launch.py
[2.066s] -- Up-to-date: /home/saun/ctrl_mr_dynamic/install/point_cal/share/point_cal/launch
[2.067s] -- Up-to-date: /home/saun/ctrl_mr_dynamic/install/point_cal/share/point_cal/launch/point_cal_real.launch.py
[2.067s] -- Up-to-date: /home/saun/ctrl_mr_dynamic/install/point_cal/share/point_cal/launch/point_cal_gazebo.launch.py
[2.068s] -- Up-to-date: /home/saun/ctrl_mr_dynamic/install/point_cal/share/point_cal/config
[2.068s] -- Up-to-date: /home/saun/ctrl_mr_dynamic/install/point_cal/share/point_cal/config/params_gazebo.yaml
[2.068s] -- Up-to-date: /home/saun/ctrl_mr_dynamic/install/point_cal/share/point_cal/config/params.yaml
[2.069s] -- Up-to-date: /home/saun/ctrl_mr_dynamic/install/point_cal/share/point_cal/rviz2
[2.069s] -- Up-to-date: /home/saun/ctrl_mr_dynamic/install/point_cal/share/point_cal/rviz2/row_detection.rviz
[2.069s] -- Up-to-date: /home/saun/ctrl_mr_dynamic/install/point_cal/share/ament_index/resource_index/package_run_dependencies/point_cal
[2.069s] -- Up-to-date: /home/saun/ctrl_mr_dynamic/install/point_cal/share/ament_index/resource_index/parent_prefix_path/point_cal
[2.069s] -- Up-to-date: /home/saun/ctrl_mr_dynamic/install/point_cal/share/point_cal/environment/ament_prefix_path.sh
[2.070s] -- Up-to-date: /home/saun/ctrl_mr_dynamic/install/point_cal/share/point_cal/environment/ament_prefix_path.dsv
[2.070s] -- Up-to-date: /home/saun/ctrl_mr_dynamic/install/point_cal/share/point_cal/environment/path.sh
[2.070s] -- Up-to-date: /home/saun/ctrl_mr_dynamic/install/point_cal/share/point_cal/environment/path.dsv
[2.070s] -- Up-to-date: /home/saun/ctrl_mr_dynamic/install/point_cal/share/point_cal/local_setup.bash
[2.070s] -- Up-to-date: /home/saun/ctrl_mr_dynamic/install/point_cal/share/point_cal/local_setup.sh
[2.070s] -- Up-to-date: /home/saun/ctrl_mr_dynamic/install/point_cal/share/point_cal/local_setup.zsh
[2.070s] -- Up-to-date: /home/saun/ctrl_mr_dynamic/install/point_cal/share/point_cal/local_setup.dsv
[2.071s] -- Installing: /home/saun/ctrl_mr_dynamic/install/point_cal/share/point_cal/package.dsv
[2.071s] -- Up-to-date: /home/saun/ctrl_mr_dynamic/install/point_cal/share/ament_index/resource_index/packages/point_cal
[2.071s] -- Up-to-date: /home/saun/ctrl_mr_dynamic/install/point_cal/share/point_cal/cmake/point_calConfig.cmake
[2.071s] -- Up-to-date: /home/saun/ctrl_mr_dynamic/install/point_cal/share/point_cal/cmake/point_calConfig-version.cmake
[2.071s] -- Up-to-date: /home/saun/ctrl_mr_dynamic/install/point_cal/share/point_cal/package.xml
[2.085s] Invoked command in '/home/saun/ctrl_mr_dynamic/build/point_cal' returned '0': CMAKE_PREFIX_PATH=${CMAKE_PREFIX_PATH}:/home/saun/ctrl_mr_dynamic/install/simple_control_pkg:/home/saun/ctrl_mr_dynamic/install/force_control_exp:/home/saun/ctrl_mr_dynamic/install/differential_robot:/opt/ros/humble /usr/bin/cmake --install /home/saun/ctrl_mr_dynamic/build/point_cal
