[1.810s] Invoking command in '/home/saun/ctrl_mr_dynamic/src/simple_control_pkg': PYTHONPATH=/home/saun/ctrl_mr_dynamic/build/simple_control_pkg/prefix_override:/usr/lib/python3/dist-packages/colcon_core/task/python/colcon_distutils_commands:/home/saun/ctrl_mr_dynamic/install/simple_control_pkg/lib/python3.10/site-packages:${PYTHONPATH} /usr/bin/python3 -W ignore:setup.py install is deprecated setup.py egg_info --egg-base ../../build/simple_control_pkg build --build-base /home/saun/ctrl_mr_dynamic/build/simple_control_pkg/build install --record /home/saun/ctrl_mr_dynamic/build/simple_control_pkg/install.log --single-version-externally-managed install_data
[2.355s] running egg_info
[2.356s] writing ../../build/simple_control_pkg/simple_control_pkg.egg-info/PKG-INFO
[2.357s] writing dependency_links to ../../build/simple_control_pkg/simple_control_pkg.egg-info/dependency_links.txt
[2.357s] writing entry points to ../../build/simple_control_pkg/simple_control_pkg.egg-info/entry_points.txt
[2.357s] writing requirements to ../../build/simple_control_pkg/simple_control_pkg.egg-info/requires.txt
[2.358s] writing top-level names to ../../build/simple_control_pkg/simple_control_pkg.egg-info/top_level.txt
[2.365s] reading manifest file '../../build/simple_control_pkg/simple_control_pkg.egg-info/SOURCES.txt'
[2.367s] writing manifest file '../../build/simple_control_pkg/simple_control_pkg.egg-info/SOURCES.txt'
[2.368s] running build
[2.368s] running build_py
[2.369s] running install
[2.369s] running install_lib
[2.371s] running install_data
[2.371s] running install_egg_info
[2.376s] removing '/home/saun/ctrl_mr_dynamic/install/simple_control_pkg/lib/python3.10/site-packages/simple_control_pkg-0.0.0-py3.10.egg-info' (and everything under it)
[2.376s] Copying ../../build/simple_control_pkg/simple_control_pkg.egg-info to /home/saun/ctrl_mr_dynamic/install/simple_control_pkg/lib/python3.10/site-packages/simple_control_pkg-0.0.0-py3.10.egg-info
[2.378s] running install_scripts
[2.415s] Installing simple_control script to /home/saun/ctrl_mr_dynamic/install/simple_control_pkg/lib/simple_control_pkg
[2.415s] writing list of installed files to '/home/saun/ctrl_mr_dynamic/build/simple_control_pkg/install.log'
[2.454s] Invoked command in '/home/saun/ctrl_mr_dynamic/src/simple_control_pkg' returned '0': PYTHONPATH=/home/saun/ctrl_mr_dynamic/build/simple_control_pkg/prefix_override:/usr/lib/python3/dist-packages/colcon_core/task/python/colcon_distutils_commands:/home/saun/ctrl_mr_dynamic/install/simple_control_pkg/lib/python3.10/site-packages:${PYTHONPATH} /usr/bin/python3 -W ignore:setup.py install is deprecated setup.py egg_info --egg-base ../../build/simple_control_pkg build --build-base /home/saun/ctrl_mr_dynamic/build/simple_control_pkg/build install --record /home/saun/ctrl_mr_dynamic/build/simple_control_pkg/install.log --single-version-externally-managed install_data
