[0.725s] Invoking command in '/home/saun/ctrl_mr_dynamic/build/object_detection': CMAKE_PREFIX_PATH=${CMAKE_PREFIX_PATH}:/home/saun/ctrl_mr_dynamic/install/simple_control_pkg:/home/saun/ctrl_mr_dynamic/install/force_control_exp:/home/saun/ctrl_mr_dynamic/install/differential_robot:/opt/ros/humble /usr/bin/cmake --build /home/saun/ctrl_mr_dynamic/build/object_detection -- -j8 -l8
[0.776s] -- Found ament_cmake: 1.3.10 (/opt/ros/humble/share/ament_cmake/cmake)
[1.026s] -- Found rclpy: 3.3.14 (/opt/ros/humble/share/rclpy/cmake)
[1.027s] -- Found rclcpp: 16.0.10 (/opt/ros/humble/share/rclcpp/cmake)
[1.087s] -- Found rosidl_generator_c: 3.1.5 (/opt/ros/humble/share/rosidl_generator_c/cmake)
[1.092s] -- Found rosidl_adapter: 3.1.5 (/opt/ros/humble/share/rosidl_adapter/cmake)
[1.103s] -- Found rosidl_generator_cpp: 3.1.5 (/opt/ros/humble/share/rosidl_generator_cpp/cmake)
[1.124s] -- Using all available rosidl_typesupport_c: rosidl_typesupport_fastrtps_c;rosidl_typesupport_introspection_c
[1.154s] -- Using all available rosidl_typesupport_cpp: rosidl_typesupport_fastrtps_cpp;rosidl_typesupport_introspection_cpp
[1.218s] -- Found rmw_implementation_cmake: 6.1.2 (/opt/ros/humble/share/rmw_implementation_cmake/cmake)
[1.222s] -- Found rmw_fastrtps_cpp: 6.2.7 (/opt/ros/humble/share/rmw_fastrtps_cpp/cmake)
[1.429s] -- Using RMW implementation 'rmw_fastrtps_cpp' as default
[1.546s] -- Found geometry_msgs: 4.2.4 (/opt/ros/humble/share/geometry_msgs/cmake)
[1.572s] -- Found nav_msgs: 4.2.4 (/opt/ros/humble/share/nav_msgs/cmake)
[1.614s] -- Found tf2_ros: 0.25.7 (/opt/ros/humble/share/tf2_ros/cmake)
[1.789s] -- Found rviz2: 11.2.13 (/opt/ros/humble/share/rviz2/cmake)
[1.790s] -- Found cv_bridge: 3.2.1 (/opt/ros/humble/share/cv_bridge/cmake)
[1.852s] -- Found visualization_msgs: 4.2.4 (/opt/ros/humble/share/visualization_msgs/cmake)
[1.902s] -- Found ament_lint_auto: 0.12.11 (/opt/ros/humble/share/ament_lint_auto/cmake)
[2.060s] -- Added test 'flake8' to check Python code syntax and style conventions
[2.062s] -- Added test 'lint_cmake' to check CMake code style
[2.068s] -- Added test 'pep257' to check Python code against some of the docstring style conventions in PEP 257
[2.069s] -- Added test 'xmllint' to check XML markup files
[2.076s] -- Configuring done
[2.109s] -- Generating done
[2.114s] -- Build files have been written to: /home/saun/ctrl_mr_dynamic/build/object_detection
[2.243s] Built target ament_cmake_python_copy_object_detection
[2.852s] running egg_info
[2.853s] writing object_detection.egg-info/PKG-INFO
[2.853s] writing dependency_links to object_detection.egg-info/dependency_links.txt
[2.854s] writing top-level names to object_detection.egg-info/top_level.txt
[2.858s] reading manifest file 'object_detection.egg-info/SOURCES.txt'
[2.860s] writing manifest file 'object_detection.egg-info/SOURCES.txt'
[2.913s] Built target ament_cmake_python_build_object_detection_egg
[3.005s] Invoked command in '/home/saun/ctrl_mr_dynamic/build/object_detection' returned '0': CMAKE_PREFIX_PATH=${CMAKE_PREFIX_PATH}:/home/saun/ctrl_mr_dynamic/install/simple_control_pkg:/home/saun/ctrl_mr_dynamic/install/force_control_exp:/home/saun/ctrl_mr_dynamic/install/differential_robot:/opt/ros/humble /usr/bin/cmake --build /home/saun/ctrl_mr_dynamic/build/object_detection -- -j8 -l8
[3.063s] Invoking command in '/home/saun/ctrl_mr_dynamic/build/object_detection': CMAKE_PREFIX_PATH=${CMAKE_PREFIX_PATH}:/home/saun/ctrl_mr_dynamic/install/simple_control_pkg:/home/saun/ctrl_mr_dynamic/install/force_control_exp:/home/saun/ctrl_mr_dynamic/install/differential_robot:/opt/ros/humble /usr/bin/cmake --install /home/saun/ctrl_mr_dynamic/build/object_detection
[3.076s] -- Install configuration: ""
[3.078s] -- Up-to-date: /home/saun/ctrl_mr_dynamic/install/object_detection/share/object_detection/environment/pythonpath.sh
[3.078s] -- Installing: /home/saun/ctrl_mr_dynamic/install/object_detection/share/object_detection/environment/pythonpath.dsv
[3.078s] -- Up-to-date: /home/saun/ctrl_mr_dynamic/install/object_detection/local/lib/python3.10/dist-packages/object_detection-1.0.0-py3.10.egg-info
[3.078s] -- Installing: /home/saun/ctrl_mr_dynamic/install/object_detection/local/lib/python3.10/dist-packages/object_detection-1.0.0-py3.10.egg-info/dependency_links.txt
[3.078s] -- Installing: /home/saun/ctrl_mr_dynamic/install/object_detection/local/lib/python3.10/dist-packages/object_detection-1.0.0-py3.10.egg-info/top_level.txt
[3.079s] -- Installing: /home/saun/ctrl_mr_dynamic/install/object_detection/local/lib/python3.10/dist-packages/object_detection-1.0.0-py3.10.egg-info/SOURCES.txt
[3.079s] -- Installing: /home/saun/ctrl_mr_dynamic/install/object_detection/local/lib/python3.10/dist-packages/object_detection-1.0.0-py3.10.egg-info/PKG-INFO
[3.079s] -- Up-to-date: /home/saun/ctrl_mr_dynamic/install/object_detection/local/lib/python3.10/dist-packages/object_detection
[3.079s] -- Up-to-date: /home/saun/ctrl_mr_dynamic/install/object_detection/local/lib/python3.10/dist-packages/object_detection/__init__.py
[3.143s] Listing '/home/saun/ctrl_mr_dynamic/install/object_detection/local/lib/python3.10/dist-packages/object_detection'...
[3.151s] -- Up-to-date: /home/saun/ctrl_mr_dynamic/install/object_detection/lib/object_detection/object_detection.py
[3.151s] -- Up-to-date: /home/saun/ctrl_mr_dynamic/install/object_detection/lib/object_detection/real_objection.py
[3.152s] -- Up-to-date: /home/saun/ctrl_mr_dynamic/install/object_detection/lib/object_detection/object_detection.launch.py
[3.152s] -- Up-to-date: /home/saun/ctrl_mr_dynamic/install/object_detection/share/object_detection/launch
[3.152s] -- Up-to-date: /home/saun/ctrl_mr_dynamic/install/object_detection/share/object_detection/launch/object_detection_gazebo.launch.py
[3.152s] -- Up-to-date: /home/saun/ctrl_mr_dynamic/install/object_detection/share/object_detection/launch/__pycache__
[3.153s] -- Up-to-date: /home/saun/ctrl_mr_dynamic/install/object_detection/share/object_detection/launch/__pycache__/object_detection.launch.cpython-310.pyc
[3.153s] -- Up-to-date: /home/saun/ctrl_mr_dynamic/install/object_detection/share/object_detection/launch/object_detection.launch.py
[3.153s] -- Up-to-date: /home/saun/ctrl_mr_dynamic/install/object_detection/share/object_detection/config
[3.154s] -- Up-to-date: /home/saun/ctrl_mr_dynamic/install/object_detection/share/object_detection/config/params_gazebo.yaml
[3.154s] -- Up-to-date: /home/saun/ctrl_mr_dynamic/install/object_detection/share/object_detection/config/params.yaml
[3.154s] -- Up-to-date: /home/saun/ctrl_mr_dynamic/install/object_detection/share/object_detection/rviz2
[3.154s] -- Up-to-date: /home/saun/ctrl_mr_dynamic/install/object_detection/share/object_detection/rviz2/object_detection_rviz2.rviz
[3.154s] -- Up-to-date: /home/saun/ctrl_mr_dynamic/install/object_detection/share/ament_index/resource_index/package_run_dependencies/object_detection
[3.154s] -- Up-to-date: /home/saun/ctrl_mr_dynamic/install/object_detection/share/ament_index/resource_index/parent_prefix_path/object_detection
[3.155s] -- Up-to-date: /home/saun/ctrl_mr_dynamic/install/object_detection/share/object_detection/environment/ament_prefix_path.sh
[3.155s] -- Installing: /home/saun/ctrl_mr_dynamic/install/object_detection/share/object_detection/environment/ament_prefix_path.dsv
[3.155s] -- Up-to-date: /home/saun/ctrl_mr_dynamic/install/object_detection/share/object_detection/environment/path.sh
[3.155s] -- Installing: /home/saun/ctrl_mr_dynamic/install/object_detection/share/object_detection/environment/path.dsv
[3.156s] -- Up-to-date: /home/saun/ctrl_mr_dynamic/install/object_detection/share/object_detection/local_setup.bash
[3.157s] -- Up-to-date: /home/saun/ctrl_mr_dynamic/install/object_detection/share/object_detection/local_setup.sh
[3.157s] -- Up-to-date: /home/saun/ctrl_mr_dynamic/install/object_detection/share/object_detection/local_setup.zsh
[3.157s] -- Installing: /home/saun/ctrl_mr_dynamic/install/object_detection/share/object_detection/local_setup.dsv
[3.157s] -- Installing: /home/saun/ctrl_mr_dynamic/install/object_detection/share/object_detection/package.dsv
[3.157s] -- Up-to-date: /home/saun/ctrl_mr_dynamic/install/object_detection/share/ament_index/resource_index/packages/object_detection
[3.157s] -- Up-to-date: /home/saun/ctrl_mr_dynamic/install/object_detection/share/object_detection/cmake/object_detectionConfig.cmake
[3.157s] -- Up-to-date: /home/saun/ctrl_mr_dynamic/install/object_detection/share/object_detection/cmake/object_detectionConfig-version.cmake
[3.157s] -- Up-to-date: /home/saun/ctrl_mr_dynamic/install/object_detection/share/object_detection/package.xml
[3.170s] Invoked command in '/home/saun/ctrl_mr_dynamic/build/object_detection' returned '0': CMAKE_PREFIX_PATH=${CMAKE_PREFIX_PATH}:/home/saun/ctrl_mr_dynamic/install/simple_control_pkg:/home/saun/ctrl_mr_dynamic/install/force_control_exp:/home/saun/ctrl_mr_dynamic/install/differential_robot:/opt/ros/humble /usr/bin/cmake --install /home/saun/ctrl_mr_dynamic/build/object_detection
