[0.648s] Invoking command in '/home/saun/ctrl_mr_dynamic/build/point_cal': CMAKE_PREFIX_PATH=${CMAKE_PREFIX_PATH}:/home/saun/ctrl_mr_dynamic/install/simple_control_pkg:/home/saun/ctrl_mr_dynamic/install/force_control_exp:/home/saun/ctrl_mr_dynamic/install/differential_robot:/opt/ros/humble /usr/bin/cmake /home/saun/ctrl_mr_dynamic/src/project/object_tracking/point_cal -DCMAKE_INSTALL_PREFIX=/home/saun/ctrl_mr_dynamic/install/point_cal
[0.767s] -- The C compiler identification is GNU 11.4.0
[0.898s] -- The CXX compiler identification is GNU 11.4.0
[0.912s] -- Detecting C compiler ABI info
[1.051s] -- Detecting C compiler ABI info - done
[1.071s] -- Check for working C compiler: /usr/bin/cc - skipped
[1.071s] -- Detecting C compile features
[1.072s] -- Detecting C compile features - done
[1.076s] -- Detecting CXX compiler ABI info
[1.247s] -- Detecting CXX compiler ABI info - done
[1.272s] -- Check for working CXX compiler: /usr/bin/c++ - skipped
[1.273s] -- Detecting CXX compile features
[1.274s] -- Detecting CXX compile features - done
[1.280s] -- Found ament_cmake: 1.3.9 (/opt/ros/humble/share/ament_cmake/cmake)
[1.630s] -- Found Python3: /usr/bin/python3 (found version "3.10.12") found components: Interpreter 
[1.822s] -- Found rclpy: 3.3.13 (/opt/ros/humble/share/rclpy/cmake)
[1.826s] -- Found rclcpp: 16.0.9 (/opt/ros/humble/share/rclcpp/cmake)
[1.921s] -- Found rosidl_generator_c: 3.1.5 (/opt/ros/humble/share/rosidl_generator_c/cmake)
[1.933s] -- Found rosidl_adapter: 3.1.5 (/opt/ros/humble/share/rosidl_adapter/cmake)
[1.952s] -- Found rosidl_generator_cpp: 3.1.5 (/opt/ros/humble/share/rosidl_generator_cpp/cmake)
[1.988s] -- Using all available rosidl_typesupport_c: rosidl_typesupport_fastrtps_c;rosidl_typesupport_introspection_c
[2.034s] -- Using all available rosidl_typesupport_cpp: rosidl_typesupport_fastrtps_cpp;rosidl_typesupport_introspection_cpp
[2.194s] -- Found rmw_implementation_cmake: 6.1.2 (/opt/ros/humble/share/rmw_implementation_cmake/cmake)
[2.200s] -- Found rmw_fastrtps_cpp: 6.2.6 (/opt/ros/humble/share/rmw_fastrtps_cpp/cmake)
[2.396s] -- Found OpenSSL: /usr/lib/x86_64-linux-gnu/libcrypto.so (found version "3.0.2")  
[2.450s] -- Found FastRTPS: /opt/ros/humble/include  
[2.522s] -- Using RMW implementation 'rmw_fastrtps_cpp' as default
[2.541s] -- Looking for pthread.h
[2.655s] -- Looking for pthread.h - found
[2.656s] -- Performing Test CMAKE_HAVE_LIBC_PTHREAD
[2.767s] -- Performing Test CMAKE_HAVE_LIBC_PTHREAD - Success
[2.769s] -- Found Threads: TRUE  
[3.122s] -- Found geometry_msgs: 4.2.4 (/opt/ros/humble/share/geometry_msgs/cmake)
[3.220s] -- Found nav_msgs: 4.2.4 (/opt/ros/humble/share/nav_msgs/cmake)
[3.415s] -- Found tf2_ros: 0.25.7 (/opt/ros/humble/share/tf2_ros/cmake)
[4.224s] -- Found rviz2: 11.2.12 (/opt/ros/humble/share/rviz2/cmake)
[4.228s] -- Found cv_bridge: 3.2.1 (/opt/ros/humble/share/cv_bridge/cmake)
[4.496s] -- Found visualization_msgs: 4.2.4 (/opt/ros/humble/share/visualization_msgs/cmake)
[4.867s] -- Found ament_lint_auto: 0.12.11 (/opt/ros/humble/share/ament_lint_auto/cmake)
[5.184s] -- Added test 'flake8' to check Python code syntax and style conventions
[5.186s] -- Added test 'lint_cmake' to check CMake code style
[5.188s] -- Added test 'pep257' to check Python code against some of the docstring style conventions in PEP 257
[5.192s] -- Added test 'xmllint' to check XML markup files
[5.195s] -- Configuring done
[5.207s] -- Generating done
[5.228s] -- Build files have been written to: /home/saun/ctrl_mr_dynamic/build/point_cal
[5.259s] Invoked command in '/home/saun/ctrl_mr_dynamic/build/point_cal' returned '0': CMAKE_PREFIX_PATH=${CMAKE_PREFIX_PATH}:/home/saun/ctrl_mr_dynamic/install/simple_control_pkg:/home/saun/ctrl_mr_dynamic/install/force_control_exp:/home/saun/ctrl_mr_dynamic/install/differential_robot:/opt/ros/humble /usr/bin/cmake /home/saun/ctrl_mr_dynamic/src/project/object_tracking/point_cal -DCMAKE_INSTALL_PREFIX=/home/saun/ctrl_mr_dynamic/install/point_cal
[5.260s] Invoking command in '/home/saun/ctrl_mr_dynamic/build/point_cal': CMAKE_PREFIX_PATH=${CMAKE_PREFIX_PATH}:/home/saun/ctrl_mr_dynamic/install/simple_control_pkg:/home/saun/ctrl_mr_dynamic/install/force_control_exp:/home/saun/ctrl_mr_dynamic/install/differential_robot:/opt/ros/humble /usr/bin/cmake --build /home/saun/ctrl_mr_dynamic/build/point_cal -- -j8 -l8
[5.959s] Built target ament_cmake_python_copy_point_cal
[6.191s] running egg_info
[6.192s] creating point_cal.egg-info
[6.193s] writing point_cal.egg-info/PKG-INFO
[6.193s] writing dependency_links to point_cal.egg-info/dependency_links.txt
[6.193s] writing top-level names to point_cal.egg-info/top_level.txt
[6.194s] writing manifest file 'point_cal.egg-info/SOURCES.txt'
[6.198s] reading manifest file 'point_cal.egg-info/SOURCES.txt'
[6.199s] writing manifest file 'point_cal.egg-info/SOURCES.txt'
[6.272s] Built target ament_cmake_python_build_point_cal_egg
[6.329s] Invoked command in '/home/saun/ctrl_mr_dynamic/build/point_cal' returned '0': CMAKE_PREFIX_PATH=${CMAKE_PREFIX_PATH}:/home/saun/ctrl_mr_dynamic/install/simple_control_pkg:/home/saun/ctrl_mr_dynamic/install/force_control_exp:/home/saun/ctrl_mr_dynamic/install/differential_robot:/opt/ros/humble /usr/bin/cmake --build /home/saun/ctrl_mr_dynamic/build/point_cal -- -j8 -l8
[6.500s] Invoking command in '/home/saun/ctrl_mr_dynamic/build/point_cal': CMAKE_PREFIX_PATH=${CMAKE_PREFIX_PATH}:/home/saun/ctrl_mr_dynamic/install/simple_control_pkg:/home/saun/ctrl_mr_dynamic/install/force_control_exp:/home/saun/ctrl_mr_dynamic/install/differential_robot:/opt/ros/humble /usr/bin/cmake --install /home/saun/ctrl_mr_dynamic/build/point_cal
[6.526s] -- Install configuration: ""
[6.526s] -- Installing: /home/saun/ctrl_mr_dynamic/install/point_cal/share/point_cal/environment/pythonpath.sh
[6.527s] -- Installing: /home/saun/ctrl_mr_dynamic/install/point_cal/share/point_cal/environment/pythonpath.dsv
[6.528s] -- Installing: /home/saun/ctrl_mr_dynamic/install/point_cal/local/lib/python3.10/dist-packages/point_cal-1.0.0-py3.10.egg-info
[6.529s] -- Installing: /home/saun/ctrl_mr_dynamic/install/point_cal/local/lib/python3.10/dist-packages/point_cal-1.0.0-py3.10.egg-info/dependency_links.txt
[6.529s] -- Installing: /home/saun/ctrl_mr_dynamic/install/point_cal/local/lib/python3.10/dist-packages/point_cal-1.0.0-py3.10.egg-info/top_level.txt
[6.530s] -- Installing: /home/saun/ctrl_mr_dynamic/install/point_cal/local/lib/python3.10/dist-packages/point_cal-1.0.0-py3.10.egg-info/SOURCES.txt
[6.531s] -- Installing: /home/saun/ctrl_mr_dynamic/install/point_cal/local/lib/python3.10/dist-packages/point_cal-1.0.0-py3.10.egg-info/PKG-INFO
[6.532s] -- Installing: /home/saun/ctrl_mr_dynamic/install/point_cal/local/lib/python3.10/dist-packages/point_cal
[6.532s] -- Installing: /home/saun/ctrl_mr_dynamic/install/point_cal/local/lib/python3.10/dist-packages/point_cal/__init__.py
[6.617s] Listing '/home/saun/ctrl_mr_dynamic/install/point_cal/local/lib/python3.10/dist-packages/point_cal'...
[6.618s] Compiling '/home/saun/ctrl_mr_dynamic/install/point_cal/local/lib/python3.10/dist-packages/point_cal/__init__.py'...
[6.628s] -- Installing: /home/saun/ctrl_mr_dynamic/install/point_cal/lib/point_cal/point_cal.py
[6.628s] -- Installing: /home/saun/ctrl_mr_dynamic/install/point_cal/lib/point_cal/point_cal_gazebo.launch.py
[6.629s] -- Installing: /home/saun/ctrl_mr_dynamic/install/point_cal/lib/point_cal/point_cal_real.launch.py
[6.629s] -- Installing: /home/saun/ctrl_mr_dynamic/install/point_cal/share/point_cal/launch
[6.630s] -- Installing: /home/saun/ctrl_mr_dynamic/install/point_cal/share/point_cal/launch/point_cal_real.launch.py
[6.630s] -- Installing: /home/saun/ctrl_mr_dynamic/install/point_cal/share/point_cal/launch/point_cal_gazebo.launch.py
[6.631s] -- Installing: /home/saun/ctrl_mr_dynamic/install/point_cal/share/point_cal/config
[6.631s] -- Installing: /home/saun/ctrl_mr_dynamic/install/point_cal/share/point_cal/config/params_gazebo.yaml
[6.632s] -- Installing: /home/saun/ctrl_mr_dynamic/install/point_cal/share/point_cal/config/params.yaml
[6.632s] -- Installing: /home/saun/ctrl_mr_dynamic/install/point_cal/share/point_cal/rviz2
[6.633s] -- Installing: /home/saun/ctrl_mr_dynamic/install/point_cal/share/point_cal/rviz2/row_detection.rviz
[6.633s] -- Installing: /home/saun/ctrl_mr_dynamic/install/point_cal/share/ament_index/resource_index/package_run_dependencies/point_cal
[6.635s] -- Installing: /home/saun/ctrl_mr_dynamic/install/point_cal/share/ament_index/resource_index/parent_prefix_path/point_cal
[6.636s] -- Installing: /home/saun/ctrl_mr_dynamic/install/point_cal/share/point_cal/environment/ament_prefix_path.sh
[6.636s] -- Installing: /home/saun/ctrl_mr_dynamic/install/point_cal/share/point_cal/environment/ament_prefix_path.dsv
[6.637s] -- Installing: /home/saun/ctrl_mr_dynamic/install/point_cal/share/point_cal/environment/path.sh
[6.638s] -- Installing: /home/saun/ctrl_mr_dynamic/install/point_cal/share/point_cal/environment/path.dsv
[6.638s] -- Installing: /home/saun/ctrl_mr_dynamic/install/point_cal/share/point_cal/local_setup.bash
[6.639s] -- Installing: /home/saun/ctrl_mr_dynamic/install/point_cal/share/point_cal/local_setup.sh
[6.639s] -- Installing: /home/saun/ctrl_mr_dynamic/install/point_cal/share/point_cal/local_setup.zsh
[6.640s] -- Installing: /home/saun/ctrl_mr_dynamic/install/point_cal/share/point_cal/local_setup.dsv
[6.641s] -- Installing: /home/saun/ctrl_mr_dynamic/install/point_cal/share/point_cal/package.dsv
[6.641s] -- Installing: /home/saun/ctrl_mr_dynamic/install/point_cal/share/ament_index/resource_index/packages/point_cal
[6.642s] -- Installing: /home/saun/ctrl_mr_dynamic/install/point_cal/share/point_cal/cmake/point_calConfig.cmake
[6.643s] -- Installing: /home/saun/ctrl_mr_dynamic/install/point_cal/share/point_cal/cmake/point_calConfig-version.cmake
[6.643s] -- Installing: /home/saun/ctrl_mr_dynamic/install/point_cal/share/point_cal/package.xml
[6.648s] Invoked command in '/home/saun/ctrl_mr_dynamic/build/point_cal' returned '0': CMAKE_PREFIX_PATH=${CMAKE_PREFIX_PATH}:/home/saun/ctrl_mr_dynamic/install/simple_control_pkg:/home/saun/ctrl_mr_dynamic/install/force_control_exp:/home/saun/ctrl_mr_dynamic/install/differential_robot:/opt/ros/humble /usr/bin/cmake --install /home/saun/ctrl_mr_dynamic/build/point_cal
