/home/saun/ctrl_mr_dynamic/install/differential_robot/lib/python3.10/site-packages/differential_robot/__init__.py
/home/saun/ctrl_mr_dynamic/install/differential_robot/lib/python3.10/site-packages/differential_robot/__pycache__/__init__.cpython-310.pyc
/home/saun/ctrl_mr_dynamic/install/differential_robot/share/ament_index/resource_index/packages/differential_robot
/home/saun/ctrl_mr_dynamic/install/differential_robot/share/differential_robot/package.xml
/home/saun/ctrl_mr_dynamic/install/differential_robot/share/differential_robot/launch/example.launch.py
/home/saun/ctrl_mr_dynamic/install/differential_robot/share/differential_robot/launch/classic_spawn_diffbot.launch.py
/home/saun/ctrl_mr_dynamic/install/differential_robot/share/differential_robot/launch/spawn_diffbot.launch.xml
/home/saun/ctrl_mr_dynamic/install/differential_robot/share/differential_robot/launch/spawn_diffbot.launch.py
/home/saun/ctrl_mr_dynamic/install/differential_robot/share/differential_robot/models/HDL32E_base.stl
/home/saun/ctrl_mr_dynamic/install/differential_robot/share/differential_robot/models/r200.dae
/home/saun/ctrl_mr_dynamic/install/differential_robot/share/differential_robot/models/hokuyo.dae
/home/saun/ctrl_mr_dynamic/install/differential_robot/share/differential_robot/models/VLP16_scan.dae
/home/saun/ctrl_mr_dynamic/install/differential_robot/share/differential_robot/models/astra.dae
/home/saun/ctrl_mr_dynamic/install/differential_robot/share/differential_robot/models/diffbot_irl.sdf
/home/saun/ctrl_mr_dynamic/install/differential_robot/share/differential_robot/models/base_link.STL
/home/saun/ctrl_mr_dynamic/install/differential_robot/share/differential_robot/models/VLP16_base_2.dae
/home/saun/ctrl_mr_dynamic/install/differential_robot/share/differential_robot/models/simple_hallway.sdf
/home/saun/ctrl_mr_dynamic/install/differential_robot/share/differential_robot/models/kinectv2.stl
/home/saun/ctrl_mr_dynamic/install/differential_robot/share/differential_robot/models/HDL32E_scan.stl
/home/saun/ctrl_mr_dynamic/install/differential_robot/share/differential_robot/models/VLP16_base_1.stl
/home/saun/ctrl_mr_dynamic/install/differential_robot/share/differential_robot/models/VLP16_scan.stl
/home/saun/ctrl_mr_dynamic/install/differential_robot/share/differential_robot/models/HDL32E_scan.dae
/home/saun/ctrl_mr_dynamic/install/differential_robot/share/differential_robot/models/HDL32E_base.dae
/home/saun/ctrl_mr_dynamic/install/differential_robot/share/differential_robot/models/VLP16_base_1.dae
/home/saun/ctrl_mr_dynamic/install/differential_robot/share/differential_robot/models/simplebot.sdf
/home/saun/ctrl_mr_dynamic/install/differential_robot/share/differential_robot/models/kinectv2.dae
/home/saun/ctrl_mr_dynamic/install/differential_robot/share/differential_robot/models/lds.stl
/home/saun/ctrl_mr_dynamic/install/differential_robot/share/differential_robot/models/kinectv2_nobase.stl
/home/saun/ctrl_mr_dynamic/install/differential_robot/share/differential_robot/models/left_tire.stl
/home/saun/ctrl_mr_dynamic/install/differential_robot/share/differential_robot/models/right_tire.stl
/home/saun/ctrl_mr_dynamic/install/differential_robot/share/differential_robot/models/VLP16_base_2.stl
/home/saun/ctrl_mr_dynamic/install/differential_robot/share/differential_robot/models/empty.sdf
/home/saun/ctrl_mr_dynamic/install/differential_robot/share/differential_robot/models/diffbot_realsize.urdf
/home/saun/ctrl_mr_dynamic/install/differential_robot/share/differential_robot/models/cover_link.STL
/home/saun/ctrl_mr_dynamic/install/differential_robot/share/differential_robot/models/kinectv2_nobase.dae
/home/saun/ctrl_mr_dynamic/install/differential_robot/share/differential_robot/urdf/diffbot_realsize.urdf
/home/saun/ctrl_mr_dynamic/install/differential_robot/share/differential_robot/urdf/diffbot_classic_gazebo.urdf
/home/saun/ctrl_mr_dynamic/install/differential_robot/share/differential_robot/worlds/hallway.world
/home/saun/ctrl_mr_dynamic/install/differential_robot/share/differential_robot/worlds/empty_world.world
/home/saun/ctrl_mr_dynamic/install/differential_robot/share/differential_robot/worlds/single_actor.world
/home/saun/ctrl_mr_dynamic/install/differential_robot/share/differential_robot/worlds/simple_hallway.world
/home/saun/ctrl_mr_dynamic/install/differential_robot/lib/python3.10/site-packages/differential_robot-0.0.0-py3.10.egg-info/dependency_links.txt
/home/saun/ctrl_mr_dynamic/install/differential_robot/lib/python3.10/site-packages/differential_robot-0.0.0-py3.10.egg-info/top_level.txt
/home/saun/ctrl_mr_dynamic/install/differential_robot/lib/python3.10/site-packages/differential_robot-0.0.0-py3.10.egg-info/SOURCES.txt
/home/saun/ctrl_mr_dynamic/install/differential_robot/lib/python3.10/site-packages/differential_robot-0.0.0-py3.10.egg-info/entry_points.txt
/home/saun/ctrl_mr_dynamic/install/differential_robot/lib/python3.10/site-packages/differential_robot-0.0.0-py3.10.egg-info/zip-safe
/home/saun/ctrl_mr_dynamic/install/differential_robot/lib/python3.10/site-packages/differential_robot-0.0.0-py3.10.egg-info/PKG-INFO
/home/saun/ctrl_mr_dynamic/install/differential_robot/lib/python3.10/site-packages/differential_robot-0.0.0-py3.10.egg-info/requires.txt
