[0.034s] Invoking command in '/home/saun/ctrl_mr_dynamic/build/visual_control_v1': CMAKE_PREFIX_PATH=${CMAKE_PREFIX_PATH}:/home/saun/ctrl_mr_dynamic/install/simple_control_pkg:/home/saun/ctrl_mr_dynamic/install/force_control_exp:/home/saun/ctrl_mr_dynamic/install/differential_robot:/opt/ros/humble /usr/bin/cmake --build /home/saun/ctrl_mr_dynamic/build/visual_control_v1 -- -j8 -l8
[0.122s] Built target ament_cmake_python_copy_visual_control_v1
[0.505s] running egg_info
[0.507s] writing visual_control_v1.egg-info/PKG-INFO
[0.507s] writing dependency_links to visual_control_v1.egg-info/dependency_links.txt
[0.507s] writing top-level names to visual_control_v1.egg-info/top_level.txt
[0.510s] reading manifest file 'visual_control_v1.egg-info/SOURCES.txt'
[0.511s] writing manifest file 'visual_control_v1.egg-info/SOURCES.txt'
[0.542s] Built target ament_cmake_python_build_visual_control_v1_egg
[0.556s] Invoked command in '/home/saun/ctrl_mr_dynamic/build/visual_control_v1' returned '0': CMAKE_PREFIX_PATH=${CMAKE_PREFIX_PATH}:/home/saun/ctrl_mr_dynamic/install/simple_control_pkg:/home/saun/ctrl_mr_dynamic/install/force_control_exp:/home/saun/ctrl_mr_dynamic/install/differential_robot:/opt/ros/humble /usr/bin/cmake --build /home/saun/ctrl_mr_dynamic/build/visual_control_v1 -- -j8 -l8
[0.594s] Invoking command in '/home/saun/ctrl_mr_dynamic/build/visual_control_v1': CMAKE_PREFIX_PATH=${CMAKE_PREFIX_PATH}:/home/saun/ctrl_mr_dynamic/install/simple_control_pkg:/home/saun/ctrl_mr_dynamic/install/force_control_exp:/home/saun/ctrl_mr_dynamic/install/differential_robot:/opt/ros/humble /usr/bin/cmake --install /home/saun/ctrl_mr_dynamic/build/visual_control_v1
[0.604s] -- Install configuration: ""
[0.604s] -- Up-to-date: /home/saun/ctrl_mr_dynamic/install/visual_control_v1/share/visual_control_v1/environment/pythonpath.sh
[0.605s] -- Up-to-date: /home/saun/ctrl_mr_dynamic/install/visual_control_v1/share/visual_control_v1/environment/pythonpath.dsv
[0.605s] -- Up-to-date: /home/saun/ctrl_mr_dynamic/install/visual_control_v1/local/lib/python3.10/dist-packages/visual_control_v1-1.0.0-py3.10.egg-info
[0.605s] -- Installing: /home/saun/ctrl_mr_dynamic/install/visual_control_v1/local/lib/python3.10/dist-packages/visual_control_v1-1.0.0-py3.10.egg-info/dependency_links.txt
[0.605s] -- Installing: /home/saun/ctrl_mr_dynamic/install/visual_control_v1/local/lib/python3.10/dist-packages/visual_control_v1-1.0.0-py3.10.egg-info/top_level.txt
[0.605s] -- Installing: /home/saun/ctrl_mr_dynamic/install/visual_control_v1/local/lib/python3.10/dist-packages/visual_control_v1-1.0.0-py3.10.egg-info/SOURCES.txt
[0.605s] -- Installing: /home/saun/ctrl_mr_dynamic/install/visual_control_v1/local/lib/python3.10/dist-packages/visual_control_v1-1.0.0-py3.10.egg-info/PKG-INFO
[0.606s] -- Up-to-date: /home/saun/ctrl_mr_dynamic/install/visual_control_v1/local/lib/python3.10/dist-packages/visual_control_v1
[0.606s] -- Up-to-date: /home/saun/ctrl_mr_dynamic/install/visual_control_v1/local/lib/python3.10/dist-packages/visual_control_v1/__init__.py
[0.651s] Listing '/home/saun/ctrl_mr_dynamic/install/visual_control_v1/local/lib/python3.10/dist-packages/visual_control_v1'...
[0.657s] -- Up-to-date: /home/saun/ctrl_mr_dynamic/install/visual_control_v1/lib/visual_control_v1/irobot_PID.py
[0.657s] -- Up-to-date: /home/saun/ctrl_mr_dynamic/install/visual_control_v1/lib/visual_control_v1/irobot_PID.launch.py
[0.657s] -- Up-to-date: /home/saun/ctrl_mr_dynamic/install/visual_control_v1/share/visual_control_v1/launch
[0.657s] -- Up-to-date: /home/saun/ctrl_mr_dynamic/install/visual_control_v1/share/visual_control_v1/launch/irobot_PID.launch.py
[0.658s] -- Up-to-date: /home/saun/ctrl_mr_dynamic/install/visual_control_v1/share/visual_control_v1/config
[0.659s] -- Up-to-date: /home/saun/ctrl_mr_dynamic/install/visual_control_v1/share/visual_control_v1/config/params.yaml
[0.660s] -- Up-to-date: /home/saun/ctrl_mr_dynamic/install/visual_control_v1/share/ament_index/resource_index/package_run_dependencies/visual_control_v1
[0.661s] -- Up-to-date: /home/saun/ctrl_mr_dynamic/install/visual_control_v1/share/ament_index/resource_index/parent_prefix_path/visual_control_v1
[0.661s] -- Up-to-date: /home/saun/ctrl_mr_dynamic/install/visual_control_v1/share/visual_control_v1/environment/ament_prefix_path.sh
[0.661s] -- Up-to-date: /home/saun/ctrl_mr_dynamic/install/visual_control_v1/share/visual_control_v1/environment/ament_prefix_path.dsv
[0.661s] -- Up-to-date: /home/saun/ctrl_mr_dynamic/install/visual_control_v1/share/visual_control_v1/environment/path.sh
[0.663s] -- Up-to-date: /home/saun/ctrl_mr_dynamic/install/visual_control_v1/share/visual_control_v1/environment/path.dsv
[0.663s] -- Up-to-date: /home/saun/ctrl_mr_dynamic/install/visual_control_v1/share/visual_control_v1/local_setup.bash
[0.663s] -- Up-to-date: /home/saun/ctrl_mr_dynamic/install/visual_control_v1/share/visual_control_v1/local_setup.sh
[0.663s] -- Up-to-date: /home/saun/ctrl_mr_dynamic/install/visual_control_v1/share/visual_control_v1/local_setup.zsh
[0.664s] -- Up-to-date: /home/saun/ctrl_mr_dynamic/install/visual_control_v1/share/visual_control_v1/local_setup.dsv
[0.664s] -- Installing: /home/saun/ctrl_mr_dynamic/install/visual_control_v1/share/visual_control_v1/package.dsv
[0.664s] -- Up-to-date: /home/saun/ctrl_mr_dynamic/install/visual_control_v1/share/ament_index/resource_index/packages/visual_control_v1
[0.665s] -- Up-to-date: /home/saun/ctrl_mr_dynamic/install/visual_control_v1/share/visual_control_v1/cmake/visual_control_v1Config.cmake
[0.665s] -- Up-to-date: /home/saun/ctrl_mr_dynamic/install/visual_control_v1/share/visual_control_v1/cmake/visual_control_v1Config-version.cmake
[0.665s] -- Up-to-date: /home/saun/ctrl_mr_dynamic/install/visual_control_v1/share/visual_control_v1/package.xml
[0.666s] Invoked command in '/home/saun/ctrl_mr_dynamic/build/visual_control_v1' returned '0': CMAKE_PREFIX_PATH=${CMAKE_PREFIX_PATH}:/home/saun/ctrl_mr_dynamic/install/simple_control_pkg:/home/saun/ctrl_mr_dynamic/install/force_control_exp:/home/saun/ctrl_mr_dynamic/install/differential_robot:/opt/ros/humble /usr/bin/cmake --install /home/saun/ctrl_mr_dynamic/build/visual_control_v1
