[0.718s] Invoking command in '/home/saun/ctrl_mr_dynamic/build/obstacle_detect': CMAKE_PREFIX_PATH=${CMAKE_PREFIX_PATH}:/home/saun/ctrl_mr_dynamic/install/simple_control_pkg:/home/saun/ctrl_mr_dynamic/install/force_control_exp:/home/saun/ctrl_mr_dynamic/install/differential_robot:/opt/ros/humble /usr/bin/cmake --build /home/saun/ctrl_mr_dynamic/build/obstacle_detect -- -j8 -l8
[0.829s] Built target ament_cmake_python_copy_obstacle_detect
[1.484s] running egg_info
[1.486s] writing obstacle_detect.egg-info/PKG-INFO
[1.487s] writing dependency_links to obstacle_detect.egg-info/dependency_links.txt
[1.488s] writing top-level names to obstacle_detect.egg-info/top_level.txt
[1.489s] reading manifest file 'obstacle_detect.egg-info/SOURCES.txt'
[1.492s] writing manifest file 'obstacle_detect.egg-info/SOURCES.txt'
[1.571s] Built target ament_cmake_python_build_obstacle_detect_egg
[1.621s] Invoked command in '/home/saun/ctrl_mr_dynamic/build/obstacle_detect' returned '0': CMAKE_PREFIX_PATH=${CMAKE_PREFIX_PATH}:/home/saun/ctrl_mr_dynamic/install/simple_control_pkg:/home/saun/ctrl_mr_dynamic/install/force_control_exp:/home/saun/ctrl_mr_dynamic/install/differential_robot:/opt/ros/humble /usr/bin/cmake --build /home/saun/ctrl_mr_dynamic/build/obstacle_detect -- -j8 -l8
[1.690s] Invoking command in '/home/saun/ctrl_mr_dynamic/build/obstacle_detect': CMAKE_PREFIX_PATH=${CMAKE_PREFIX_PATH}:/home/saun/ctrl_mr_dynamic/install/simple_control_pkg:/home/saun/ctrl_mr_dynamic/install/force_control_exp:/home/saun/ctrl_mr_dynamic/install/differential_robot:/opt/ros/humble /usr/bin/cmake --install /home/saun/ctrl_mr_dynamic/build/obstacle_detect
[1.719s] -- Install configuration: ""
[1.719s] -- Up-to-date: /home/saun/ctrl_mr_dynamic/install/obstacle_detect/share/obstacle_detect/environment/pythonpath.sh
[1.719s] -- Up-to-date: /home/saun/ctrl_mr_dynamic/install/obstacle_detect/share/obstacle_detect/environment/pythonpath.dsv
[1.720s] -- Up-to-date: /home/saun/ctrl_mr_dynamic/install/obstacle_detect/local/lib/python3.10/dist-packages/obstacle_detect-1.0.0-py3.10.egg-info
[1.720s] -- Installing: /home/saun/ctrl_mr_dynamic/install/obstacle_detect/local/lib/python3.10/dist-packages/obstacle_detect-1.0.0-py3.10.egg-info/dependency_links.txt
[1.720s] -- Installing: /home/saun/ctrl_mr_dynamic/install/obstacle_detect/local/lib/python3.10/dist-packages/obstacle_detect-1.0.0-py3.10.egg-info/top_level.txt
[1.720s] -- Installing: /home/saun/ctrl_mr_dynamic/install/obstacle_detect/local/lib/python3.10/dist-packages/obstacle_detect-1.0.0-py3.10.egg-info/SOURCES.txt
[1.720s] -- Installing: /home/saun/ctrl_mr_dynamic/install/obstacle_detect/local/lib/python3.10/dist-packages/obstacle_detect-1.0.0-py3.10.egg-info/PKG-INFO
[1.720s] -- Up-to-date: /home/saun/ctrl_mr_dynamic/install/obstacle_detect/local/lib/python3.10/dist-packages/obstacle_detect
[1.720s] -- Up-to-date: /home/saun/ctrl_mr_dynamic/install/obstacle_detect/local/lib/python3.10/dist-packages/obstacle_detect/__init__.py
[1.782s] Listing '/home/saun/ctrl_mr_dynamic/install/obstacle_detect/local/lib/python3.10/dist-packages/obstacle_detect'...
[1.784s] -- Up-to-date: /home/saun/ctrl_mr_dynamic/install/obstacle_detect/lib/obstacle_detect/cost_map.py
[1.784s] -- Up-to-date: /home/saun/ctrl_mr_dynamic/install/obstacle_detect/lib/obstacle_detect/cost_map.launch.py
[1.784s] -- Up-to-date: /home/saun/ctrl_mr_dynamic/install/obstacle_detect/share/obstacle_detect/launch
[1.785s] -- Up-to-date: /home/saun/ctrl_mr_dynamic/install/obstacle_detect/share/obstacle_detect/launch/cost_map.launch.py
[1.785s] -- Up-to-date: /home/saun/ctrl_mr_dynamic/install/obstacle_detect/share/obstacle_detect/config
[1.785s] -- Up-to-date: /home/saun/ctrl_mr_dynamic/install/obstacle_detect/share/obstacle_detect/config/params.yaml
[1.786s] -- Up-to-date: /home/saun/ctrl_mr_dynamic/install/obstacle_detect/share/ament_index/resource_index/package_run_dependencies/obstacle_detect
[1.786s] -- Up-to-date: /home/saun/ctrl_mr_dynamic/install/obstacle_detect/share/ament_index/resource_index/parent_prefix_path/obstacle_detect
[1.786s] -- Up-to-date: /home/saun/ctrl_mr_dynamic/install/obstacle_detect/share/obstacle_detect/environment/ament_prefix_path.sh
[1.786s] -- Up-to-date: /home/saun/ctrl_mr_dynamic/install/obstacle_detect/share/obstacle_detect/environment/ament_prefix_path.dsv
[1.786s] -- Up-to-date: /home/saun/ctrl_mr_dynamic/install/obstacle_detect/share/obstacle_detect/environment/path.sh
[1.786s] -- Up-to-date: /home/saun/ctrl_mr_dynamic/install/obstacle_detect/share/obstacle_detect/environment/path.dsv
[1.786s] -- Up-to-date: /home/saun/ctrl_mr_dynamic/install/obstacle_detect/share/obstacle_detect/local_setup.bash
[1.787s] -- Up-to-date: /home/saun/ctrl_mr_dynamic/install/obstacle_detect/share/obstacle_detect/local_setup.sh
[1.787s] -- Up-to-date: /home/saun/ctrl_mr_dynamic/install/obstacle_detect/share/obstacle_detect/local_setup.zsh
[1.787s] -- Up-to-date: /home/saun/ctrl_mr_dynamic/install/obstacle_detect/share/obstacle_detect/local_setup.dsv
[1.788s] -- Installing: /home/saun/ctrl_mr_dynamic/install/obstacle_detect/share/obstacle_detect/package.dsv
[1.789s] -- Up-to-date: /home/saun/ctrl_mr_dynamic/install/obstacle_detect/share/ament_index/resource_index/packages/obstacle_detect
[1.789s] -- Up-to-date: /home/saun/ctrl_mr_dynamic/install/obstacle_detect/share/obstacle_detect/cmake/obstacle_detectConfig.cmake
[1.789s] -- Up-to-date: /home/saun/ctrl_mr_dynamic/install/obstacle_detect/share/obstacle_detect/cmake/obstacle_detectConfig-version.cmake
[1.789s] -- Up-to-date: /home/saun/ctrl_mr_dynamic/install/obstacle_detect/share/obstacle_detect/package.xml
[1.804s] Invoked command in '/home/saun/ctrl_mr_dynamic/build/obstacle_detect' returned '0': CMAKE_PREFIX_PATH=${CMAKE_PREFIX_PATH}:/home/saun/ctrl_mr_dynamic/install/simple_control_pkg:/home/saun/ctrl_mr_dynamic/install/force_control_exp:/home/saun/ctrl_mr_dynamic/install/differential_robot:/opt/ros/humble /usr/bin/cmake --install /home/saun/ctrl_mr_dynamic/build/obstacle_detect
