[ 10%] [32mBuilding CXX object CMakeFiles/laserscan_to_pointcloud.dir/src/laserscan_to_pointcloud_node.cpp.o[0m
[ 20%] [32mBuilding CXX object CMakeFiles/laserscan_to_pointcloud_node.dir/rclcpp_components/node_main_laserscan_to_pointcloud_node.cpp.o[0m
[ 30%] [32mBuilding CXX object CMakeFiles/pointcloud_to_laserscan_node.dir/rclcpp_components/node_main_pointcloud_to_laserscan_node.cpp.o[0m
[ 40%] [32m[1mLinking CXX executable pointcloud_to_laserscan_node[0m
[ 50%] [32m[1mLinking CXX executable laserscan_to_pointcloud_node[0m
[ 50%] Built target pointcloud_to_laserscan_node
[ 50%] Built target laserscan_to_pointcloud_node
[ 60%] [32m[1mLinking CXX shared library liblaserscan_to_pointcloud.so[0m
[ 60%] Built target laserscan_to_pointcloud
[ 70%] [32mBuilding CXX object CMakeFiles/pointcloud_to_laserscan.dir/src/pointcloud_to_laserscan_node.cpp.o[0m
[ 80%] [32m[1mLinking CXX shared library libpointcloud_to_laserscan.so[0m
[ 80%] Built target pointcloud_to_laserscan
[ 90%] [32mBuilding CXX object CMakeFiles/dummy_pointcloud_publisher.dir/src/dummy_pointcloud_publisher.cpp.o[0m
[100%] [32m[1mLinking CXX executable dummy_pointcloud_publisher[0m
[100%] Built target dummy_pointcloud_publisher
-- Install configuration: ""
-- Installing: /home/saun/ctrl_mr_dynamic/install/pointcloud_to_laserscan/lib/pointcloud_to_laserscan/laserscan_to_pointcloud_node
-- Set runtime path of "/home/saun/ctrl_mr_dynamic/install/pointcloud_to_laserscan/lib/pointcloud_to_laserscan/laserscan_to_pointcloud_node" to ""
-- Installing: /home/saun/ctrl_mr_dynamic/install/pointcloud_to_laserscan/lib/pointcloud_to_laserscan/pointcloud_to_laserscan_node
-- Set runtime path of "/home/saun/ctrl_mr_dynamic/install/pointcloud_to_laserscan/lib/pointcloud_to_laserscan/pointcloud_to_laserscan_node" to ""
-- Up-to-date: /home/saun/ctrl_mr_dynamic/install/pointcloud_to_laserscan/include
-- Up-to-date: /home/saun/ctrl_mr_dynamic/install/pointcloud_to_laserscan/include/pointcloud_to_laserscan
-- Up-to-date: /home/saun/ctrl_mr_dynamic/install/pointcloud_to_laserscan/include/pointcloud_to_laserscan/visibility_control.h
-- Up-to-date: /home/saun/ctrl_mr_dynamic/install/pointcloud_to_laserscan/include/pointcloud_to_laserscan/pointcloud_to_laserscan_node.hpp
-- Up-to-date: /home/saun/ctrl_mr_dynamic/install/pointcloud_to_laserscan/include/pointcloud_to_laserscan/laserscan_to_pointcloud_node.hpp
-- Up-to-date: /home/saun/ctrl_mr_dynamic/install/pointcloud_to_laserscan/share/pointcloud_to_laserscan/environment/library_path.sh
-- Up-to-date: /home/saun/ctrl_mr_dynamic/install/pointcloud_to_laserscan/share/pointcloud_to_laserscan/environment/library_path.dsv
-- Installing: /home/saun/ctrl_mr_dynamic/install/pointcloud_to_laserscan/lib/liblaserscan_to_pointcloud.so
-- Set runtime path of "/home/saun/ctrl_mr_dynamic/install/pointcloud_to_laserscan/lib/liblaserscan_to_pointcloud.so" to ""
-- Installing: /home/saun/ctrl_mr_dynamic/install/pointcloud_to_laserscan/lib/libpointcloud_to_laserscan.so
-- Set runtime path of "/home/saun/ctrl_mr_dynamic/install/pointcloud_to_laserscan/lib/libpointcloud_to_laserscan.so" to ""
-- Installing: /home/saun/ctrl_mr_dynamic/install/pointcloud_to_laserscan/lib/pointcloud_to_laserscan/dummy_pointcloud_publisher
-- Set runtime path of "/home/saun/ctrl_mr_dynamic/install/pointcloud_to_laserscan/lib/pointcloud_to_laserscan/dummy_pointcloud_publisher" to ""
-- Up-to-date: /home/saun/ctrl_mr_dynamic/install/pointcloud_to_laserscan/share/pointcloud_to_laserscan/launch
-- Up-to-date: /home/saun/ctrl_mr_dynamic/install/pointcloud_to_laserscan/share/pointcloud_to_laserscan/launch/sample_pointcloud_to_laserscan_launch.py
-- Up-to-date: /home/saun/ctrl_mr_dynamic/install/pointcloud_to_laserscan/share/pointcloud_to_laserscan/launch/pointcloud_to_laserscan_launch.py
-- Up-to-date: /home/saun/ctrl_mr_dynamic/install/pointcloud_to_laserscan/share/pointcloud_to_laserscan/launch/sample_laserscan_to_pointcloud_launch.py
-- Up-to-date: /home/saun/ctrl_mr_dynamic/install/pointcloud_to_laserscan/share/ament_index/resource_index/package_run_dependencies/pointcloud_to_laserscan
-- Up-to-date: /home/saun/ctrl_mr_dynamic/install/pointcloud_to_laserscan/share/ament_index/resource_index/parent_prefix_path/pointcloud_to_laserscan
-- Up-to-date: /home/saun/ctrl_mr_dynamic/install/pointcloud_to_laserscan/share/pointcloud_to_laserscan/environment/ament_prefix_path.sh
-- Up-to-date: /home/saun/ctrl_mr_dynamic/install/pointcloud_to_laserscan/share/pointcloud_to_laserscan/environment/ament_prefix_path.dsv
-- Up-to-date: /home/saun/ctrl_mr_dynamic/install/pointcloud_to_laserscan/share/pointcloud_to_laserscan/environment/path.sh
-- Up-to-date: /home/saun/ctrl_mr_dynamic/install/pointcloud_to_laserscan/share/pointcloud_to_laserscan/environment/path.dsv
-- Up-to-date: /home/saun/ctrl_mr_dynamic/install/pointcloud_to_laserscan/share/pointcloud_to_laserscan/local_setup.bash
-- Up-to-date: /home/saun/ctrl_mr_dynamic/install/pointcloud_to_laserscan/share/pointcloud_to_laserscan/local_setup.sh
-- Up-to-date: /home/saun/ctrl_mr_dynamic/install/pointcloud_to_laserscan/share/pointcloud_to_laserscan/local_setup.zsh
-- Up-to-date: /home/saun/ctrl_mr_dynamic/install/pointcloud_to_laserscan/share/pointcloud_to_laserscan/local_setup.dsv
-- Installing: /home/saun/ctrl_mr_dynamic/install/pointcloud_to_laserscan/share/pointcloud_to_laserscan/package.dsv
-- Up-to-date: /home/saun/ctrl_mr_dynamic/install/pointcloud_to_laserscan/share/ament_index/resource_index/packages/pointcloud_to_laserscan
-- Up-to-date: /home/saun/ctrl_mr_dynamic/install/pointcloud_to_laserscan/share/ament_index/resource_index/rclcpp_components/pointcloud_to_laserscan
-- Up-to-date: /home/saun/ctrl_mr_dynamic/install/pointcloud_to_laserscan/share/pointcloud_to_laserscan/cmake/ament_cmake_export_dependencies-extras.cmake
-- Up-to-date: /home/saun/ctrl_mr_dynamic/install/pointcloud_to_laserscan/share/pointcloud_to_laserscan/cmake/ament_cmake_export_include_directories-extras.cmake
-- Up-to-date: /home/saun/ctrl_mr_dynamic/install/pointcloud_to_laserscan/share/pointcloud_to_laserscan/cmake/ament_cmake_export_libraries-extras.cmake
-- Up-to-date: /home/saun/ctrl_mr_dynamic/install/pointcloud_to_laserscan/share/pointcloud_to_laserscan/cmake/pointcloud_to_laserscanConfig.cmake
-- Up-to-date: /home/saun/ctrl_mr_dynamic/install/pointcloud_to_laserscan/share/pointcloud_to_laserscan/cmake/pointcloud_to_laserscanConfig-version.cmake
-- Up-to-date: /home/saun/ctrl_mr_dynamic/install/pointcloud_to_laserscan/share/pointcloud_to_laserscan/package.xml
